ARM GAS  C:\Users\ncer\AppData\Local\Temp\ccBYMJG8.s 			page 1


   1              		.cpu cortex-m3
   2              		.eabi_attribute 20, 1
   3              		.eabi_attribute 21, 1
   4              		.eabi_attribute 23, 3
   5              		.eabi_attribute 24, 1
   6              		.eabi_attribute 25, 1
   7              		.eabi_attribute 26, 1
   8              		.eabi_attribute 30, 1
   9              		.eabi_attribute 34, 1
  10              		.eabi_attribute 18, 4
  11              		.file	"command.c"
  12              		.text
  13              	.Ltext0:
  14              		.cfi_sections	.debug_frame
  15              		.global	__aeabi_d2f
  16              		.section	.text.get_prams,"ax",%progbits
  17              		.align	1
  18              		.arch armv7-m
  19              		.syntax unified
  20              		.thumb
  21              		.thumb_func
  22              		.fpu softvfp
  24              	get_prams:
  25              	.LVL0:
  26              	.LFB68:
  27              		.file 1 "mylib/command.c"
   1:mylib/command.c **** #include <stdio.h>
   2:mylib/command.c **** #include <stdlib.h>
   3:mylib/command.c **** #include "command.h"
   4:mylib/command.c **** #include "usart.h"
   5:mylib/command.c **** #include "ctype.h"
   6:mylib/command.c **** #include "uart_ext.h"
   7:mylib/command.c **** 
   8:mylib/command.c **** 
   9:mylib/command.c **** struct {
  10:mylib/command.c ****   char * array[CMD_MAX_NUM];
  11:mylib/command.c ****   int array_ptr;
  12:mylib/command.c ****   cmdFunc func_array[CMD_MAX_NUM];
  13:mylib/command.c **** }CMD;
  14:mylib/command.c **** 
  15:mylib/command.c **** 
  16:mylib/command.c **** 
  17:mylib/command.c **** 
  18:mylib/command.c **** #define STRING_PRAM_NUM 4
  19:mylib/command.c **** #define FLOAT_PRAM_NUM  4
  20:mylib/command.c **** 
  21:mylib/command.c **** static int16_t get_prams(char *s,char *** string_prams,float ** float_prams){
  28              		.loc 1 21 77 view -0
  29              		.cfi_startproc
  30              		@ args = 0, pretend = 0, frame = 0
  31              		@ frame_needed = 0, uses_anonymous_args = 0
  32              		.loc 1 21 77 is_stmt 0 view .LVU1
  33 0000 2DE9F843 		push	{r3, r4, r5, r6, r7, r8, r9, lr}
  34              	.LCFI0:
  35              		.cfi_def_cfa_offset 32
  36              		.cfi_offset 3, -32
  37              		.cfi_offset 4, -28
ARM GAS  C:\Users\ncer\AppData\Local\Temp\ccBYMJG8.s 			page 2


  38              		.cfi_offset 5, -24
  39              		.cfi_offset 6, -20
  40              		.cfi_offset 7, -16
  41              		.cfi_offset 8, -12
  42              		.cfi_offset 9, -8
  43              		.cfi_offset 14, -4
  44 0004 0746     		mov	r7, r0
  45 0006 0E46     		mov	r6, r1
  46 0008 9146     		mov	r9, r2
  22:mylib/command.c ****   int i=0;
  47              		.loc 1 22 3 is_stmt 1 view .LVU2
  48              	.LVL1:
  23:mylib/command.c ****   enum {IN_DIGITAL=1,IN_LETTER=2,IN_SPACE=0}in_flag;
  49              		.loc 1 23 3 view .LVU3
  24:mylib/command.c ****   char **float_buffer;
  50              		.loc 1 24 3 view .LVU4
  25:mylib/command.c ****   char **string_buffer;
  51              		.loc 1 25 3 view .LVU5
  26:mylib/command.c ****   
  27:mylib/command.c ****   int num_float_i=0,num_string_i=0; //Á¨¨Âá†‰∏™Êï∞Â≠ó
  52              		.loc 1 27 3 view .LVU6
  28:mylib/command.c ****   int num_i_i=0;//Á¨¨Âá†‰∏™Êï∞Â≠ó/Â≠óÁ¨¶‰∏≤ÁöÑÁ¨¨Âá†‰Ωç
  53              		.loc 1 28 3 view .LVU7
  29:mylib/command.c ****   
  30:mylib/command.c ****   in_flag=IN_SPACE;
  54              		.loc 1 30 3 view .LVU8
  31:mylib/command.c ****   
  32:mylib/command.c ****   /*
  33:mylib/command.c ****   Êï∞Â≠óÂèÇÊï∞ÁöÑÂ≠òÊîæ‰ΩçÁΩÆÔºåËøô‰∫õÁ©∫Èó¥ÈúÄË¶ÅÂú®ÂáΩÊï∞Â§ñÈáäÊîæ
  34:mylib/command.c ****   */
  35:mylib/command.c ****   *float_prams=(float *)malloc(sizeof(int)*FLOAT_PRAM_NUM);
  55              		.loc 1 35 3 view .LVU9
  56              		.loc 1 35 25 is_stmt 0 view .LVU10
  57 000a 1020     		movs	r0, #16
  58              	.LVL2:
  59              		.loc 1 35 25 view .LVU11
  60 000c FFF7FEFF 		bl	malloc
  61              	.LVL3:
  62              		.loc 1 35 15 view .LVU12
  63 0010 C9F80000 		str	r0, [r9]
  36:mylib/command.c ****   
  37:mylib/command.c ****   /*
  38:mylib/command.c ****   Êï∞Â≠óÂèÇÊï∞ÁöÑÊñáÊú¨‰∏¥Êó∂Â≠òÊîæÔºåÁî®‰∫éË∞ÉÁî®atofÂáΩÊï∞
  39:mylib/command.c ****   Âú®Êú¨Á®ãÂ∫èÁªìÊùüÂâç‰ºöÂ∞ÜËøô‰∫õÁ©∫Èó¥ÈáäÊîæÊéâ
  40:mylib/command.c ****   */
  41:mylib/command.c ****   float_buffer=(char **)malloc(sizeof(char *)*FLOAT_PRAM_NUM);
  64              		.loc 1 41 3 is_stmt 1 view .LVU13
  65              		.loc 1 41 25 is_stmt 0 view .LVU14
  66 0014 1020     		movs	r0, #16
  67 0016 FFF7FEFF 		bl	malloc
  68              	.LVL4:
  69 001a 0446     		mov	r4, r0
  70              	.LVL5:
  42:mylib/command.c ****   for(i=0;i<FLOAT_PRAM_NUM;++i){
  71              		.loc 1 42 3 is_stmt 1 view .LVU15
  72              		.loc 1 42 8 is_stmt 0 view .LVU16
  73 001c 0025     		movs	r5, #0
ARM GAS  C:\Users\ncer\AppData\Local\Temp\ccBYMJG8.s 			page 3


  74              		.loc 1 42 3 view .LVU17
  75 001e 05E0     		b	.L2
  76              	.LVL6:
  77              	.L3:
  43:mylib/command.c ****     float_buffer[i]=(char *)malloc(sizeof(char)*20);
  78              		.loc 1 43 5 is_stmt 1 discriminator 3 view .LVU18
  79              		.loc 1 43 29 is_stmt 0 discriminator 3 view .LVU19
  80 0020 1420     		movs	r0, #20
  81 0022 FFF7FEFF 		bl	malloc
  82              	.LVL7:
  83              		.loc 1 43 20 discriminator 3 view .LVU20
  84 0026 44F82500 		str	r0, [r4, r5, lsl #2]
  42:mylib/command.c ****   for(i=0;i<FLOAT_PRAM_NUM;++i){
  85              		.loc 1 42 28 is_stmt 1 discriminator 3 view .LVU21
  86 002a 0135     		adds	r5, r5, #1
  87              	.LVL8:
  88              	.L2:
  42:mylib/command.c ****   for(i=0;i<FLOAT_PRAM_NUM;++i){
  89              		.loc 1 42 11 discriminator 1 view .LVU22
  42:mylib/command.c ****   for(i=0;i<FLOAT_PRAM_NUM;++i){
  90              		.loc 1 42 3 is_stmt 0 discriminator 1 view .LVU23
  91 002c 032D     		cmp	r5, #3
  92 002e F7DD     		ble	.L3
  44:mylib/command.c ****   }
  45:mylib/command.c ****   
  46:mylib/command.c ****   /*
  47:mylib/command.c ****   Â≠óÁ¨¶‰∏≤ÂèÇÊï∞ÁöÑÂ≠òÊîæ‰ΩçÁΩÆÔºåËøô‰∫õÁ©∫Èó¥ÈúÄË¶ÅÂú®ÂáΩÊï∞Â§ñÈáäÊîæ
  48:mylib/command.c ****   */
  49:mylib/command.c ****   string_buffer=(char **)malloc(sizeof(char*) * STRING_PRAM_NUM);
  93              		.loc 1 49 3 is_stmt 1 view .LVU24
  94              		.loc 1 49 26 is_stmt 0 view .LVU25
  95 0030 1020     		movs	r0, #16
  96 0032 FFF7FEFF 		bl	malloc
  97              	.LVL9:
  98 0036 8046     		mov	r8, r0
  99              	.LVL10:
  50:mylib/command.c ****   for(i=0;i<STRING_PRAM_NUM;++i){
 100              		.loc 1 50 3 is_stmt 1 view .LVU26
 101              		.loc 1 50 8 is_stmt 0 view .LVU27
 102 0038 0025     		movs	r5, #0
 103              		.loc 1 50 3 view .LVU28
 104 003a 05E0     		b	.L4
 105              	.LVL11:
 106              	.L5:
  51:mylib/command.c ****     string_buffer[i]=(char *)malloc(sizeof(char)*20);
 107              		.loc 1 51 5 is_stmt 1 discriminator 3 view .LVU29
 108              		.loc 1 51 30 is_stmt 0 discriminator 3 view .LVU30
 109 003c 1420     		movs	r0, #20
 110 003e FFF7FEFF 		bl	malloc
 111              	.LVL12:
 112              		.loc 1 51 21 discriminator 3 view .LVU31
 113 0042 48F82500 		str	r0, [r8, r5, lsl #2]
  50:mylib/command.c ****   for(i=0;i<STRING_PRAM_NUM;++i){
 114              		.loc 1 50 29 is_stmt 1 discriminator 3 view .LVU32
 115 0046 0135     		adds	r5, r5, #1
 116              	.LVL13:
 117              	.L4:
ARM GAS  C:\Users\ncer\AppData\Local\Temp\ccBYMJG8.s 			page 4


  50:mylib/command.c ****   for(i=0;i<STRING_PRAM_NUM;++i){
 118              		.loc 1 50 11 discriminator 1 view .LVU33
  50:mylib/command.c ****   for(i=0;i<STRING_PRAM_NUM;++i){
 119              		.loc 1 50 3 is_stmt 0 discriminator 1 view .LVU34
 120 0048 032D     		cmp	r5, #3
 121 004a F7DD     		ble	.L5
  52:mylib/command.c ****   }
  53:mylib/command.c ****   
  54:mylib/command.c ****   *string_prams=string_buffer;
 122              		.loc 1 54 3 is_stmt 1 view .LVU35
 123              		.loc 1 54 16 is_stmt 0 view .LVU36
 124 004c C6F80080 		str	r8, [r6]
  55:mylib/command.c ****   
  56:mylib/command.c ****   i=0;
 125              		.loc 1 56 3 is_stmt 1 view .LVU37
 126              	.LVL14:
  57:mylib/command.c ****   //‰ΩøÁî®DMAÔºåÂ¢ûÂä†s[1]!='\r'ÁöÑÊù°‰ª∂ÔºåÂõ†‰∏∫Ê≤°ÊúâÂÜçÊää\rÊç¢Êàê\0‰∫Ü
  58:mylib/command.c ****   while(s[i]!='\0'&&s[i]!='\r'&&num_float_i<=FLOAT_PRAM_NUM&&num_string_i<=STRING_PRAM_NUM&&num_i_i
 127              		.loc 1 58 3 view .LVU38
  28:mylib/command.c ****   
 128              		.loc 1 28 7 is_stmt 0 view .LVU39
 129 0050 0021     		movs	r1, #0
  27:mylib/command.c ****   int num_i_i=0;//Á¨¨Âá†‰∏™Êï∞Â≠ó/Â≠óÁ¨¶‰∏≤ÁöÑÁ¨¨Âá†‰Ωç
 130              		.loc 1 27 21 view .LVU40
 131 0052 0E46     		mov	r6, r1
 132              	.LVL15:
  27:mylib/command.c ****   int num_i_i=0;//Á¨¨Âá†‰∏™Êï∞Â≠ó/Â≠óÁ¨¶‰∏≤ÁöÑÁ¨¨Âá†‰Ωç
 133              		.loc 1 27 7 view .LVU41
 134 0054 0D46     		mov	r5, r1
  30:mylib/command.c ****   
 135              		.loc 1 30 10 view .LVU42
 136 0056 0846     		mov	r0, r1
  56:mylib/command.c ****   //‰ΩøÁî®DMAÔºåÂ¢ûÂä†s[1]!='\r'ÁöÑÊù°‰ª∂ÔºåÂõ†‰∏∫Ê≤°ÊúâÂÜçÊää\rÊç¢Êàê\0‰∫Ü
 137              		.loc 1 56 4 view .LVU43
 138 0058 0A46     		mov	r2, r1
 139              		.loc 1 58 8 view .LVU44
 140 005a 12E0     		b	.L6
 141              	.LVL16:
 142              	.L9:
  59:mylib/command.c ****     if(s[i]!=' '){//Âà∞ËææÈùûÁ©∫Ê†º
  60:mylib/command.c ****       if(in_flag==IN_SPACE){  //Âú®Êï∞Â≠ó‰∏≠Ê†áÂøó‰ΩçÂíåÂ≠óÁ¨¶‰∏≤Ê†áÂøó‰ΩçÊú™ËÆæÁΩÆ,Âç≥‰ªéÁ©∫Ê†º‰πã
  61:mylib/command.c ****         if(isalpha(s[i])){
  62:mylib/command.c ****           in_flag=IN_LETTER;
  63:mylib/command.c ****           num_string_i++;
  64:mylib/command.c ****           string_buffer[num_string_i-1][0]=s[i];  //Â§çÂà∂Á¨¨‰∏Ä‰∏™Â≠óÁ¨¶
  65:mylib/command.c ****         }else{
  66:mylib/command.c ****           in_flag=IN_DIGITAL;
 143              		.loc 1 66 11 is_stmt 1 view .LVU45
  67:mylib/command.c ****           num_float_i++;
 144              		.loc 1 67 11 view .LVU46
  68:mylib/command.c ****           float_buffer[num_float_i-1][0]=s[i];   //Â§çÂà∂Á¨¨‰∏Ä‰∏™Êï∞Â≠óÂ≠óÁ¨¶
 145              		.loc 1 68 11 view .LVU47
 146              		.loc 1 68 23 is_stmt 0 view .LVU48
 147 005c 54F82510 		ldr	r1, [r4, r5, lsl #2]
 148              		.loc 1 68 41 view .LVU49
 149 0060 0B70     		strb	r3, [r1]
  67:mylib/command.c ****           num_float_i++;
ARM GAS  C:\Users\ncer\AppData\Local\Temp\ccBYMJG8.s 			page 5


 150              		.loc 1 67 22 view .LVU50
 151 0062 0135     		adds	r5, r5, #1
 152              	.LVL17:
  69:mylib/command.c ****         }
  70:mylib/command.c ****         num_i_i=0;
 153              		.loc 1 70 16 view .LVU51
 154 0064 0021     		movs	r1, #0
  66:mylib/command.c ****           num_float_i++;
 155              		.loc 1 66 18 view .LVU52
 156 0066 0120     		movs	r0, #1
 157 0068 09E0     		b	.L10
 158              	.LVL18:
 159              	.L8:
  71:mylib/command.c ****       }else{
  72:mylib/command.c ****         //ÁªßÁª≠Â§çÂà∂
  73:mylib/command.c ****         if(in_flag==IN_LETTER){
 160              		.loc 1 73 9 is_stmt 1 view .LVU53
 161              		.loc 1 73 11 is_stmt 0 view .LVU54
 162 006a 0228     		cmp	r0, #2
 163 006c 23D0     		beq	.L22
  74:mylib/command.c ****           string_buffer[num_string_i-1][num_i_i]=s[i];
  75:mylib/command.c ****         }else{
  76:mylib/command.c ****           float_buffer[num_float_i-1][num_i_i]=s[i];
 164              		.loc 1 76 11 is_stmt 1 view .LVU55
 165              		.loc 1 76 23 is_stmt 0 view .LVU56
 166 006e 05F1804C 		add	ip, r5, #1073741824
 167 0072 0CF1FF3C 		add	ip, ip, #-1
 168 0076 54F82CC0 		ldr	ip, [r4, ip, lsl #2]
 169              		.loc 1 76 47 view .LVU57
 170 007a 0CF80130 		strb	r3, [ip, r1]
 171              	.LVL19:
 172              	.L10:
  77:mylib/command.c ****         }
  78:mylib/command.c ****       }
  79:mylib/command.c ****       num_i_i++;
 173              		.loc 1 79 7 is_stmt 1 view .LVU58
 174              		.loc 1 79 14 is_stmt 0 view .LVU59
 175 007e 0131     		adds	r1, r1, #1
 176              	.LVL20:
 177              	.L12:
  80:mylib/command.c ****     }else{ //ÊòØÁ©∫Ê†º
  81:mylib/command.c ****       if(in_flag==IN_LETTER){
  82:mylib/command.c ****         string_buffer[num_string_i-1][num_i_i]='\0';
  83:mylib/command.c ****       }else if(in_flag==IN_DIGITAL){
  84:mylib/command.c ****         float_buffer[num_float_i-1][num_i_i]='\0';
  85:mylib/command.c ****       }
  86:mylib/command.c ****       in_flag=IN_SPACE;
  87:mylib/command.c ****     }
  88:mylib/command.c ****     i++;
 178              		.loc 1 88 5 is_stmt 1 view .LVU60
 179              		.loc 1 88 6 is_stmt 0 view .LVU61
 180 0080 0132     		adds	r2, r2, #1
 181              	.LVL21:
 182              	.L6:
  58:mylib/command.c ****     if(s[i]!=' '){//Âà∞ËææÈùûÁ©∫Ê†º
 183              		.loc 1 58 8 is_stmt 1 view .LVU62
  58:mylib/command.c ****     if(s[i]!=' '){//Âà∞ËææÈùûÁ©∫Ê†º
ARM GAS  C:\Users\ncer\AppData\Local\Temp\ccBYMJG8.s 			page 6


 184              		.loc 1 58 10 is_stmt 0 view .LVU63
 185 0082 BB5C     		ldrb	r3, [r7, r2]	@ zero_extendqisi2
  58:mylib/command.c ****     if(s[i]!=' '){//Âà∞ËææÈùûÁ©∫Ê†º
 186              		.loc 1 58 8 view .LVU64
 187 0084 B3B3     		cbz	r3, .L14
  58:mylib/command.c ****     if(s[i]!=' '){//Âà∞ËææÈùûÁ©∫Ê†º
 188              		.loc 1 58 19 discriminator 1 view .LVU65
 189 0086 0D2B     		cmp	r3, #13
 190 0088 34D0     		beq	.L14
  58:mylib/command.c ****     if(s[i]!=' '){//Âà∞ËææÈùûÁ©∫Ê†º
 191              		.loc 1 58 31 discriminator 2 view .LVU66
 192 008a 042D     		cmp	r5, #4
 193 008c 32DC     		bgt	.L14
  58:mylib/command.c ****     if(s[i]!=' '){//Âà∞ËææÈùûÁ©∫Ê†º
 194              		.loc 1 58 60 discriminator 3 view .LVU67
 195 008e 042E     		cmp	r6, #4
 196 0090 30DC     		bgt	.L14
  58:mylib/command.c ****     if(s[i]!=' '){//Âà∞ËææÈùûÁ©∫Ê†º
 197              		.loc 1 58 91 discriminator 4 view .LVU68
 198 0092 1329     		cmp	r1, #19
 199 0094 2EDC     		bgt	.L14
  59:mylib/command.c ****       if(in_flag==IN_SPACE){  //Âú®Êï∞Â≠ó‰∏≠Ê†áÂøó‰ΩçÂíåÂ≠óÁ¨¶‰∏≤Ê†áÂøó‰ΩçÊú™ËÆæÁΩÆ,Âç≥‰ªéÁ©∫Ê†º‰πã
 200              		.loc 1 59 5 is_stmt 1 view .LVU69
  59:mylib/command.c ****       if(in_flag==IN_SPACE){  //Âú®Êï∞Â≠ó‰∏≠Ê†áÂøó‰ΩçÂíåÂ≠óÁ¨¶‰∏≤Ê†áÂøó‰ΩçÊú™ËÆæÁΩÆ,Âç≥‰ªéÁ©∫Ê†º‰πã
 201              		.loc 1 59 7 is_stmt 0 view .LVU70
 202 0096 202B     		cmp	r3, #32
 203 0098 16D0     		beq	.L7
  60:mylib/command.c ****         if(isalpha(s[i])){
 204              		.loc 1 60 7 is_stmt 1 view .LVU71
  60:mylib/command.c ****         if(isalpha(s[i])){
 205              		.loc 1 60 9 is_stmt 0 view .LVU72
 206 009a 0028     		cmp	r0, #0
 207 009c E5D1     		bne	.L8
  61:mylib/command.c ****           in_flag=IN_LETTER;
 208              		.loc 1 61 9 is_stmt 1 view .LVU73
  61:mylib/command.c ****           in_flag=IN_LETTER;
 209              		.loc 1 61 12 is_stmt 0 view .LVU74
 210 009e 2D49     		ldr	r1, .L27
 211              	.LVL22:
  61:mylib/command.c ****           in_flag=IN_LETTER;
 212              		.loc 1 61 12 view .LVU75
 213 00a0 595C     		ldrb	r1, [r3, r1]	@ zero_extendqisi2
  61:mylib/command.c ****           in_flag=IN_LETTER;
 214              		.loc 1 61 11 view .LVU76
 215 00a2 11F0030F 		tst	r1, #3
 216 00a6 D9D0     		beq	.L9
  62:mylib/command.c ****           num_string_i++;
 217              		.loc 1 62 11 is_stmt 1 view .LVU77
 218              	.LVL23:
  63:mylib/command.c ****           string_buffer[num_string_i-1][0]=s[i];  //Â§çÂà∂Á¨¨‰∏Ä‰∏™Â≠óÁ¨¶
 219              		.loc 1 63 11 view .LVU78
  64:mylib/command.c ****         }else{
 220              		.loc 1 64 11 view .LVU79
  64:mylib/command.c ****         }else{
 221              		.loc 1 64 24 is_stmt 0 view .LVU80
 222 00a8 58F82610 		ldr	r1, [r8, r6, lsl #2]
  64:mylib/command.c ****         }else{
ARM GAS  C:\Users\ncer\AppData\Local\Temp\ccBYMJG8.s 			page 7


 223              		.loc 1 64 43 view .LVU81
 224 00ac 0B70     		strb	r3, [r1]
  63:mylib/command.c ****           string_buffer[num_string_i-1][0]=s[i];  //Â§çÂà∂Á¨¨‰∏Ä‰∏™Â≠óÁ¨¶
 225              		.loc 1 63 23 view .LVU82
 226 00ae 0136     		adds	r6, r6, #1
 227              	.LVL24:
  70:mylib/command.c ****       }else{
 228              		.loc 1 70 16 view .LVU83
 229 00b0 0021     		movs	r1, #0
  62:mylib/command.c ****           num_string_i++;
 230              		.loc 1 62 18 view .LVU84
 231 00b2 0220     		movs	r0, #2
 232 00b4 E3E7     		b	.L10
 233              	.LVL25:
 234              	.L22:
  74:mylib/command.c ****         }else{
 235              		.loc 1 74 11 is_stmt 1 view .LVU85
  74:mylib/command.c ****         }else{
 236              		.loc 1 74 24 is_stmt 0 view .LVU86
 237 00b6 06F1804C 		add	ip, r6, #1073741824
 238 00ba 0CF1FF3C 		add	ip, ip, #-1
 239 00be 58F82CC0 		ldr	ip, [r8, ip, lsl #2]
  74:mylib/command.c ****         }else{
 240              		.loc 1 74 49 view .LVU87
 241 00c2 0CF80130 		strb	r3, [ip, r1]
 242 00c6 DAE7     		b	.L10
 243              	.L7:
  81:mylib/command.c ****         string_buffer[num_string_i-1][num_i_i]='\0';
 244              		.loc 1 81 7 is_stmt 1 view .LVU88
  81:mylib/command.c ****         string_buffer[num_string_i-1][num_i_i]='\0';
 245              		.loc 1 81 9 is_stmt 0 view .LVU89
 246 00c8 0228     		cmp	r0, #2
 247 00ca 03D0     		beq	.L23
  83:mylib/command.c ****         float_buffer[num_float_i-1][num_i_i]='\0';
 248              		.loc 1 83 13 is_stmt 1 view .LVU90
  83:mylib/command.c ****         float_buffer[num_float_i-1][num_i_i]='\0';
 249              		.loc 1 83 15 is_stmt 0 view .LVU91
 250 00cc 0128     		cmp	r0, #1
 251 00ce 09D0     		beq	.L24
  86:mylib/command.c ****     }
 252              		.loc 1 86 14 view .LVU92
 253 00d0 0020     		movs	r0, #0
 254              	.LVL26:
  86:mylib/command.c ****     }
 255              		.loc 1 86 14 view .LVU93
 256 00d2 D5E7     		b	.L12
 257              	.LVL27:
 258              	.L23:
  82:mylib/command.c ****       }else if(in_flag==IN_DIGITAL){
 259              		.loc 1 82 9 is_stmt 1 view .LVU94
  82:mylib/command.c ****       }else if(in_flag==IN_DIGITAL){
 260              		.loc 1 82 22 is_stmt 0 view .LVU95
 261 00d4 06F18043 		add	r3, r6, #1073741824
 262 00d8 013B     		subs	r3, r3, #1
 263 00da 58F82330 		ldr	r3, [r8, r3, lsl #2]
  82:mylib/command.c ****       }else if(in_flag==IN_DIGITAL){
 264              		.loc 1 82 47 view .LVU96
ARM GAS  C:\Users\ncer\AppData\Local\Temp\ccBYMJG8.s 			page 8


 265 00de 0020     		movs	r0, #0
 266              	.LVL28:
  82:mylib/command.c ****       }else if(in_flag==IN_DIGITAL){
 267              		.loc 1 82 47 view .LVU97
 268 00e0 5854     		strb	r0, [r3, r1]
 269 00e2 CDE7     		b	.L12
 270              	.LVL29:
 271              	.L24:
  84:mylib/command.c ****       }
 272              		.loc 1 84 9 is_stmt 1 view .LVU98
  84:mylib/command.c ****       }
 273              		.loc 1 84 21 is_stmt 0 view .LVU99
 274 00e4 05F18043 		add	r3, r5, #1073741824
 275 00e8 013B     		subs	r3, r3, #1
 276 00ea 54F82330 		ldr	r3, [r4, r3, lsl #2]
  84:mylib/command.c ****       }
 277              		.loc 1 84 45 view .LVU100
 278 00ee 0020     		movs	r0, #0
 279              	.LVL30:
  84:mylib/command.c ****       }
 280              		.loc 1 84 45 view .LVU101
 281 00f0 5854     		strb	r0, [r3, r1]
 282 00f2 C5E7     		b	.L12
 283              	.LVL31:
 284              	.L14:
  89:mylib/command.c ****   }
  90:mylib/command.c ****   if(in_flag==IN_LETTER){  //Â¶ÇÊûúÊòØÂ≠óÁ¨¶‰∏≤ÂèÇÊï∞ÊîæÂú®ÊúÄÂêéÔºåËøôÈáåÂøÖÈ°ªÂÜçÊ£ÄÊü•‰∏Ä‰∏ãÔºåÂ
 285              		.loc 1 90 3 is_stmt 1 view .LVU102
 286              		.loc 1 90 5 is_stmt 0 view .LVU103
 287 00f4 0228     		cmp	r0, #2
 288 00f6 03D0     		beq	.L25
  91:mylib/command.c ****     string_buffer[num_string_i-1][num_i_i]='\0';
  92:mylib/command.c ****   }else if(in_flag==IN_DIGITAL){
 289              		.loc 1 92 9 is_stmt 1 view .LVU104
 290              		.loc 1 92 11 is_stmt 0 view .LVU105
 291 00f8 0128     		cmp	r0, #1
 292 00fa 09D0     		beq	.L26
 293              	.LVL32:
 294              	.L17:
  56:mylib/command.c ****   //‰ΩøÁî®DMAÔºåÂ¢ûÂä†s[1]!='\r'ÁöÑÊù°‰ª∂ÔºåÂõ†‰∏∫Ê≤°ÊúâÂÜçÊää\rÊç¢Êàê\0‰∫Ü
 295              		.loc 1 56 4 discriminator 1 view .LVU106
 296 00fc 0027     		movs	r7, #0
 297              	.LVL33:
  56:mylib/command.c ****   //‰ΩøÁî®DMAÔºåÂ¢ûÂä†s[1]!='\r'ÁöÑÊù°‰ª∂ÔºåÂõ†‰∏∫Ê≤°ÊúâÂÜçÊää\rÊç¢Êàê\0‰∫Ü
 298              		.loc 1 56 4 discriminator 1 view .LVU107
 299 00fe 1EE0     		b	.L18
 300              	.LVL34:
 301              	.L25:
  91:mylib/command.c ****     string_buffer[num_string_i-1][num_i_i]='\0';
 302              		.loc 1 91 5 is_stmt 1 view .LVU108
  91:mylib/command.c ****     string_buffer[num_string_i-1][num_i_i]='\0';
 303              		.loc 1 91 18 is_stmt 0 view .LVU109
 304 0100 06F18043 		add	r3, r6, #1073741824
 305 0104 013B     		subs	r3, r3, #1
 306 0106 58F82330 		ldr	r3, [r8, r3, lsl #2]
  91:mylib/command.c ****     string_buffer[num_string_i-1][num_i_i]='\0';
 307              		.loc 1 91 43 view .LVU110
ARM GAS  C:\Users\ncer\AppData\Local\Temp\ccBYMJG8.s 			page 9


 308 010a 0022     		movs	r2, #0
 309              	.LVL35:
  91:mylib/command.c ****     string_buffer[num_string_i-1][num_i_i]='\0';
 310              		.loc 1 91 43 view .LVU111
 311 010c 5A54     		strb	r2, [r3, r1]
 312 010e F5E7     		b	.L17
 313              	.LVL36:
 314              	.L26:
  93:mylib/command.c ****     float_buffer[num_float_i-1][num_i_i]='\0';
 315              		.loc 1 93 5 is_stmt 1 view .LVU112
 316              		.loc 1 93 17 is_stmt 0 view .LVU113
 317 0110 05F18043 		add	r3, r5, #1073741824
 318 0114 013B     		subs	r3, r3, #1
 319 0116 54F82330 		ldr	r3, [r4, r3, lsl #2]
 320              		.loc 1 93 41 view .LVU114
 321 011a 0022     		movs	r2, #0
 322              	.LVL37:
 323              		.loc 1 93 41 view .LVU115
 324 011c 5A54     		strb	r2, [r3, r1]
 325 011e EDE7     		b	.L17
 326              	.LVL38:
 327              	.L19:
  94:mylib/command.c ****   }
  95:mylib/command.c ****   
  96:mylib/command.c ****   /*
  97:mylib/command.c ****   ÈáäÊîæÊï∞Â≠óÂèÇÊï∞ÁöÑÂ≠óÁ¨¶‰∏¥Êó∂Â≠òÊîæÁ©∫Èó¥
  98:mylib/command.c ****   */
  99:mylib/command.c ****   for(i=0;i<FLOAT_PRAM_NUM;++i){
 100:mylib/command.c ****     (*float_prams)[i]=atof(float_buffer[i]);
 328              		.loc 1 100 5 is_stmt 1 discriminator 3 view .LVU116
 329              		.loc 1 100 23 is_stmt 0 discriminator 3 view .LVU117
 330 0120 54F82700 		ldr	r0, [r4, r7, lsl #2]
 331 0124 FFF7FEFF 		bl	atof
 332              	.LVL39:
 333              		.loc 1 100 6 discriminator 3 view .LVU118
 334 0128 D9F80080 		ldr	r8, [r9]
 335              		.loc 1 100 23 discriminator 3 view .LVU119
 336 012c FFF7FEFF 		bl	__aeabi_d2f
 337              	.LVL40:
 338              		.loc 1 100 22 discriminator 3 view .LVU120
 339 0130 48F82700 		str	r0, [r8, r7, lsl #2]	@ float
 101:mylib/command.c ****     free(float_buffer[i]);
 340              		.loc 1 101 5 is_stmt 1 discriminator 3 view .LVU121
 341 0134 54F82700 		ldr	r0, [r4, r7, lsl #2]
 342 0138 FFF7FEFF 		bl	free
 343              	.LVL41:
  99:mylib/command.c ****     (*float_prams)[i]=atof(float_buffer[i]);
 344              		.loc 1 99 28 discriminator 3 view .LVU122
 345 013c 0137     		adds	r7, r7, #1
 346              	.LVL42:
 347              	.L18:
  99:mylib/command.c ****     (*float_prams)[i]=atof(float_buffer[i]);
 348              		.loc 1 99 11 discriminator 1 view .LVU123
  99:mylib/command.c ****     (*float_prams)[i]=atof(float_buffer[i]);
 349              		.loc 1 99 3 is_stmt 0 discriminator 1 view .LVU124
 350 013e 032F     		cmp	r7, #3
 351 0140 EEDD     		ble	.L19
ARM GAS  C:\Users\ncer\AppData\Local\Temp\ccBYMJG8.s 			page 10


 102:mylib/command.c ****   }
 103:mylib/command.c ****   free(float_buffer);
 352              		.loc 1 103 3 is_stmt 1 view .LVU125
 353 0142 2046     		mov	r0, r4
 354 0144 FFF7FEFF 		bl	free
 355              	.LVL43:
 104:mylib/command.c ****   
 105:mylib/command.c ****   return num_string_i<<8|num_float_i;  
 356              		.loc 1 105 3 view .LVU126
 357              		.loc 1 105 25 is_stmt 0 view .LVU127
 358 0148 45EA0620 		orr	r0, r5, r6, lsl #8
 106:mylib/command.c **** }
 359              		.loc 1 106 1 view .LVU128
 360 014c 00B2     		sxth	r0, r0
 361 014e BDE8F883 		pop	{r3, r4, r5, r6, r7, r8, r9, pc}
 362              	.LVL44:
 363              	.L28:
 364              		.loc 1 106 1 view .LVU129
 365 0152 00BF     		.align	2
 366              	.L27:
 367 0154 01000000 		.word	_ctype_+1
 368              		.cfi_endproc
 369              	.LFE68:
 371              		.section	.text.add_cmd,"ax",%progbits
 372              		.align	1
 373              		.global	add_cmd
 374              		.syntax unified
 375              		.thumb
 376              		.thumb_func
 377              		.fpu softvfp
 379              	add_cmd:
 380              	.LVL45:
 381              	.LFB69:
 107:mylib/command.c **** 
 108:mylib/command.c **** 
 109:mylib/command.c **** /*
 110:mylib/command.c **** void add_cmd(const char * s,cmdFunc f)
 111:mylib/command.c **** Êñ∞Â¢ûÂëΩ‰ª§Ôºås‰∏∫ÂëΩ‰ª§Â≠óÁ¨¶‰∏≤Ôºåf‰∏∫ÁªëÂÆöÁöÑÂáΩÊï∞„ÄÇ
 112:mylib/command.c **** */
 113:mylib/command.c **** 
 114:mylib/command.c **** 
 115:mylib/command.c **** void add_cmd(char * s,cmdFunc f){
 382              		.loc 1 115 33 is_stmt 1 view -0
 383              		.cfi_startproc
 384              		@ args = 0, pretend = 0, frame = 0
 385              		@ frame_needed = 0, uses_anonymous_args = 0
 386              		@ link register save eliminated.
 116:mylib/command.c ****   if(CMD.array_ptr>CMD_MAX_NUM-1)
 387              		.loc 1 116 3 view .LVU131
 388              		.loc 1 116 9 is_stmt 0 view .LVU132
 389 0000 084B     		ldr	r3, .L31
 390 0002 D3F8C830 		ldr	r3, [r3, #200]
 391              		.loc 1 116 5 view .LVU133
 392 0006 312B     		cmp	r3, #49
 393 0008 0ADC     		bgt	.L29
 117:mylib/command.c ****     return ;
 118:mylib/command.c ****   CMD.array[CMD.array_ptr]=s;
ARM GAS  C:\Users\ncer\AppData\Local\Temp\ccBYMJG8.s 			page 11


 394              		.loc 1 118 3 is_stmt 1 view .LVU134
 395              		.loc 1 118 27 is_stmt 0 view .LVU135
 396 000a 064A     		ldr	r2, .L31
 397 000c 42F82300 		str	r0, [r2, r3, lsl #2]
 119:mylib/command.c ****   CMD.func_array[CMD.array_ptr]=f;
 398              		.loc 1 119 3 is_stmt 1 view .LVU136
 399              		.loc 1 119 32 is_stmt 0 view .LVU137
 400 0010 03F13200 		add	r0, r3, #50
 401              	.LVL46:
 402              		.loc 1 119 32 view .LVU138
 403 0014 02EB8000 		add	r0, r2, r0, lsl #2
 404 0018 4160     		str	r1, [r0, #4]
 120:mylib/command.c ****   CMD.array_ptr++;
 405              		.loc 1 120 3 is_stmt 1 view .LVU139
 406              		.loc 1 120 16 is_stmt 0 view .LVU140
 407 001a 0133     		adds	r3, r3, #1
 408              	.LVL47:
 409              		.loc 1 120 16 view .LVU141
 410 001c C2F8C830 		str	r3, [r2, #200]
 411              	.LVL48:
 412              	.L29:
 121:mylib/command.c **** }
 413              		.loc 1 121 1 view .LVU142
 414 0020 7047     		bx	lr
 415              	.L32:
 416 0022 00BF     		.align	2
 417              	.L31:
 418 0024 00000000 		.word	CMD
 419              		.cfi_endproc
 420              	.LFE69:
 422              		.section	.text.compare_cmd,"ax",%progbits
 423              		.align	1
 424              		.global	compare_cmd
 425              		.syntax unified
 426              		.thumb
 427              		.thumb_func
 428              		.fpu softvfp
 430              	compare_cmd:
 431              	.LVL49:
 432              	.LFB70:
 122:mylib/command.c **** 
 123:mylib/command.c **** /*
 124:mylib/command.c **** compare_cmd(const char* cmd,char *s)
 125:mylib/command.c **** ÊØîËæÉcmd‰∏és‰∏§‰∏™Â≠óÁ¨¶‰∏≤ÔºåÂÖ∂‰∏≠cmd‰∏∫ÂëΩ‰ª§Ôºås‰∏∫ÂæÖÊØîËæÉÁöÑÂ≠óÁ¨¶‰∏≤
 126:mylib/command.c **** Ëã•Â≠óÁ¨¶‰∏≤‰∏∫ËØ•ÂëΩ‰ª§ÔºåÂàôËøîÂõûÂëΩ‰ª§ÁöÑÈïøÂ∫¶ÔºåÂê¶ÂàôËøîÂõû0
 127:mylib/command.c **** */
 128:mylib/command.c **** char compare_cmd(const char * cmd,char * s){
 433              		.loc 1 128 44 is_stmt 1 view -0
 434              		.cfi_startproc
 435              		@ args = 0, pretend = 0, frame = 0
 436              		@ frame_needed = 0, uses_anonymous_args = 0
 437              		@ link register save eliminated.
 438              		.loc 1 128 44 is_stmt 0 view .LVU144
 439 0000 30B4     		push	{r4, r5}
 440              	.LCFI1:
 441              		.cfi_def_cfa_offset 8
 442              		.cfi_offset 4, -8
ARM GAS  C:\Users\ncer\AppData\Local\Temp\ccBYMJG8.s 			page 12


 443              		.cfi_offset 5, -4
 129:mylib/command.c ****   int i=0;
 444              		.loc 1 129 3 is_stmt 1 view .LVU145
 445              	.LVL50:
 130:mylib/command.c ****   while(cmd[i]!='\0'&&s[i]!='\0'){
 446              		.loc 1 130 3 view .LVU146
 129:mylib/command.c ****   int i=0;
 447              		.loc 1 129 7 is_stmt 0 view .LVU147
 448 0002 0023     		movs	r3, #0
 449              		.loc 1 130 8 view .LVU148
 450 0004 00E0     		b	.L34
 451              	.LVL51:
 452              	.L42:
 131:mylib/command.c ****     if(cmd[i]!=s[i])
 132:mylib/command.c ****       return 0;
 133:mylib/command.c ****     ++i;
 453              		.loc 1 133 5 is_stmt 1 view .LVU149
 454 0006 0133     		adds	r3, r3, #1
 455              	.LVL52:
 456              	.L34:
 130:mylib/command.c ****   while(cmd[i]!='\0'&&s[i]!='\0'){
 457              		.loc 1 130 8 view .LVU150
 130:mylib/command.c ****   while(cmd[i]!='\0'&&s[i]!='\0'){
 458              		.loc 1 130 12 is_stmt 0 view .LVU151
 459 0008 1D46     		mov	r5, r3
 460 000a C25C     		ldrb	r2, [r0, r3]	@ zero_extendqisi2
 130:mylib/command.c ****   while(cmd[i]!='\0'&&s[i]!='\0'){
 461              		.loc 1 130 8 view .LVU152
 462 000c 2AB1     		cbz	r2, .L36
 130:mylib/command.c ****   while(cmd[i]!='\0'&&s[i]!='\0'){
 463              		.loc 1 130 24 discriminator 1 view .LVU153
 464 000e CC5C     		ldrb	r4, [r1, r3]	@ zero_extendqisi2
 130:mylib/command.c ****   while(cmd[i]!='\0'&&s[i]!='\0'){
 465              		.loc 1 130 21 discriminator 1 view .LVU154
 466 0010 1CB1     		cbz	r4, .L36
 131:mylib/command.c ****     if(cmd[i]!=s[i])
 467              		.loc 1 131 5 is_stmt 1 view .LVU155
 131:mylib/command.c ****     if(cmd[i]!=s[i])
 468              		.loc 1 131 7 is_stmt 0 view .LVU156
 469 0012 A242     		cmp	r2, r4
 470 0014 F7D0     		beq	.L42
 132:mylib/command.c ****     ++i;
 471              		.loc 1 132 14 view .LVU157
 472 0016 0020     		movs	r0, #0
 473              	.LVL53:
 132:mylib/command.c ****     ++i;
 474              		.loc 1 132 14 view .LVU158
 475 0018 06E0     		b	.L35
 476              	.LVL54:
 477              	.L36:
 134:mylib/command.c ****   }
 135:mylib/command.c ****   if(s[i]!=' '&&s[i]!='\0'&&s[i]!='\r'){          //‰ΩøÁî®DMAÂøÖÈ°ªÂà§Êñ≠ÊúÄÂêé‰∏Ä‰∏™iÂ•ó‰ª∂
 478              		.loc 1 135 3 is_stmt 1 view .LVU159
 479              		.loc 1 135 7 is_stmt 0 view .LVU160
 480 001a 4A5D     		ldrb	r2, [r1, r5]	@ zero_extendqisi2
 481              		.loc 1 135 5 view .LVU161
 482 001c 202A     		cmp	r2, #32
ARM GAS  C:\Users\ncer\AppData\Local\Temp\ccBYMJG8.s 			page 13


 483 001e 02D0     		beq	.L38
 484              		.loc 1 135 15 discriminator 1 view .LVU162
 485 0020 0AB1     		cbz	r2, .L38
 486              		.loc 1 135 27 discriminator 2 view .LVU163
 487 0022 0D2A     		cmp	r2, #13
 488 0024 02D1     		bne	.L40
 489              	.L38:
 136:mylib/command.c ****     return 0;   //ÊØîÂ¶ÇÂëΩ‰ª§hello ‰∏éÂëΩ‰ª§ helloworldÁöÑÊÉÖÂÜµÔºåÊ≤°ÊúâËøô‰∏™Âà§Êñ≠Ôºå‰ºöÂêßÂêéË
 137:mylib/command.c ****   }
 138:mylib/command.c ****   return i;
 490              		.loc 1 138 3 is_stmt 1 view .LVU164
 491              		.loc 1 138 10 is_stmt 0 view .LVU165
 492 0026 D8B2     		uxtb	r0, r3
 493              	.LVL55:
 494              	.L35:
 139:mylib/command.c **** }
 495              		.loc 1 139 1 view .LVU166
 496 0028 30BC     		pop	{r4, r5}
 497              	.LCFI2:
 498              		.cfi_remember_state
 499              		.cfi_restore 5
 500              		.cfi_restore 4
 501              		.cfi_def_cfa_offset 0
 502 002a 7047     		bx	lr
 503              	.LVL56:
 504              	.L40:
 505              	.LCFI3:
 506              		.cfi_restore_state
 136:mylib/command.c ****     return 0;   //ÊØîÂ¶ÇÂëΩ‰ª§hello ‰∏éÂëΩ‰ª§ helloworldÁöÑÊÉÖÂÜµÔºåÊ≤°ÊúâËøô‰∏™Âà§Êñ≠Ôºå‰ºöÂêßÂêéË
 507              		.loc 1 136 12 view .LVU167
 508 002c 0020     		movs	r0, #0
 509              	.LVL57:
 136:mylib/command.c ****     return 0;   //ÊØîÂ¶ÇÂëΩ‰ª§hello ‰∏éÂëΩ‰ª§ helloworldÁöÑÊÉÖÂÜµÔºåÊ≤°ÊúâËøô‰∏™Âà§Êñ≠Ôºå‰ºöÂêßÂêéË
 510              		.loc 1 136 12 view .LVU168
 511 002e FBE7     		b	.L35
 512              		.cfi_endproc
 513              	.LFE70:
 515              		.section	.text.compare_string,"ax",%progbits
 516              		.align	1
 517              		.global	compare_string
 518              		.syntax unified
 519              		.thumb
 520              		.thumb_func
 521              		.fpu softvfp
 523              	compare_string:
 524              	.LVL58:
 525              	.LFB71:
 140:mylib/command.c **** 
 141:mylib/command.c **** uint8_t compare_string(const char *s1,char * s2){
 526              		.loc 1 141 49 is_stmt 1 view -0
 527              		.cfi_startproc
 528              		@ args = 0, pretend = 0, frame = 0
 529              		@ frame_needed = 0, uses_anonymous_args = 0
 530              		@ link register save eliminated.
 531              		.loc 1 141 49 is_stmt 0 view .LVU170
 532 0000 10B4     		push	{r4}
 533              	.LCFI4:
ARM GAS  C:\Users\ncer\AppData\Local\Temp\ccBYMJG8.s 			page 14


 534              		.cfi_def_cfa_offset 4
 535              		.cfi_offset 4, -4
 142:mylib/command.c ****   int i=0;
 536              		.loc 1 142 3 is_stmt 1 view .LVU171
 537              	.LVL59:
 143:mylib/command.c ****   while(s1[i]==s2[i]&&s1[i]&&s2[i]){
 538              		.loc 1 143 3 view .LVU172
 142:mylib/command.c ****   int i=0;
 539              		.loc 1 142 7 is_stmt 0 view .LVU173
 540 0002 0023     		movs	r3, #0
 541              		.loc 1 143 8 view .LVU174
 542 0004 00E0     		b	.L44
 543              	.LVL60:
 544              	.L46:
 144:mylib/command.c ****     i++;
 545              		.loc 1 144 5 is_stmt 1 view .LVU175
 546              		.loc 1 144 6 is_stmt 0 view .LVU176
 547 0006 0133     		adds	r3, r3, #1
 548              	.LVL61:
 549              	.L44:
 143:mylib/command.c ****   while(s1[i]==s2[i]&&s1[i]&&s2[i]){
 550              		.loc 1 143 8 is_stmt 1 view .LVU177
 143:mylib/command.c ****   while(s1[i]==s2[i]&&s1[i]&&s2[i]){
 551              		.loc 1 143 11 is_stmt 0 view .LVU178
 552 0008 C25C     		ldrb	r2, [r0, r3]	@ zero_extendqisi2
 143:mylib/command.c ****   while(s1[i]==s2[i]&&s1[i]&&s2[i]){
 553              		.loc 1 143 14 view .LVU179
 554 000a CC5C     		ldrb	r4, [r1, r3]	@ zero_extendqisi2
 143:mylib/command.c ****   while(s1[i]==s2[i]&&s1[i]&&s2[i]){
 555              		.loc 1 143 8 view .LVU180
 556 000c A242     		cmp	r2, r4
 557 000e 02D1     		bne	.L45
 143:mylib/command.c ****   while(s1[i]==s2[i]&&s1[i]&&s2[i]){
 558              		.loc 1 143 21 discriminator 1 view .LVU181
 559 0010 0AB1     		cbz	r2, .L45
 143:mylib/command.c ****   while(s1[i]==s2[i]&&s1[i]&&s2[i]){
 560              		.loc 1 143 28 discriminator 2 view .LVU182
 561 0012 002C     		cmp	r4, #0
 562 0014 F7D1     		bne	.L46
 563              	.L45:
 145:mylib/command.c ****   }
 146:mylib/command.c ****   if(!s1[i]&&!s2[i]){
 564              		.loc 1 146 3 is_stmt 1 view .LVU183
 565              		.loc 1 146 5 is_stmt 0 view .LVU184
 566 0016 12B9     		cbnz	r2, .L48
 567              		.loc 1 146 12 discriminator 1 view .LVU185
 568 0018 24B1     		cbz	r4, .L49
 147:mylib/command.c ****     return 1;
 148:mylib/command.c ****   }else{
 149:mylib/command.c ****     return 0;
 569              		.loc 1 149 12 view .LVU186
 570 001a 0020     		movs	r0, #0
 571              	.LVL62:
 572              		.loc 1 149 12 view .LVU187
 573 001c 00E0     		b	.L47
 574              	.LVL63:
 575              	.L48:
ARM GAS  C:\Users\ncer\AppData\Local\Temp\ccBYMJG8.s 			page 15


 576              		.loc 1 149 12 view .LVU188
 577 001e 0020     		movs	r0, #0
 578              	.LVL64:
 579              	.L47:
 150:mylib/command.c ****   }  
 151:mylib/command.c **** }
 580              		.loc 1 151 1 view .LVU189
 581 0020 10BC     		pop	{r4}
 582              	.LCFI5:
 583              		.cfi_remember_state
 584              		.cfi_restore 4
 585              		.cfi_def_cfa_offset 0
 586 0022 7047     		bx	lr
 587              	.LVL65:
 588              	.L49:
 589              	.LCFI6:
 590              		.cfi_restore_state
 147:mylib/command.c ****     return 1;
 591              		.loc 1 147 12 view .LVU190
 592 0024 0120     		movs	r0, #1
 593              	.LVL66:
 147:mylib/command.c ****     return 1;
 594              		.loc 1 147 12 view .LVU191
 595 0026 FBE7     		b	.L47
 596              		.cfi_endproc
 597              	.LFE71:
 599              		.section	.rodata.analize.str1.4,"aMS",%progbits,1
 600              		.align	2
 601              	.LC0:
 602 0000 6572726F 		.ascii	"error command!\015\012\000"
 602      7220636F 
 602      6D6D616E 
 602      64210D0A 
 602      00
 603              		.section	.text.analize,"ax",%progbits
 604              		.align	1
 605              		.global	analize
 606              		.syntax unified
 607              		.thumb
 608              		.thumb_func
 609              		.fpu softvfp
 611              	analize:
 612              	.LVL67:
 613              	.LFB72:
 152:mylib/command.c **** 
 153:mylib/command.c **** void analize(uint8_t *s){
 614              		.loc 1 153 25 is_stmt 1 view -0
 615              		.cfi_startproc
 616              		@ args = 0, pretend = 0, frame = 8
 617              		@ frame_needed = 0, uses_anonymous_args = 0
 618              		.loc 1 153 25 is_stmt 0 view .LVU193
 619 0000 30B5     		push	{r4, r5, lr}
 620              	.LCFI7:
 621              		.cfi_def_cfa_offset 12
 622              		.cfi_offset 4, -12
 623              		.cfi_offset 5, -8
 624              		.cfi_offset 14, -4
ARM GAS  C:\Users\ncer\AppData\Local\Temp\ccBYMJG8.s 			page 16


 625 0002 83B0     		sub	sp, sp, #12
 626              	.LCFI8:
 627              		.cfi_def_cfa_offset 24
 628 0004 0546     		mov	r5, r0
 154:mylib/command.c ****   int i=0;
 629              		.loc 1 154 3 is_stmt 1 view .LVU194
 630              	.LVL68:
 155:mylib/command.c ****   int j=0,temp=0;
 631              		.loc 1 155 3 view .LVU195
 156:mylib/command.c ****   int prams_num;
 632              		.loc 1 156 3 view .LVU196
 157:mylib/command.c ****   char ** string_prams;
 633              		.loc 1 157 3 view .LVU197
 158:mylib/command.c ****   float * float_prams;
 634              		.loc 1 158 3 view .LVU198
 159:mylib/command.c ****   for(i=0;i<CMD.array_ptr;++i){
 635              		.loc 1 159 3 view .LVU199
 636              		.loc 1 159 8 is_stmt 0 view .LVU200
 637 0006 0024     		movs	r4, #0
 638              	.LVL69:
 639              	.L52:
 640              		.loc 1 159 11 is_stmt 1 discriminator 1 view .LVU201
 641              		.loc 1 159 16 is_stmt 0 discriminator 1 view .LVU202
 642 0008 184B     		ldr	r3, .L61
 643 000a D3F8C830 		ldr	r3, [r3, #200]
 644              		.loc 1 159 3 discriminator 1 view .LVU203
 645 000e A342     		cmp	r3, r4
 646 0010 26DD     		ble	.L59
 160:mylib/command.c ****     j=compare_cmd(CMD.array[i],(char*)s);
 647              		.loc 1 160 5 is_stmt 1 view .LVU204
 648              		.loc 1 160 7 is_stmt 0 view .LVU205
 649 0012 2946     		mov	r1, r5
 650 0014 154B     		ldr	r3, .L61
 651 0016 53F82400 		ldr	r0, [r3, r4, lsl #2]
 652 001a FFF7FEFF 		bl	compare_cmd
 653              	.LVL70:
 161:mylib/command.c ****     if(j){
 654              		.loc 1 161 5 is_stmt 1 view .LVU206
 655              		.loc 1 161 7 is_stmt 0 view .LVU207
 656 001e 08B9     		cbnz	r0, .L60
 159:mylib/command.c ****   for(i=0;i<CMD.array_ptr;++i){
 657              		.loc 1 159 27 is_stmt 1 discriminator 2 view .LVU208
 658 0020 0134     		adds	r4, r4, #1
 659              	.LVL71:
 159:mylib/command.c ****   for(i=0;i<CMD.array_ptr;++i){
 660              		.loc 1 159 27 is_stmt 0 discriminator 2 view .LVU209
 661 0022 F1E7     		b	.L52
 662              	.L60:
 162:mylib/command.c ****       prams_num=get_prams((char*)s+j,&string_prams,&float_prams);
 663              		.loc 1 162 7 is_stmt 1 view .LVU210
 664              		.loc 1 162 17 is_stmt 0 view .LVU211
 665 0024 6A46     		mov	r2, sp
 666 0026 01A9     		add	r1, sp, #4
 667 0028 2818     		adds	r0, r5, r0
 668              	.LVL72:
 669              		.loc 1 162 17 view .LVU212
 670 002a FFF7FEFF 		bl	get_prams
ARM GAS  C:\Users\ncer\AppData\Local\Temp\ccBYMJG8.s 			page 17


 671              	.LVL73:
 163:mylib/command.c ****       CMD.func_array[i](prams_num,string_prams,float_prams);
 672              		.loc 1 163 7 is_stmt 1 view .LVU213
 673              		.loc 1 163 21 is_stmt 0 view .LVU214
 674 002e 3234     		adds	r4, r4, #50
 675              	.LVL74:
 676              		.loc 1 163 21 view .LVU215
 677 0030 0E4B     		ldr	r3, .L61
 678 0032 03EB8404 		add	r4, r3, r4, lsl #2
 679              	.LVL75:
 680              		.loc 1 163 21 view .LVU216
 681 0036 6368     		ldr	r3, [r4, #4]
 682              		.loc 1 163 7 view .LVU217
 683 0038 009A     		ldr	r2, [sp]
 684 003a 0199     		ldr	r1, [sp, #4]
 685 003c 9847     		blx	r3
 686              	.LVL76:
 164:mylib/command.c ****       free(float_prams);
 687              		.loc 1 164 7 is_stmt 1 view .LVU218
 688 003e 0098     		ldr	r0, [sp]
 689 0040 FFF7FEFF 		bl	free
 690              	.LVL77:
 165:mylib/command.c ****       for(temp=0;temp<STRING_PRAM_NUM;++temp){
 691              		.loc 1 165 7 view .LVU219
 692              		.loc 1 165 15 is_stmt 0 view .LVU220
 693 0044 0024     		movs	r4, #0
 694              		.loc 1 165 7 view .LVU221
 695 0046 05E0     		b	.L54
 696              	.LVL78:
 697              	.L55:
 166:mylib/command.c ****         free(string_prams[temp]);
 698              		.loc 1 166 9 is_stmt 1 discriminator 3 view .LVU222
 699 0048 019B     		ldr	r3, [sp, #4]
 700 004a 53F82400 		ldr	r0, [r3, r4, lsl #2]
 701 004e FFF7FEFF 		bl	free
 702              	.LVL79:
 165:mylib/command.c ****       for(temp=0;temp<STRING_PRAM_NUM;++temp){
 703              		.loc 1 165 39 discriminator 3 view .LVU223
 704 0052 0134     		adds	r4, r4, #1
 705              	.LVL80:
 706              	.L54:
 165:mylib/command.c ****       for(temp=0;temp<STRING_PRAM_NUM;++temp){
 707              		.loc 1 165 18 discriminator 1 view .LVU224
 165:mylib/command.c ****       for(temp=0;temp<STRING_PRAM_NUM;++temp){
 708              		.loc 1 165 7 is_stmt 0 discriminator 1 view .LVU225
 709 0054 032C     		cmp	r4, #3
 710 0056 F7DD     		ble	.L55
 167:mylib/command.c ****       }
 168:mylib/command.c ****       free(string_prams);
 711              		.loc 1 168 7 is_stmt 1 view .LVU226
 712 0058 0198     		ldr	r0, [sp, #4]
 713 005a FFF7FEFF 		bl	free
 714              	.LVL81:
 169:mylib/command.c ****       return ;
 715              		.loc 1 169 7 view .LVU227
 716 005e 02E0     		b	.L51
 717              	.LVL82:
ARM GAS  C:\Users\ncer\AppData\Local\Temp\ccBYMJG8.s 			page 18


 718              	.L59:
 170:mylib/command.c ****     }
 171:mylib/command.c ****   }
 172:mylib/command.c ****   uprintf("error command!\r\n");
 719              		.loc 1 172 3 view .LVU228
 720 0060 0348     		ldr	r0, .L61+4
 721 0062 FFF7FEFF 		bl	uprintf
 722              	.LVL83:
 723              	.L51:
 173:mylib/command.c **** }
 724              		.loc 1 173 1 is_stmt 0 view .LVU229
 725 0066 03B0     		add	sp, sp, #12
 726              	.LCFI9:
 727              		.cfi_def_cfa_offset 12
 728              		@ sp needed
 729 0068 30BD     		pop	{r4, r5, pc}
 730              	.LVL84:
 731              	.L62:
 732              		.loc 1 173 1 view .LVU230
 733 006a 00BF     		.align	2
 734              	.L61:
 735 006c 00000000 		.word	CMD
 736 0070 00000000 		.word	.LC0
 737              		.cfi_endproc
 738              	.LFE72:
 740              		.comm	CMD,404,4
 741              		.text
 742              	.Letext0:
 743              		.file 2 "c:\\arm_gcc\\arm-none-eabi\\include\\machine\\_default_types.h"
 744              		.file 3 "c:\\arm_gcc\\arm-none-eabi\\include\\sys\\lock.h"
 745              		.file 4 "c:\\arm_gcc\\arm-none-eabi\\include\\sys\\_types.h"
 746              		.file 5 "c:\\arm_gcc\\lib\\gcc\\arm-none-eabi\\9.2.1\\include\\stddef.h"
 747              		.file 6 "c:\\arm_gcc\\arm-none-eabi\\include\\sys\\reent.h"
 748              		.file 7 "c:\\arm_gcc\\arm-none-eabi\\include\\sys\\_stdint.h"
 749              		.file 8 "c:\\arm_gcc\\arm-none-eabi\\include\\stdlib.h"
 750              		.file 9 "mylib/command.h"
 751              		.file 10 "Drivers/CMSIS/Include/core_cm3.h"
 752              		.file 11 "Drivers/CMSIS/Device/ST/STM32F1xx/Include/system_stm32f1xx.h"
 753              		.file 12 "Drivers/CMSIS/Device/ST/STM32F1xx/Include/stm32f103xb.h"
 754              		.file 13 "Drivers/STM32F1xx_HAL_Driver/Inc/stm32f1xx_hal_def.h"
 755              		.file 14 "Drivers/STM32F1xx_HAL_Driver/Inc/stm32f1xx_hal_dma.h"
 756              		.file 15 "Drivers/STM32F1xx_HAL_Driver/Inc/stm32f1xx_hal_uart.h"
 757              		.file 16 "Drivers/STM32F1xx_HAL_Driver/Inc/stm32f1xx_hal.h"
 758              		.file 17 "Inc/usart.h"
 759              		.file 18 "c:\\arm_gcc\\arm-none-eabi\\include\\ctype.h"
 760              		.file 19 "mylib/uart_ext.h"
ARM GAS  C:\Users\ncer\AppData\Local\Temp\ccBYMJG8.s 			page 19


DEFINED SYMBOLS
                            *ABS*:00000000 command.c
C:\Users\ncer\AppData\Local\Temp\ccBYMJG8.s:17     .text.get_prams:00000000 $t
C:\Users\ncer\AppData\Local\Temp\ccBYMJG8.s:24     .text.get_prams:00000000 get_prams
C:\Users\ncer\AppData\Local\Temp\ccBYMJG8.s:367    .text.get_prams:00000154 $d
C:\Users\ncer\AppData\Local\Temp\ccBYMJG8.s:372    .text.add_cmd:00000000 $t
C:\Users\ncer\AppData\Local\Temp\ccBYMJG8.s:379    .text.add_cmd:00000000 add_cmd
C:\Users\ncer\AppData\Local\Temp\ccBYMJG8.s:418    .text.add_cmd:00000024 $d
                            *COM*:00000194 CMD
C:\Users\ncer\AppData\Local\Temp\ccBYMJG8.s:423    .text.compare_cmd:00000000 $t
C:\Users\ncer\AppData\Local\Temp\ccBYMJG8.s:430    .text.compare_cmd:00000000 compare_cmd
C:\Users\ncer\AppData\Local\Temp\ccBYMJG8.s:516    .text.compare_string:00000000 $t
C:\Users\ncer\AppData\Local\Temp\ccBYMJG8.s:523    .text.compare_string:00000000 compare_string
C:\Users\ncer\AppData\Local\Temp\ccBYMJG8.s:600    .rodata.analize.str1.4:00000000 $d
C:\Users\ncer\AppData\Local\Temp\ccBYMJG8.s:604    .text.analize:00000000 $t
C:\Users\ncer\AppData\Local\Temp\ccBYMJG8.s:611    .text.analize:00000000 analize
C:\Users\ncer\AppData\Local\Temp\ccBYMJG8.s:735    .text.analize:0000006c $d

UNDEFINED SYMBOLS
__aeabi_d2f
malloc
atof
free
_ctype_
uprintf
