ARM GAS  C:\Users\ncer\AppData\Local\Temp\ccdcqsMD.s 			page 1


   1              		.cpu cortex-m3
   2              		.eabi_attribute 20, 1
   3              		.eabi_attribute 21, 1
   4              		.eabi_attribute 23, 3
   5              		.eabi_attribute 24, 1
   6              		.eabi_attribute 25, 1
   7              		.eabi_attribute 26, 1
   8              		.eabi_attribute 30, 1
   9              		.eabi_attribute 34, 1
  10              		.eabi_attribute 18, 4
  11              		.file	"gpio.c"
  12              		.text
  13              	.Ltext0:
  14              		.cfi_sections	.debug_frame
  15              		.section	.text.MX_GPIO_Init,"ax",%progbits
  16              		.align	1
  17              		.global	MX_GPIO_Init
  18              		.arch armv7-m
  19              		.syntax unified
  20              		.thumb
  21              		.thumb_func
  22              		.fpu softvfp
  24              	MX_GPIO_Init:
  25              	.LFB65:
  26              		.file 1 "Src/gpio.c"
   1:Src/gpio.c    **** /**
   2:Src/gpio.c    ****   ******************************************************************************
   3:Src/gpio.c    ****   * File Name          : gpio.c
   4:Src/gpio.c    ****   * Description        : This file provides code for the configuration
   5:Src/gpio.c    ****   *                      of all used GPIO pins.
   6:Src/gpio.c    ****   ******************************************************************************
   7:Src/gpio.c    ****   * @attention
   8:Src/gpio.c    ****   *
   9:Src/gpio.c    ****   * <h2><center>&copy; Copyright (c) 2019 STMicroelectronics.
  10:Src/gpio.c    ****   * All rights reserved.</center></h2>
  11:Src/gpio.c    ****   *
  12:Src/gpio.c    ****   * This software component is licensed by ST under BSD 3-Clause license,
  13:Src/gpio.c    ****   * the "License"; You may not use this file except in compliance with the
  14:Src/gpio.c    ****   * License. You may obtain a copy of the License at:
  15:Src/gpio.c    ****   *                        opensource.org/licenses/BSD-3-Clause
  16:Src/gpio.c    ****   *
  17:Src/gpio.c    ****   ******************************************************************************
  18:Src/gpio.c    ****   */
  19:Src/gpio.c    **** 
  20:Src/gpio.c    **** /* Includes ------------------------------------------------------------------*/
  21:Src/gpio.c    **** #include "gpio.h"
  22:Src/gpio.c    **** /* USER CODE BEGIN 0 */
  23:Src/gpio.c    **** 
  24:Src/gpio.c    **** /* USER CODE END 0 */
  25:Src/gpio.c    **** 
  26:Src/gpio.c    **** /*----------------------------------------------------------------------------*/
  27:Src/gpio.c    **** /* Configure GPIO                                                             */
  28:Src/gpio.c    **** /*----------------------------------------------------------------------------*/
  29:Src/gpio.c    **** /* USER CODE BEGIN 1 */
  30:Src/gpio.c    **** 
  31:Src/gpio.c    **** /* USER CODE END 1 */
  32:Src/gpio.c    **** 
ARM GAS  C:\Users\ncer\AppData\Local\Temp\ccdcqsMD.s 			page 2


  33:Src/gpio.c    **** /** Configure pins as 
  34:Src/gpio.c    ****         * Analog 
  35:Src/gpio.c    ****         * Input 
  36:Src/gpio.c    ****         * Output
  37:Src/gpio.c    ****         * EVENT_OUT
  38:Src/gpio.c    ****         * EXTI
  39:Src/gpio.c    **** */
  40:Src/gpio.c    **** void MX_GPIO_Init(void)
  41:Src/gpio.c    **** {
  27              		.loc 1 41 1 view -0
  28              		.cfi_startproc
  29              		@ args = 0, pretend = 0, frame = 24
  30              		@ frame_needed = 0, uses_anonymous_args = 0
  31 0000 2DE9F041 		push	{r4, r5, r6, r7, r8, lr}
  32              	.LCFI0:
  33              		.cfi_def_cfa_offset 24
  34              		.cfi_offset 4, -24
  35              		.cfi_offset 5, -20
  36              		.cfi_offset 6, -16
  37              		.cfi_offset 7, -12
  38              		.cfi_offset 8, -8
  39              		.cfi_offset 14, -4
  40 0004 86B0     		sub	sp, sp, #24
  41              	.LCFI1:
  42              		.cfi_def_cfa_offset 48
  42:Src/gpio.c    **** 
  43:Src/gpio.c    ****   GPIO_InitTypeDef GPIO_InitStruct = {0};
  43              		.loc 1 43 3 view .LVU1
  44              		.loc 1 43 20 is_stmt 0 view .LVU2
  45 0006 0024     		movs	r4, #0
  46 0008 0294     		str	r4, [sp, #8]
  47 000a 0394     		str	r4, [sp, #12]
  48 000c 0494     		str	r4, [sp, #16]
  49 000e 0594     		str	r4, [sp, #20]
  44:Src/gpio.c    **** 
  45:Src/gpio.c    ****   /* GPIO Ports Clock Enable */
  46:Src/gpio.c    ****   __HAL_RCC_GPIOA_CLK_ENABLE();
  50              		.loc 1 46 3 is_stmt 1 view .LVU3
  51              	.LBB2:
  52              		.loc 1 46 3 view .LVU4
  53              		.loc 1 46 3 view .LVU5
  54 0010 214B     		ldr	r3, .L3
  55 0012 9A69     		ldr	r2, [r3, #24]
  56 0014 42F00402 		orr	r2, r2, #4
  57 0018 9A61     		str	r2, [r3, #24]
  58              		.loc 1 46 3 view .LVU6
  59 001a 9A69     		ldr	r2, [r3, #24]
  60 001c 02F00402 		and	r2, r2, #4
  61 0020 0092     		str	r2, [sp]
  62              		.loc 1 46 3 view .LVU7
  63 0022 009A     		ldr	r2, [sp]
  64              	.LBE2:
  65              		.loc 1 46 3 view .LVU8
  47:Src/gpio.c    ****   __HAL_RCC_GPIOB_CLK_ENABLE();
  66              		.loc 1 47 3 view .LVU9
  67              	.LBB3:
  68              		.loc 1 47 3 view .LVU10
ARM GAS  C:\Users\ncer\AppData\Local\Temp\ccdcqsMD.s 			page 3


  69              		.loc 1 47 3 view .LVU11
  70 0024 9A69     		ldr	r2, [r3, #24]
  71 0026 42F00802 		orr	r2, r2, #8
  72 002a 9A61     		str	r2, [r3, #24]
  73              		.loc 1 47 3 view .LVU12
  74 002c 9B69     		ldr	r3, [r3, #24]
  75 002e 03F00803 		and	r3, r3, #8
  76 0032 0193     		str	r3, [sp, #4]
  77              		.loc 1 47 3 view .LVU13
  78 0034 019B     		ldr	r3, [sp, #4]
  79              	.LBE3:
  80              		.loc 1 47 3 view .LVU14
  48:Src/gpio.c    **** 
  49:Src/gpio.c    ****   /*Configure GPIO pin Output Level */
  50:Src/gpio.c    ****   HAL_GPIO_WritePin(GPIOA, CSN_Pin|CE_Pin, GPIO_PIN_RESET);
  81              		.loc 1 50 3 view .LVU15
  82 0036 DFF86C80 		ldr	r8, .L3+12
  83 003a 2246     		mov	r2, r4
  84 003c 4FF40141 		mov	r1, #33024
  85 0040 4046     		mov	r0, r8
  86 0042 FFF7FEFF 		bl	HAL_GPIO_WritePin
  87              	.LVL0:
  51:Src/gpio.c    **** 
  52:Src/gpio.c    ****   /*Configure GPIO pin Output Level */
  53:Src/gpio.c    ****   HAL_GPIO_WritePin(LED_GPIO_Port, LED_Pin, GPIO_PIN_RESET);
  88              		.loc 1 53 3 view .LVU16
  89 0046 154D     		ldr	r5, .L3+4
  90 0048 2246     		mov	r2, r4
  91 004a 0821     		movs	r1, #8
  92 004c 2846     		mov	r0, r5
  93 004e FFF7FEFF 		bl	HAL_GPIO_WritePin
  94              	.LVL1:
  54:Src/gpio.c    **** 
  55:Src/gpio.c    ****   /*Configure GPIO pin : PtPin */
  56:Src/gpio.c    ****   GPIO_InitStruct.Pin = IRQ_Pin;
  95              		.loc 1 56 3 view .LVU17
  96              		.loc 1 56 23 is_stmt 0 view .LVU18
  97 0052 4FF48053 		mov	r3, #4096
  98 0056 0293     		str	r3, [sp, #8]
  57:Src/gpio.c    ****   GPIO_InitStruct.Mode = GPIO_MODE_IT_FALLING;
  99              		.loc 1 57 3 is_stmt 1 view .LVU19
 100              		.loc 1 57 24 is_stmt 0 view .LVU20
 101 0058 114B     		ldr	r3, .L3+8
 102 005a 0393     		str	r3, [sp, #12]
  58:Src/gpio.c    ****   GPIO_InitStruct.Pull = GPIO_PULLUP;
 103              		.loc 1 58 3 is_stmt 1 view .LVU21
 104              		.loc 1 58 24 is_stmt 0 view .LVU22
 105 005c 0126     		movs	r6, #1
 106 005e 0496     		str	r6, [sp, #16]
  59:Src/gpio.c    ****   HAL_GPIO_Init(IRQ_GPIO_Port, &GPIO_InitStruct);
 107              		.loc 1 59 3 is_stmt 1 view .LVU23
 108 0060 02A9     		add	r1, sp, #8
 109 0062 2846     		mov	r0, r5
 110 0064 FFF7FEFF 		bl	HAL_GPIO_Init
 111              	.LVL2:
  60:Src/gpio.c    **** 
  61:Src/gpio.c    ****   /*Configure GPIO pins : PAPin PAPin */
ARM GAS  C:\Users\ncer\AppData\Local\Temp\ccdcqsMD.s 			page 4


  62:Src/gpio.c    ****   GPIO_InitStruct.Pin = CSN_Pin|CE_Pin;
 112              		.loc 1 62 3 view .LVU24
 113              		.loc 1 62 23 is_stmt 0 view .LVU25
 114 0068 4FF40143 		mov	r3, #33024
 115 006c 0293     		str	r3, [sp, #8]
  63:Src/gpio.c    ****   GPIO_InitStruct.Mode = GPIO_MODE_OUTPUT_PP;
 116              		.loc 1 63 3 is_stmt 1 view .LVU26
 117              		.loc 1 63 24 is_stmt 0 view .LVU27
 118 006e 0396     		str	r6, [sp, #12]
  64:Src/gpio.c    ****   GPIO_InitStruct.Pull = GPIO_NOPULL;
 119              		.loc 1 64 3 is_stmt 1 view .LVU28
 120              		.loc 1 64 24 is_stmt 0 view .LVU29
 121 0070 0494     		str	r4, [sp, #16]
  65:Src/gpio.c    ****   GPIO_InitStruct.Speed = GPIO_SPEED_FREQ_LOW;
 122              		.loc 1 65 3 is_stmt 1 view .LVU30
 123              		.loc 1 65 25 is_stmt 0 view .LVU31
 124 0072 0227     		movs	r7, #2
 125 0074 0597     		str	r7, [sp, #20]
  66:Src/gpio.c    ****   HAL_GPIO_Init(GPIOA, &GPIO_InitStruct);
 126              		.loc 1 66 3 is_stmt 1 view .LVU32
 127 0076 02A9     		add	r1, sp, #8
 128 0078 4046     		mov	r0, r8
 129 007a FFF7FEFF 		bl	HAL_GPIO_Init
 130              	.LVL3:
  67:Src/gpio.c    **** 
  68:Src/gpio.c    ****   /*Configure GPIO pin : PtPin */
  69:Src/gpio.c    ****   GPIO_InitStruct.Pin = LED_Pin;
 131              		.loc 1 69 3 view .LVU33
 132              		.loc 1 69 23 is_stmt 0 view .LVU34
 133 007e 0823     		movs	r3, #8
 134 0080 0293     		str	r3, [sp, #8]
  70:Src/gpio.c    ****   GPIO_InitStruct.Mode = GPIO_MODE_OUTPUT_PP;
 135              		.loc 1 70 3 is_stmt 1 view .LVU35
 136              		.loc 1 70 24 is_stmt 0 view .LVU36
 137 0082 0396     		str	r6, [sp, #12]
  71:Src/gpio.c    ****   GPIO_InitStruct.Pull = GPIO_NOPULL;
 138              		.loc 1 71 3 is_stmt 1 view .LVU37
 139              		.loc 1 71 24 is_stmt 0 view .LVU38
 140 0084 0494     		str	r4, [sp, #16]
  72:Src/gpio.c    ****   GPIO_InitStruct.Speed = GPIO_SPEED_FREQ_LOW;
 141              		.loc 1 72 3 is_stmt 1 view .LVU39
 142              		.loc 1 72 25 is_stmt 0 view .LVU40
 143 0086 0597     		str	r7, [sp, #20]
  73:Src/gpio.c    ****   HAL_GPIO_Init(LED_GPIO_Port, &GPIO_InitStruct);
 144              		.loc 1 73 3 is_stmt 1 view .LVU41
 145 0088 0DEB0301 		add	r1, sp, r3
 146 008c 2846     		mov	r0, r5
 147 008e FFF7FEFF 		bl	HAL_GPIO_Init
 148              	.LVL4:
  74:Src/gpio.c    **** 
  75:Src/gpio.c    **** 
  76:Src/gpio.c    ****   //HAL_NVIC_SetPriority(EXTI15_10_IRQn, 2, 0);
  77:Src/gpio.c    **** //  HAL_NVIC_EnableIRQ(EXTI15_10_IRQn);
  78:Src/gpio.c    **** 
  79:Src/gpio.c    **** }
 149              		.loc 1 79 1 is_stmt 0 view .LVU42
 150 0092 06B0     		add	sp, sp, #24
ARM GAS  C:\Users\ncer\AppData\Local\Temp\ccdcqsMD.s 			page 5


 151              	.LCFI2:
 152              		.cfi_def_cfa_offset 24
 153              		@ sp needed
 154 0094 BDE8F081 		pop	{r4, r5, r6, r7, r8, pc}
 155              	.L4:
 156              		.align	2
 157              	.L3:
 158 0098 00100240 		.word	1073876992
 159 009c 000C0140 		.word	1073810432
 160 00a0 00002110 		.word	270598144
 161 00a4 00080140 		.word	1073809408
 162              		.cfi_endproc
 163              	.LFE65:
 165              		.text
 166              	.Letext0:
 167              		.file 2 "c:\\arm_gcc\\arm-none-eabi\\include\\machine\\_default_types.h"
 168              		.file 3 "c:\\arm_gcc\\arm-none-eabi\\include\\sys\\_stdint.h"
 169              		.file 4 "Drivers/CMSIS/Include/core_cm3.h"
 170              		.file 5 "Drivers/CMSIS/Device/ST/STM32F1xx/Include/system_stm32f1xx.h"
 171              		.file 6 "Drivers/CMSIS/Device/ST/STM32F1xx/Include/stm32f103xb.h"
 172              		.file 7 "Drivers/STM32F1xx_HAL_Driver/Inc/stm32f1xx_hal_gpio.h"
 173              		.file 8 "Drivers/STM32F1xx_HAL_Driver/Inc/stm32f1xx_hal.h"
ARM GAS  C:\Users\ncer\AppData\Local\Temp\ccdcqsMD.s 			page 6


DEFINED SYMBOLS
                            *ABS*:00000000 gpio.c
C:\Users\ncer\AppData\Local\Temp\ccdcqsMD.s:16     .text.MX_GPIO_Init:00000000 $t
C:\Users\ncer\AppData\Local\Temp\ccdcqsMD.s:24     .text.MX_GPIO_Init:00000000 MX_GPIO_Init
C:\Users\ncer\AppData\Local\Temp\ccdcqsMD.s:158    .text.MX_GPIO_Init:00000098 $d

UNDEFINED SYMBOLS
HAL_GPIO_WritePin
HAL_GPIO_Init
