ARM GAS  C:\Users\ncer\AppData\Local\Temp\ccvkUM8F.s 			page 1


   1              		.cpu cortex-m3
   2              		.eabi_attribute 20, 1
   3              		.eabi_attribute 21, 1
   4              		.eabi_attribute 23, 3
   5              		.eabi_attribute 24, 1
   6              		.eabi_attribute 25, 1
   7              		.eabi_attribute 26, 1
   8              		.eabi_attribute 30, 1
   9              		.eabi_attribute 34, 1
  10              		.eabi_attribute 18, 4
  11              		.file	"i2c.c"
  12              		.text
  13              	.Ltext0:
  14              		.cfi_sections	.debug_frame
  15              		.section	.text.MX_I2C1_Init,"ax",%progbits
  16              		.align	1
  17              		.global	MX_I2C1_Init
  18              		.arch armv7-m
  19              		.syntax unified
  20              		.thumb
  21              		.thumb_func
  22              		.fpu softvfp
  24              	MX_I2C1_Init:
  25              	.LFB65:
  26              		.file 1 "Src/i2c.c"
   1:Src/i2c.c     **** /**
   2:Src/i2c.c     ****   ******************************************************************************
   3:Src/i2c.c     ****   * File Name          : I2C.c
   4:Src/i2c.c     ****   * Description        : This file provides code for the configuration
   5:Src/i2c.c     ****   *                      of the I2C instances.
   6:Src/i2c.c     ****   ******************************************************************************
   7:Src/i2c.c     ****   * @attention
   8:Src/i2c.c     ****   *
   9:Src/i2c.c     ****   * <h2><center>&copy; Copyright (c) 2019 STMicroelectronics.
  10:Src/i2c.c     ****   * All rights reserved.</center></h2>
  11:Src/i2c.c     ****   *
  12:Src/i2c.c     ****   * This software component is licensed by ST under BSD 3-Clause license,
  13:Src/i2c.c     ****   * the "License"; You may not use this file except in compliance with the
  14:Src/i2c.c     ****   * License. You may obtain a copy of the License at:
  15:Src/i2c.c     ****   *                        opensource.org/licenses/BSD-3-Clause
  16:Src/i2c.c     ****   *
  17:Src/i2c.c     ****   ******************************************************************************
  18:Src/i2c.c     ****   */
  19:Src/i2c.c     **** 
  20:Src/i2c.c     **** /* Includes ------------------------------------------------------------------*/
  21:Src/i2c.c     **** #include "i2c.h"
  22:Src/i2c.c     **** 
  23:Src/i2c.c     **** /* USER CODE BEGIN 0 */
  24:Src/i2c.c     **** 
  25:Src/i2c.c     **** /* USER CODE END 0 */
  26:Src/i2c.c     **** 
  27:Src/i2c.c     **** I2C_HandleTypeDef hi2c1;
  28:Src/i2c.c     **** 
  29:Src/i2c.c     **** /* I2C1 init function */
  30:Src/i2c.c     **** void MX_I2C1_Init(void)
  31:Src/i2c.c     **** {
  27              		.loc 1 31 1 view -0
ARM GAS  C:\Users\ncer\AppData\Local\Temp\ccvkUM8F.s 			page 2


  28              		.cfi_startproc
  29              		@ args = 0, pretend = 0, frame = 0
  30              		@ frame_needed = 0, uses_anonymous_args = 0
  31 0000 08B5     		push	{r3, lr}
  32              	.LCFI0:
  33              		.cfi_def_cfa_offset 8
  34              		.cfi_offset 3, -8
  35              		.cfi_offset 14, -4
  32:Src/i2c.c     **** 
  33:Src/i2c.c     ****   hi2c1.Instance = I2C1;
  36              		.loc 1 33 3 view .LVU1
  37              		.loc 1 33 18 is_stmt 0 view .LVU2
  38 0002 0B48     		ldr	r0, .L5
  39 0004 0B4B     		ldr	r3, .L5+4
  40 0006 0360     		str	r3, [r0]
  34:Src/i2c.c     ****   hi2c1.Init.ClockSpeed = 100000;
  41              		.loc 1 34 3 is_stmt 1 view .LVU3
  42              		.loc 1 34 25 is_stmt 0 view .LVU4
  43 0008 0B4B     		ldr	r3, .L5+8
  44 000a 4360     		str	r3, [r0, #4]
  35:Src/i2c.c     ****   hi2c1.Init.DutyCycle = I2C_DUTYCYCLE_2;
  45              		.loc 1 35 3 is_stmt 1 view .LVU5
  46              		.loc 1 35 24 is_stmt 0 view .LVU6
  47 000c 0023     		movs	r3, #0
  48 000e 8360     		str	r3, [r0, #8]
  36:Src/i2c.c     ****   hi2c1.Init.OwnAddress1 = 0;
  49              		.loc 1 36 3 is_stmt 1 view .LVU7
  50              		.loc 1 36 26 is_stmt 0 view .LVU8
  51 0010 C360     		str	r3, [r0, #12]
  37:Src/i2c.c     ****   hi2c1.Init.AddressingMode = I2C_ADDRESSINGMODE_7BIT;
  52              		.loc 1 37 3 is_stmt 1 view .LVU9
  53              		.loc 1 37 29 is_stmt 0 view .LVU10
  54 0012 4FF48042 		mov	r2, #16384
  55 0016 0261     		str	r2, [r0, #16]
  38:Src/i2c.c     ****   hi2c1.Init.DualAddressMode = I2C_DUALADDRESS_DISABLE;
  56              		.loc 1 38 3 is_stmt 1 view .LVU11
  57              		.loc 1 38 30 is_stmt 0 view .LVU12
  58 0018 4361     		str	r3, [r0, #20]
  39:Src/i2c.c     ****   hi2c1.Init.OwnAddress2 = 0;
  59              		.loc 1 39 3 is_stmt 1 view .LVU13
  60              		.loc 1 39 26 is_stmt 0 view .LVU14
  61 001a 8361     		str	r3, [r0, #24]
  40:Src/i2c.c     ****   hi2c1.Init.GeneralCallMode = I2C_GENERALCALL_DISABLE;
  62              		.loc 1 40 3 is_stmt 1 view .LVU15
  63              		.loc 1 40 30 is_stmt 0 view .LVU16
  64 001c C361     		str	r3, [r0, #28]
  41:Src/i2c.c     ****   hi2c1.Init.NoStretchMode = I2C_NOSTRETCH_DISABLE;
  65              		.loc 1 41 3 is_stmt 1 view .LVU17
  66              		.loc 1 41 28 is_stmt 0 view .LVU18
  67 001e 0362     		str	r3, [r0, #32]
  42:Src/i2c.c     ****   if (HAL_I2C_Init(&hi2c1) != HAL_OK)
  68              		.loc 1 42 3 is_stmt 1 view .LVU19
  69              		.loc 1 42 7 is_stmt 0 view .LVU20
  70 0020 FFF7FEFF 		bl	HAL_I2C_Init
  71              	.LVL0:
  72              		.loc 1 42 6 view .LVU21
  73 0024 00B9     		cbnz	r0, .L4
ARM GAS  C:\Users\ncer\AppData\Local\Temp\ccvkUM8F.s 			page 3


  74              	.L1:
  43:Src/i2c.c     ****   {
  44:Src/i2c.c     ****     Error_Handler();
  45:Src/i2c.c     ****   }
  46:Src/i2c.c     **** 
  47:Src/i2c.c     **** }
  75              		.loc 1 47 1 view .LVU22
  76 0026 08BD     		pop	{r3, pc}
  77              	.L4:
  44:Src/i2c.c     ****   }
  78              		.loc 1 44 5 is_stmt 1 view .LVU23
  79 0028 FFF7FEFF 		bl	Error_Handler
  80              	.LVL1:
  81              		.loc 1 47 1 is_stmt 0 view .LVU24
  82 002c FBE7     		b	.L1
  83              	.L6:
  84 002e 00BF     		.align	2
  85              	.L5:
  86 0030 00000000 		.word	hi2c1
  87 0034 00540040 		.word	1073763328
  88 0038 A0860100 		.word	100000
  89              		.cfi_endproc
  90              	.LFE65:
  92              		.section	.text.HAL_I2C_MspInit,"ax",%progbits
  93              		.align	1
  94              		.global	HAL_I2C_MspInit
  95              		.syntax unified
  96              		.thumb
  97              		.thumb_func
  98              		.fpu softvfp
 100              	HAL_I2C_MspInit:
 101              	.LVL2:
 102              	.LFB66:
  48:Src/i2c.c     **** 
  49:Src/i2c.c     **** void HAL_I2C_MspInit(I2C_HandleTypeDef* i2cHandle)
  50:Src/i2c.c     **** {
 103              		.loc 1 50 1 is_stmt 1 view -0
 104              		.cfi_startproc
 105              		@ args = 0, pretend = 0, frame = 24
 106              		@ frame_needed = 0, uses_anonymous_args = 0
 107              		.loc 1 50 1 is_stmt 0 view .LVU26
 108 0000 10B5     		push	{r4, lr}
 109              	.LCFI1:
 110              		.cfi_def_cfa_offset 8
 111              		.cfi_offset 4, -8
 112              		.cfi_offset 14, -4
 113 0002 86B0     		sub	sp, sp, #24
 114              	.LCFI2:
 115              		.cfi_def_cfa_offset 32
  51:Src/i2c.c     **** 
  52:Src/i2c.c     ****   GPIO_InitTypeDef GPIO_InitStruct = {0};
 116              		.loc 1 52 3 is_stmt 1 view .LVU27
 117              		.loc 1 52 20 is_stmt 0 view .LVU28
 118 0004 0023     		movs	r3, #0
 119 0006 0293     		str	r3, [sp, #8]
 120 0008 0393     		str	r3, [sp, #12]
 121 000a 0493     		str	r3, [sp, #16]
ARM GAS  C:\Users\ncer\AppData\Local\Temp\ccvkUM8F.s 			page 4


 122 000c 0593     		str	r3, [sp, #20]
  53:Src/i2c.c     ****   if(i2cHandle->Instance==I2C1)
 123              		.loc 1 53 3 is_stmt 1 view .LVU29
 124              		.loc 1 53 15 is_stmt 0 view .LVU30
 125 000e 0268     		ldr	r2, [r0]
 126              		.loc 1 53 5 view .LVU31
 127 0010 154B     		ldr	r3, .L11
 128 0012 9A42     		cmp	r2, r3
 129 0014 01D0     		beq	.L10
 130              	.LVL3:
 131              	.L7:
  54:Src/i2c.c     ****   {
  55:Src/i2c.c     ****   /* USER CODE BEGIN I2C1_MspInit 0 */
  56:Src/i2c.c     **** 
  57:Src/i2c.c     ****   /* USER CODE END I2C1_MspInit 0 */
  58:Src/i2c.c     ****   
  59:Src/i2c.c     ****     __HAL_RCC_GPIOB_CLK_ENABLE();
  60:Src/i2c.c     ****     /**I2C1 GPIO Configuration    
  61:Src/i2c.c     ****     PB8     ------> I2C1_SCL
  62:Src/i2c.c     ****     PB9     ------> I2C1_SDA 
  63:Src/i2c.c     ****     */
  64:Src/i2c.c     ****     GPIO_InitStruct.Pin = GPIO_PIN_8|GPIO_PIN_9;
  65:Src/i2c.c     ****     GPIO_InitStruct.Mode = GPIO_MODE_AF_OD;
  66:Src/i2c.c     ****     GPIO_InitStruct.Speed = GPIO_SPEED_FREQ_HIGH;
  67:Src/i2c.c     ****     HAL_GPIO_Init(GPIOB, &GPIO_InitStruct);
  68:Src/i2c.c     **** 
  69:Src/i2c.c     ****     __HAL_AFIO_REMAP_I2C1_ENABLE();
  70:Src/i2c.c     **** 
  71:Src/i2c.c     ****     /* I2C1 clock enable */
  72:Src/i2c.c     ****     __HAL_RCC_I2C1_CLK_ENABLE();
  73:Src/i2c.c     ****   /* USER CODE BEGIN I2C1_MspInit 1 */
  74:Src/i2c.c     **** 
  75:Src/i2c.c     ****   /* USER CODE END I2C1_MspInit 1 */
  76:Src/i2c.c     ****   }
  77:Src/i2c.c     **** }
 132              		.loc 1 77 1 view .LVU32
 133 0016 06B0     		add	sp, sp, #24
 134              	.LCFI3:
 135              		.cfi_remember_state
 136              		.cfi_def_cfa_offset 8
 137              		@ sp needed
 138 0018 10BD     		pop	{r4, pc}
 139              	.LVL4:
 140              	.L10:
 141              	.LCFI4:
 142              		.cfi_restore_state
  59:Src/i2c.c     ****     /**I2C1 GPIO Configuration    
 143              		.loc 1 59 5 is_stmt 1 view .LVU33
 144              	.LBB2:
  59:Src/i2c.c     ****     /**I2C1 GPIO Configuration    
 145              		.loc 1 59 5 view .LVU34
  59:Src/i2c.c     ****     /**I2C1 GPIO Configuration    
 146              		.loc 1 59 5 view .LVU35
 147 001a 144C     		ldr	r4, .L11+4
 148 001c A369     		ldr	r3, [r4, #24]
 149 001e 43F00803 		orr	r3, r3, #8
 150 0022 A361     		str	r3, [r4, #24]
ARM GAS  C:\Users\ncer\AppData\Local\Temp\ccvkUM8F.s 			page 5


  59:Src/i2c.c     ****     /**I2C1 GPIO Configuration    
 151              		.loc 1 59 5 view .LVU36
 152 0024 A369     		ldr	r3, [r4, #24]
 153 0026 03F00803 		and	r3, r3, #8
 154 002a 0093     		str	r3, [sp]
  59:Src/i2c.c     ****     /**I2C1 GPIO Configuration    
 155              		.loc 1 59 5 view .LVU37
 156 002c 009B     		ldr	r3, [sp]
 157              	.LBE2:
  59:Src/i2c.c     ****     /**I2C1 GPIO Configuration    
 158              		.loc 1 59 5 view .LVU38
  64:Src/i2c.c     ****     GPIO_InitStruct.Mode = GPIO_MODE_AF_OD;
 159              		.loc 1 64 5 view .LVU39
  64:Src/i2c.c     ****     GPIO_InitStruct.Mode = GPIO_MODE_AF_OD;
 160              		.loc 1 64 25 is_stmt 0 view .LVU40
 161 002e 4FF44073 		mov	r3, #768
 162 0032 0293     		str	r3, [sp, #8]
  65:Src/i2c.c     ****     GPIO_InitStruct.Speed = GPIO_SPEED_FREQ_HIGH;
 163              		.loc 1 65 5 is_stmt 1 view .LVU41
  65:Src/i2c.c     ****     GPIO_InitStruct.Speed = GPIO_SPEED_FREQ_HIGH;
 164              		.loc 1 65 26 is_stmt 0 view .LVU42
 165 0034 1223     		movs	r3, #18
 166 0036 0393     		str	r3, [sp, #12]
  66:Src/i2c.c     ****     HAL_GPIO_Init(GPIOB, &GPIO_InitStruct);
 167              		.loc 1 66 5 is_stmt 1 view .LVU43
  66:Src/i2c.c     ****     HAL_GPIO_Init(GPIOB, &GPIO_InitStruct);
 168              		.loc 1 66 27 is_stmt 0 view .LVU44
 169 0038 0323     		movs	r3, #3
 170 003a 0593     		str	r3, [sp, #20]
  67:Src/i2c.c     **** 
 171              		.loc 1 67 5 is_stmt 1 view .LVU45
 172 003c 02A9     		add	r1, sp, #8
 173 003e 0C48     		ldr	r0, .L11+8
 174              	.LVL5:
  67:Src/i2c.c     **** 
 175              		.loc 1 67 5 is_stmt 0 view .LVU46
 176 0040 FFF7FEFF 		bl	HAL_GPIO_Init
 177              	.LVL6:
  69:Src/i2c.c     **** 
 178              		.loc 1 69 5 is_stmt 1 view .LVU47
 179              	.LBB3:
  69:Src/i2c.c     **** 
 180              		.loc 1 69 5 view .LVU48
 181 0044 0B4A     		ldr	r2, .L11+12
 182 0046 5368     		ldr	r3, [r2, #4]
 183              	.LVL7:
  69:Src/i2c.c     **** 
 184              		.loc 1 69 5 view .LVU49
  69:Src/i2c.c     **** 
 185              		.loc 1 69 5 view .LVU50
 186 0048 43F0E063 		orr	r3, r3, #117440512
 187              	.LVL8:
  69:Src/i2c.c     **** 
 188              		.loc 1 69 5 is_stmt 0 view .LVU51
 189 004c 43F00203 		orr	r3, r3, #2
 190              	.LVL9:
  69:Src/i2c.c     **** 
ARM GAS  C:\Users\ncer\AppData\Local\Temp\ccvkUM8F.s 			page 6


 191              		.loc 1 69 5 is_stmt 1 view .LVU52
 192 0050 5360     		str	r3, [r2, #4]
 193              	.LBE3:
  69:Src/i2c.c     **** 
 194              		.loc 1 69 5 view .LVU53
  72:Src/i2c.c     ****   /* USER CODE BEGIN I2C1_MspInit 1 */
 195              		.loc 1 72 5 view .LVU54
 196              	.LBB4:
  72:Src/i2c.c     ****   /* USER CODE BEGIN I2C1_MspInit 1 */
 197              		.loc 1 72 5 view .LVU55
  72:Src/i2c.c     ****   /* USER CODE BEGIN I2C1_MspInit 1 */
 198              		.loc 1 72 5 view .LVU56
 199 0052 E369     		ldr	r3, [r4, #28]
 200              	.LVL10:
  72:Src/i2c.c     ****   /* USER CODE BEGIN I2C1_MspInit 1 */
 201              		.loc 1 72 5 is_stmt 0 view .LVU57
 202 0054 43F40013 		orr	r3, r3, #2097152
 203 0058 E361     		str	r3, [r4, #28]
 204              	.LVL11:
  72:Src/i2c.c     ****   /* USER CODE BEGIN I2C1_MspInit 1 */
 205              		.loc 1 72 5 is_stmt 1 view .LVU58
 206 005a E369     		ldr	r3, [r4, #28]
 207 005c 03F40013 		and	r3, r3, #2097152
 208 0060 0193     		str	r3, [sp, #4]
  72:Src/i2c.c     ****   /* USER CODE BEGIN I2C1_MspInit 1 */
 209              		.loc 1 72 5 view .LVU59
 210 0062 019B     		ldr	r3, [sp, #4]
 211              	.LBE4:
  72:Src/i2c.c     ****   /* USER CODE BEGIN I2C1_MspInit 1 */
 212              		.loc 1 72 5 view .LVU60
 213              		.loc 1 77 1 is_stmt 0 view .LVU61
 214 0064 D7E7     		b	.L7
 215              	.L12:
 216 0066 00BF     		.align	2
 217              	.L11:
 218 0068 00540040 		.word	1073763328
 219 006c 00100240 		.word	1073876992
 220 0070 000C0140 		.word	1073810432
 221 0074 00000140 		.word	1073807360
 222              		.cfi_endproc
 223              	.LFE66:
 225              		.section	.text.HAL_I2C_MspDeInit,"ax",%progbits
 226              		.align	1
 227              		.global	HAL_I2C_MspDeInit
 228              		.syntax unified
 229              		.thumb
 230              		.thumb_func
 231              		.fpu softvfp
 233              	HAL_I2C_MspDeInit:
 234              	.LVL12:
 235              	.LFB67:
  78:Src/i2c.c     **** 
  79:Src/i2c.c     **** void HAL_I2C_MspDeInit(I2C_HandleTypeDef* i2cHandle)
  80:Src/i2c.c     **** {
 236              		.loc 1 80 1 is_stmt 1 view -0
 237              		.cfi_startproc
 238              		@ args = 0, pretend = 0, frame = 0
ARM GAS  C:\Users\ncer\AppData\Local\Temp\ccvkUM8F.s 			page 7


 239              		@ frame_needed = 0, uses_anonymous_args = 0
 240              		.loc 1 80 1 is_stmt 0 view .LVU63
 241 0000 08B5     		push	{r3, lr}
 242              	.LCFI5:
 243              		.cfi_def_cfa_offset 8
 244              		.cfi_offset 3, -8
 245              		.cfi_offset 14, -4
  81:Src/i2c.c     **** 
  82:Src/i2c.c     ****   if(i2cHandle->Instance==I2C1)
 246              		.loc 1 82 3 is_stmt 1 view .LVU64
 247              		.loc 1 82 15 is_stmt 0 view .LVU65
 248 0002 0268     		ldr	r2, [r0]
 249              		.loc 1 82 5 view .LVU66
 250 0004 074B     		ldr	r3, .L17
 251 0006 9A42     		cmp	r2, r3
 252 0008 00D0     		beq	.L16
 253              	.LVL13:
 254              	.L13:
  83:Src/i2c.c     ****   {
  84:Src/i2c.c     ****   /* USER CODE BEGIN I2C1_MspDeInit 0 */
  85:Src/i2c.c     **** 
  86:Src/i2c.c     ****   /* USER CODE END I2C1_MspDeInit 0 */
  87:Src/i2c.c     ****     /* Peripheral clock disable */
  88:Src/i2c.c     ****     __HAL_RCC_I2C1_CLK_DISABLE();
  89:Src/i2c.c     ****   
  90:Src/i2c.c     ****     /**I2C1 GPIO Configuration    
  91:Src/i2c.c     ****     PB8     ------> I2C1_SCL
  92:Src/i2c.c     ****     PB9     ------> I2C1_SDA 
  93:Src/i2c.c     ****     */
  94:Src/i2c.c     ****     HAL_GPIO_DeInit(GPIOB, GPIO_PIN_8|GPIO_PIN_9);
  95:Src/i2c.c     **** 
  96:Src/i2c.c     ****   /* USER CODE BEGIN I2C1_MspDeInit 1 */
  97:Src/i2c.c     **** 
  98:Src/i2c.c     ****   /* USER CODE END I2C1_MspDeInit 1 */
  99:Src/i2c.c     ****   }
 100:Src/i2c.c     **** } 
 255              		.loc 1 100 1 view .LVU67
 256 000a 08BD     		pop	{r3, pc}
 257              	.LVL14:
 258              	.L16:
  88:Src/i2c.c     ****   
 259              		.loc 1 88 5 is_stmt 1 view .LVU68
 260 000c 064A     		ldr	r2, .L17+4
 261 000e D369     		ldr	r3, [r2, #28]
 262 0010 23F40013 		bic	r3, r3, #2097152
 263 0014 D361     		str	r3, [r2, #28]
  94:Src/i2c.c     **** 
 264              		.loc 1 94 5 view .LVU69
 265 0016 4FF44071 		mov	r1, #768
 266 001a 0448     		ldr	r0, .L17+8
 267              	.LVL15:
  94:Src/i2c.c     **** 
 268              		.loc 1 94 5 is_stmt 0 view .LVU70
 269 001c FFF7FEFF 		bl	HAL_GPIO_DeInit
 270              	.LVL16:
 271              		.loc 1 100 1 view .LVU71
 272 0020 F3E7     		b	.L13
ARM GAS  C:\Users\ncer\AppData\Local\Temp\ccvkUM8F.s 			page 8


 273              	.L18:
 274 0022 00BF     		.align	2
 275              	.L17:
 276 0024 00540040 		.word	1073763328
 277 0028 00100240 		.word	1073876992
 278 002c 000C0140 		.word	1073810432
 279              		.cfi_endproc
 280              	.LFE67:
 282              		.comm	hi2c1,84,4
 283              		.text
 284              	.Letext0:
 285              		.file 2 "c:\\arm_gcc\\arm-none-eabi\\include\\machine\\_default_types.h"
 286              		.file 3 "c:\\arm_gcc\\arm-none-eabi\\include\\sys\\_stdint.h"
 287              		.file 4 "Drivers/CMSIS/Include/core_cm3.h"
 288              		.file 5 "Drivers/CMSIS/Device/ST/STM32F1xx/Include/system_stm32f1xx.h"
 289              		.file 6 "Drivers/CMSIS/Device/ST/STM32F1xx/Include/stm32f103xb.h"
 290              		.file 7 "Drivers/STM32F1xx_HAL_Driver/Inc/stm32f1xx_hal_def.h"
 291              		.file 8 "Drivers/STM32F1xx_HAL_Driver/Inc/stm32f1xx_hal_gpio.h"
 292              		.file 9 "Drivers/STM32F1xx_HAL_Driver/Inc/stm32f1xx_hal_dma.h"
 293              		.file 10 "Drivers/STM32F1xx_HAL_Driver/Inc/stm32f1xx_hal_i2c.h"
 294              		.file 11 "Drivers/STM32F1xx_HAL_Driver/Inc/stm32f1xx_hal.h"
 295              		.file 12 "Inc/i2c.h"
 296              		.file 13 "Inc/main.h"
ARM GAS  C:\Users\ncer\AppData\Local\Temp\ccvkUM8F.s 			page 9


DEFINED SYMBOLS
                            *ABS*:00000000 i2c.c
C:\Users\ncer\AppData\Local\Temp\ccvkUM8F.s:16     .text.MX_I2C1_Init:00000000 $t
C:\Users\ncer\AppData\Local\Temp\ccvkUM8F.s:24     .text.MX_I2C1_Init:00000000 MX_I2C1_Init
C:\Users\ncer\AppData\Local\Temp\ccvkUM8F.s:86     .text.MX_I2C1_Init:00000030 $d
                            *COM*:00000054 hi2c1
C:\Users\ncer\AppData\Local\Temp\ccvkUM8F.s:93     .text.HAL_I2C_MspInit:00000000 $t
C:\Users\ncer\AppData\Local\Temp\ccvkUM8F.s:100    .text.HAL_I2C_MspInit:00000000 HAL_I2C_MspInit
C:\Users\ncer\AppData\Local\Temp\ccvkUM8F.s:218    .text.HAL_I2C_MspInit:00000068 $d
C:\Users\ncer\AppData\Local\Temp\ccvkUM8F.s:226    .text.HAL_I2C_MspDeInit:00000000 $t
C:\Users\ncer\AppData\Local\Temp\ccvkUM8F.s:233    .text.HAL_I2C_MspDeInit:00000000 HAL_I2C_MspDeInit
C:\Users\ncer\AppData\Local\Temp\ccvkUM8F.s:276    .text.HAL_I2C_MspDeInit:00000024 $d

UNDEFINED SYMBOLS
HAL_I2C_Init
Error_Handler
HAL_GPIO_Init
HAL_GPIO_DeInit
