ARM GAS  C:\Users\ncer\AppData\Local\Temp\ccr1f3Ay.s 			page 1


   1              		.cpu cortex-m3
   2              		.eabi_attribute 20, 1
   3              		.eabi_attribute 21, 1
   4              		.eabi_attribute 23, 3
   5              		.eabi_attribute 24, 1
   6              		.eabi_attribute 25, 1
   7              		.eabi_attribute 26, 1
   8              		.eabi_attribute 30, 1
   9              		.eabi_attribute 34, 1
  10              		.eabi_attribute 18, 4
  11              		.file	"stm32f1xx_it.c"
  12              		.text
  13              	.Ltext0:
  14              		.cfi_sections	.debug_frame
  15              		.section	.text.NMI_Handler,"ax",%progbits
  16              		.align	1
  17              		.global	NMI_Handler
  18              		.arch armv7-m
  19              		.syntax unified
  20              		.thumb
  21              		.thumb_func
  22              		.fpu softvfp
  24              	NMI_Handler:
  25              	.LFB65:
  26              		.file 1 "Src/stm32f1xx_it.c"
   1:Src/stm32f1xx_it.c **** /* USER CODE BEGIN Header */
   2:Src/stm32f1xx_it.c **** /**
   3:Src/stm32f1xx_it.c ****   ******************************************************************************
   4:Src/stm32f1xx_it.c ****   * @file    stm32f1xx_it.c
   5:Src/stm32f1xx_it.c ****   * @brief   Interrupt Service Routines.
   6:Src/stm32f1xx_it.c ****   ******************************************************************************
   7:Src/stm32f1xx_it.c ****   * @attention
   8:Src/stm32f1xx_it.c ****   *
   9:Src/stm32f1xx_it.c ****   * <h2><center>&copy; Copyright (c) 2019 STMicroelectronics.
  10:Src/stm32f1xx_it.c ****   * All rights reserved.</center></h2>
  11:Src/stm32f1xx_it.c ****   *
  12:Src/stm32f1xx_it.c ****   * This software component is licensed by ST under BSD 3-Clause license,
  13:Src/stm32f1xx_it.c ****   * the "License"; You may not use this file except in compliance with the
  14:Src/stm32f1xx_it.c ****   * License. You may obtain a copy of the License at:
  15:Src/stm32f1xx_it.c ****   *                        opensource.org/licenses/BSD-3-Clause
  16:Src/stm32f1xx_it.c ****   *
  17:Src/stm32f1xx_it.c ****   ******************************************************************************
  18:Src/stm32f1xx_it.c ****   */
  19:Src/stm32f1xx_it.c **** /* USER CODE END Header */
  20:Src/stm32f1xx_it.c **** 
  21:Src/stm32f1xx_it.c **** /* Includes ------------------------------------------------------------------*/
  22:Src/stm32f1xx_it.c **** #include "main.h"
  23:Src/stm32f1xx_it.c **** #include "stm32f1xx_it.h"
  24:Src/stm32f1xx_it.c **** /* Private includes ----------------------------------------------------------*/
  25:Src/stm32f1xx_it.c **** /* USER CODE BEGIN Includes */
  26:Src/stm32f1xx_it.c **** #include "control.h"
  27:Src/stm32f1xx_it.c **** /* USER CODE END Includes */
  28:Src/stm32f1xx_it.c **** 
  29:Src/stm32f1xx_it.c **** /* Private typedef -----------------------------------------------------------*/
  30:Src/stm32f1xx_it.c **** /* USER CODE BEGIN TD */
  31:Src/stm32f1xx_it.c **** 
  32:Src/stm32f1xx_it.c **** /* USER CODE END TD */
ARM GAS  C:\Users\ncer\AppData\Local\Temp\ccr1f3Ay.s 			page 2


  33:Src/stm32f1xx_it.c **** 
  34:Src/stm32f1xx_it.c **** /* Private define ------------------------------------------------------------*/
  35:Src/stm32f1xx_it.c **** /* USER CODE BEGIN PD */
  36:Src/stm32f1xx_it.c ****  
  37:Src/stm32f1xx_it.c **** /* USER CODE END PD */
  38:Src/stm32f1xx_it.c **** 
  39:Src/stm32f1xx_it.c **** /* Private macro -------------------------------------------------------------*/
  40:Src/stm32f1xx_it.c **** /* USER CODE BEGIN PM */
  41:Src/stm32f1xx_it.c **** 
  42:Src/stm32f1xx_it.c **** /* USER CODE END PM */
  43:Src/stm32f1xx_it.c **** 
  44:Src/stm32f1xx_it.c **** /* Private variables ---------------------------------------------------------*/
  45:Src/stm32f1xx_it.c **** /* USER CODE BEGIN PV */
  46:Src/stm32f1xx_it.c **** 
  47:Src/stm32f1xx_it.c **** /* USER CODE END PV */
  48:Src/stm32f1xx_it.c **** 
  49:Src/stm32f1xx_it.c **** /* Private function prototypes -----------------------------------------------*/
  50:Src/stm32f1xx_it.c **** /* USER CODE BEGIN PFP */
  51:Src/stm32f1xx_it.c **** 
  52:Src/stm32f1xx_it.c **** /* USER CODE END PFP */
  53:Src/stm32f1xx_it.c **** 
  54:Src/stm32f1xx_it.c **** /* Private user code ---------------------------------------------------------*/
  55:Src/stm32f1xx_it.c **** /* USER CODE BEGIN 0 */
  56:Src/stm32f1xx_it.c **** 
  57:Src/stm32f1xx_it.c **** /* USER CODE END 0 */
  58:Src/stm32f1xx_it.c **** 
  59:Src/stm32f1xx_it.c **** /* External variables --------------------------------------------------------*/
  60:Src/stm32f1xx_it.c **** extern DMA_HandleTypeDef hdma_tim1_ch4_trig_com;
  61:Src/stm32f1xx_it.c **** extern DMA_HandleTypeDef hdma_usart1_rx;
  62:Src/stm32f1xx_it.c **** extern UART_HandleTypeDef huart1;
  63:Src/stm32f1xx_it.c **** /* USER CODE BEGIN EV */
  64:Src/stm32f1xx_it.c **** 
  65:Src/stm32f1xx_it.c **** /* USER CODE END EV */
  66:Src/stm32f1xx_it.c **** 
  67:Src/stm32f1xx_it.c **** /******************************************************************************/
  68:Src/stm32f1xx_it.c **** /*           Cortex-M3 Processor Interruption and Exception Handlers          */ 
  69:Src/stm32f1xx_it.c **** /******************************************************************************/
  70:Src/stm32f1xx_it.c **** /**
  71:Src/stm32f1xx_it.c ****   * @brief This function handles Non maskable interrupt.
  72:Src/stm32f1xx_it.c ****   */
  73:Src/stm32f1xx_it.c **** void NMI_Handler(void)
  74:Src/stm32f1xx_it.c **** {
  27              		.loc 1 74 1 view -0
  28              		.cfi_startproc
  29              		@ args = 0, pretend = 0, frame = 0
  30              		@ frame_needed = 0, uses_anonymous_args = 0
  31              		@ link register save eliminated.
  75:Src/stm32f1xx_it.c ****   /* USER CODE BEGIN NonMaskableInt_IRQn 0 */
  76:Src/stm32f1xx_it.c **** 
  77:Src/stm32f1xx_it.c ****   /* USER CODE END NonMaskableInt_IRQn 0 */
  78:Src/stm32f1xx_it.c ****   /* USER CODE BEGIN NonMaskableInt_IRQn 1 */
  79:Src/stm32f1xx_it.c **** 
  80:Src/stm32f1xx_it.c ****   /* USER CODE END NonMaskableInt_IRQn 1 */
  81:Src/stm32f1xx_it.c **** }
  32              		.loc 1 81 1 view .LVU1
  33 0000 7047     		bx	lr
  34              		.cfi_endproc
ARM GAS  C:\Users\ncer\AppData\Local\Temp\ccr1f3Ay.s 			page 3


  35              	.LFE65:
  37              		.section	.text.HardFault_Handler,"ax",%progbits
  38              		.align	1
  39              		.global	HardFault_Handler
  40              		.syntax unified
  41              		.thumb
  42              		.thumb_func
  43              		.fpu softvfp
  45              	HardFault_Handler:
  46              	.LFB66:
  82:Src/stm32f1xx_it.c **** 
  83:Src/stm32f1xx_it.c **** /**
  84:Src/stm32f1xx_it.c ****   * @brief This function handles Hard fault interrupt.
  85:Src/stm32f1xx_it.c ****   */
  86:Src/stm32f1xx_it.c **** void HardFault_Handler(void)
  87:Src/stm32f1xx_it.c **** {
  47              		.loc 1 87 1 view -0
  48              		.cfi_startproc
  49              		@ Volatile: function does not return.
  50              		@ args = 0, pretend = 0, frame = 0
  51              		@ frame_needed = 0, uses_anonymous_args = 0
  52              		@ link register save eliminated.
  53              	.L3:
  88:Src/stm32f1xx_it.c ****   /* USER CODE BEGIN HardFault_IRQn 0 */
  89:Src/stm32f1xx_it.c **** 
  90:Src/stm32f1xx_it.c ****   /* USER CODE END HardFault_IRQn 0 */
  91:Src/stm32f1xx_it.c ****   while (1)
  54              		.loc 1 91 3 discriminator 1 view .LVU3
  92:Src/stm32f1xx_it.c ****   {
  93:Src/stm32f1xx_it.c ****     /* USER CODE BEGIN W1_HardFault_IRQn 0 */
  94:Src/stm32f1xx_it.c ****     /* USER CODE END W1_HardFault_IRQn 0 */
  95:Src/stm32f1xx_it.c ****   }
  55              		.loc 1 95 3 discriminator 1 view .LVU4
  91:Src/stm32f1xx_it.c ****   {
  56              		.loc 1 91 9 discriminator 1 view .LVU5
  57 0000 FEE7     		b	.L3
  58              		.cfi_endproc
  59              	.LFE66:
  61              		.section	.text.MemManage_Handler,"ax",%progbits
  62              		.align	1
  63              		.global	MemManage_Handler
  64              		.syntax unified
  65              		.thumb
  66              		.thumb_func
  67              		.fpu softvfp
  69              	MemManage_Handler:
  70              	.LFB67:
  96:Src/stm32f1xx_it.c **** }
  97:Src/stm32f1xx_it.c **** 
  98:Src/stm32f1xx_it.c **** /**
  99:Src/stm32f1xx_it.c ****   * @brief This function handles Memory management fault.
 100:Src/stm32f1xx_it.c ****   */
 101:Src/stm32f1xx_it.c **** void MemManage_Handler(void)
 102:Src/stm32f1xx_it.c **** {
  71              		.loc 1 102 1 view -0
  72              		.cfi_startproc
  73              		@ Volatile: function does not return.
ARM GAS  C:\Users\ncer\AppData\Local\Temp\ccr1f3Ay.s 			page 4


  74              		@ args = 0, pretend = 0, frame = 0
  75              		@ frame_needed = 0, uses_anonymous_args = 0
  76              		@ link register save eliminated.
  77              	.L5:
 103:Src/stm32f1xx_it.c ****   /* USER CODE BEGIN MemoryManagement_IRQn 0 */
 104:Src/stm32f1xx_it.c **** 
 105:Src/stm32f1xx_it.c ****   /* USER CODE END MemoryManagement_IRQn 0 */
 106:Src/stm32f1xx_it.c ****   while (1)
  78              		.loc 1 106 3 discriminator 1 view .LVU7
 107:Src/stm32f1xx_it.c ****   {
 108:Src/stm32f1xx_it.c ****     /* USER CODE BEGIN W1_MemoryManagement_IRQn 0 */
 109:Src/stm32f1xx_it.c ****     /* USER CODE END W1_MemoryManagement_IRQn 0 */
 110:Src/stm32f1xx_it.c ****   }
  79              		.loc 1 110 3 discriminator 1 view .LVU8
 106:Src/stm32f1xx_it.c ****   {
  80              		.loc 1 106 9 discriminator 1 view .LVU9
  81 0000 FEE7     		b	.L5
  82              		.cfi_endproc
  83              	.LFE67:
  85              		.section	.text.BusFault_Handler,"ax",%progbits
  86              		.align	1
  87              		.global	BusFault_Handler
  88              		.syntax unified
  89              		.thumb
  90              		.thumb_func
  91              		.fpu softvfp
  93              	BusFault_Handler:
  94              	.LFB68:
 111:Src/stm32f1xx_it.c **** }
 112:Src/stm32f1xx_it.c **** 
 113:Src/stm32f1xx_it.c **** /**
 114:Src/stm32f1xx_it.c ****   * @brief This function handles Prefetch fault, memory access fault.
 115:Src/stm32f1xx_it.c ****   */
 116:Src/stm32f1xx_it.c **** void BusFault_Handler(void)
 117:Src/stm32f1xx_it.c **** {
  95              		.loc 1 117 1 view -0
  96              		.cfi_startproc
  97              		@ Volatile: function does not return.
  98              		@ args = 0, pretend = 0, frame = 0
  99              		@ frame_needed = 0, uses_anonymous_args = 0
 100              		@ link register save eliminated.
 101              	.L7:
 118:Src/stm32f1xx_it.c ****   /* USER CODE BEGIN BusFault_IRQn 0 */
 119:Src/stm32f1xx_it.c **** 
 120:Src/stm32f1xx_it.c ****   /* USER CODE END BusFault_IRQn 0 */
 121:Src/stm32f1xx_it.c ****   while (1)
 102              		.loc 1 121 3 discriminator 1 view .LVU11
 122:Src/stm32f1xx_it.c ****   {
 123:Src/stm32f1xx_it.c ****     /* USER CODE BEGIN W1_BusFault_IRQn 0 */
 124:Src/stm32f1xx_it.c ****     /* USER CODE END W1_BusFault_IRQn 0 */
 125:Src/stm32f1xx_it.c ****   }
 103              		.loc 1 125 3 discriminator 1 view .LVU12
 121:Src/stm32f1xx_it.c ****   {
 104              		.loc 1 121 9 discriminator 1 view .LVU13
 105 0000 FEE7     		b	.L7
 106              		.cfi_endproc
 107              	.LFE68:
ARM GAS  C:\Users\ncer\AppData\Local\Temp\ccr1f3Ay.s 			page 5


 109              		.section	.text.UsageFault_Handler,"ax",%progbits
 110              		.align	1
 111              		.global	UsageFault_Handler
 112              		.syntax unified
 113              		.thumb
 114              		.thumb_func
 115              		.fpu softvfp
 117              	UsageFault_Handler:
 118              	.LFB69:
 126:Src/stm32f1xx_it.c **** }
 127:Src/stm32f1xx_it.c **** 
 128:Src/stm32f1xx_it.c **** /**
 129:Src/stm32f1xx_it.c ****   * @brief This function handles Undefined instruction or illegal state.
 130:Src/stm32f1xx_it.c ****   */
 131:Src/stm32f1xx_it.c **** void UsageFault_Handler(void)
 132:Src/stm32f1xx_it.c **** {
 119              		.loc 1 132 1 view -0
 120              		.cfi_startproc
 121              		@ Volatile: function does not return.
 122              		@ args = 0, pretend = 0, frame = 0
 123              		@ frame_needed = 0, uses_anonymous_args = 0
 124              		@ link register save eliminated.
 125              	.L9:
 133:Src/stm32f1xx_it.c ****   /* USER CODE BEGIN UsageFault_IRQn 0 */
 134:Src/stm32f1xx_it.c **** 
 135:Src/stm32f1xx_it.c ****   /* USER CODE END UsageFault_IRQn 0 */
 136:Src/stm32f1xx_it.c ****   while (1)
 126              		.loc 1 136 3 discriminator 1 view .LVU15
 137:Src/stm32f1xx_it.c ****   {
 138:Src/stm32f1xx_it.c ****     /* USER CODE BEGIN W1_UsageFault_IRQn 0 */
 139:Src/stm32f1xx_it.c ****     /* USER CODE END W1_UsageFault_IRQn 0 */
 140:Src/stm32f1xx_it.c ****   }
 127              		.loc 1 140 3 discriminator 1 view .LVU16
 136:Src/stm32f1xx_it.c ****   {
 128              		.loc 1 136 9 discriminator 1 view .LVU17
 129 0000 FEE7     		b	.L9
 130              		.cfi_endproc
 131              	.LFE69:
 133              		.section	.text.SVC_Handler,"ax",%progbits
 134              		.align	1
 135              		.global	SVC_Handler
 136              		.syntax unified
 137              		.thumb
 138              		.thumb_func
 139              		.fpu softvfp
 141              	SVC_Handler:
 142              	.LFB70:
 141:Src/stm32f1xx_it.c **** }
 142:Src/stm32f1xx_it.c **** 
 143:Src/stm32f1xx_it.c **** /**
 144:Src/stm32f1xx_it.c ****   * @brief This function handles System service call via SWI instruction.
 145:Src/stm32f1xx_it.c ****   */
 146:Src/stm32f1xx_it.c **** void SVC_Handler(void)
 147:Src/stm32f1xx_it.c **** {
 143              		.loc 1 147 1 view -0
 144              		.cfi_startproc
 145              		@ args = 0, pretend = 0, frame = 0
ARM GAS  C:\Users\ncer\AppData\Local\Temp\ccr1f3Ay.s 			page 6


 146              		@ frame_needed = 0, uses_anonymous_args = 0
 147              		@ link register save eliminated.
 148:Src/stm32f1xx_it.c ****   /* USER CODE BEGIN SVCall_IRQn 0 */
 149:Src/stm32f1xx_it.c **** 
 150:Src/stm32f1xx_it.c ****   /* USER CODE END SVCall_IRQn 0 */
 151:Src/stm32f1xx_it.c ****   /* USER CODE BEGIN SVCall_IRQn 1 */
 152:Src/stm32f1xx_it.c **** 
 153:Src/stm32f1xx_it.c ****   /* USER CODE END SVCall_IRQn 1 */
 154:Src/stm32f1xx_it.c **** }
 148              		.loc 1 154 1 view .LVU19
 149 0000 7047     		bx	lr
 150              		.cfi_endproc
 151              	.LFE70:
 153              		.section	.text.DebugMon_Handler,"ax",%progbits
 154              		.align	1
 155              		.global	DebugMon_Handler
 156              		.syntax unified
 157              		.thumb
 158              		.thumb_func
 159              		.fpu softvfp
 161              	DebugMon_Handler:
 162              	.LFB71:
 155:Src/stm32f1xx_it.c **** 
 156:Src/stm32f1xx_it.c **** /**
 157:Src/stm32f1xx_it.c ****   * @brief This function handles Debug monitor.
 158:Src/stm32f1xx_it.c ****   */
 159:Src/stm32f1xx_it.c **** void DebugMon_Handler(void)
 160:Src/stm32f1xx_it.c **** {
 163              		.loc 1 160 1 view -0
 164              		.cfi_startproc
 165              		@ args = 0, pretend = 0, frame = 0
 166              		@ frame_needed = 0, uses_anonymous_args = 0
 167              		@ link register save eliminated.
 161:Src/stm32f1xx_it.c ****   /* USER CODE BEGIN DebugMonitor_IRQn 0 */
 162:Src/stm32f1xx_it.c **** 
 163:Src/stm32f1xx_it.c ****   /* USER CODE END DebugMonitor_IRQn 0 */
 164:Src/stm32f1xx_it.c ****   /* USER CODE BEGIN DebugMonitor_IRQn 1 */
 165:Src/stm32f1xx_it.c **** 
 166:Src/stm32f1xx_it.c ****   /* USER CODE END DebugMonitor_IRQn 1 */
 167:Src/stm32f1xx_it.c **** }
 168              		.loc 1 167 1 view .LVU21
 169 0000 7047     		bx	lr
 170              		.cfi_endproc
 171              	.LFE71:
 173              		.section	.text.PendSV_Handler,"ax",%progbits
 174              		.align	1
 175              		.global	PendSV_Handler
 176              		.syntax unified
 177              		.thumb
 178              		.thumb_func
 179              		.fpu softvfp
 181              	PendSV_Handler:
 182              	.LFB72:
 168:Src/stm32f1xx_it.c **** 
 169:Src/stm32f1xx_it.c **** /**
 170:Src/stm32f1xx_it.c ****   * @brief This function handles Pendable request for system service.
 171:Src/stm32f1xx_it.c ****   */
ARM GAS  C:\Users\ncer\AppData\Local\Temp\ccr1f3Ay.s 			page 7


 172:Src/stm32f1xx_it.c **** void PendSV_Handler(void)
 173:Src/stm32f1xx_it.c **** {
 183              		.loc 1 173 1 view -0
 184              		.cfi_startproc
 185              		@ args = 0, pretend = 0, frame = 0
 186              		@ frame_needed = 0, uses_anonymous_args = 0
 187              		@ link register save eliminated.
 174:Src/stm32f1xx_it.c ****   /* USER CODE BEGIN PendSV_IRQn 0 */
 175:Src/stm32f1xx_it.c **** 
 176:Src/stm32f1xx_it.c ****   /* USER CODE END PendSV_IRQn 0 */
 177:Src/stm32f1xx_it.c ****   /* USER CODE BEGIN PendSV_IRQn 1 */
 178:Src/stm32f1xx_it.c **** 
 179:Src/stm32f1xx_it.c ****   /* USER CODE END PendSV_IRQn 1 */
 180:Src/stm32f1xx_it.c **** }
 188              		.loc 1 180 1 view .LVU23
 189 0000 7047     		bx	lr
 190              		.cfi_endproc
 191              	.LFE72:
 193              		.section	.text.SysTick_Handler,"ax",%progbits
 194              		.align	1
 195              		.global	SysTick_Handler
 196              		.syntax unified
 197              		.thumb
 198              		.thumb_func
 199              		.fpu softvfp
 201              	SysTick_Handler:
 202              	.LFB73:
 181:Src/stm32f1xx_it.c **** 
 182:Src/stm32f1xx_it.c **** /**
 183:Src/stm32f1xx_it.c ****   * @brief This function handles System tick timer.
 184:Src/stm32f1xx_it.c ****   */
 185:Src/stm32f1xx_it.c **** void SysTick_Handler(void)
 186:Src/stm32f1xx_it.c **** {
 203              		.loc 1 186 1 view -0
 204              		.cfi_startproc
 205              		@ args = 0, pretend = 0, frame = 0
 206              		@ frame_needed = 0, uses_anonymous_args = 0
 207 0000 08B5     		push	{r3, lr}
 208              	.LCFI0:
 209              		.cfi_def_cfa_offset 8
 210              		.cfi_offset 3, -8
 211              		.cfi_offset 14, -4
 187:Src/stm32f1xx_it.c ****   /* USER CODE BEGIN SysTick_IRQn 0 */
 188:Src/stm32f1xx_it.c **** 
 189:Src/stm32f1xx_it.c ****   /* USER CODE END SysTick_IRQn 0 */
 190:Src/stm32f1xx_it.c ****   HAL_IncTick();
 212              		.loc 1 190 3 view .LVU25
 213 0002 FFF7FEFF 		bl	HAL_IncTick
 214              	.LVL0:
 191:Src/stm32f1xx_it.c ****   /* USER CODE BEGIN SysTick_IRQn 1 */
 192:Src/stm32f1xx_it.c ****   Ms_IRQ_Handler();
 215              		.loc 1 192 3 view .LVU26
 216 0006 FFF7FEFF 		bl	Ms_IRQ_Handler
 217              	.LVL1:
 193:Src/stm32f1xx_it.c ****   /* USER CODE END SysTick_IRQn 1 */
 194:Src/stm32f1xx_it.c **** }
 218              		.loc 1 194 1 is_stmt 0 view .LVU27
ARM GAS  C:\Users\ncer\AppData\Local\Temp\ccr1f3Ay.s 			page 8


 219 000a 08BD     		pop	{r3, pc}
 220              		.cfi_endproc
 221              	.LFE73:
 223              		.section	.text.DMA1_Channel4_IRQHandler,"ax",%progbits
 224              		.align	1
 225              		.global	DMA1_Channel4_IRQHandler
 226              		.syntax unified
 227              		.thumb
 228              		.thumb_func
 229              		.fpu softvfp
 231              	DMA1_Channel4_IRQHandler:
 232              	.LFB74:
 195:Src/stm32f1xx_it.c **** 
 196:Src/stm32f1xx_it.c **** /******************************************************************************/
 197:Src/stm32f1xx_it.c **** /* STM32F1xx Peripheral Interrupt Handlers                                    */
 198:Src/stm32f1xx_it.c **** /* Add here the Interrupt Handlers for the used peripherals.                  */
 199:Src/stm32f1xx_it.c **** /* For the available peripheral interrupt handler names,                      */
 200:Src/stm32f1xx_it.c **** /* please refer to the startup file (startup_stm32f1xx.s).                    */
 201:Src/stm32f1xx_it.c **** /******************************************************************************/
 202:Src/stm32f1xx_it.c **** 
 203:Src/stm32f1xx_it.c **** /**
 204:Src/stm32f1xx_it.c ****   * @brief This function handles DMA1 channel4 global interrupt.
 205:Src/stm32f1xx_it.c ****   */
 206:Src/stm32f1xx_it.c **** void DMA1_Channel4_IRQHandler(void)
 207:Src/stm32f1xx_it.c **** {
 233              		.loc 1 207 1 is_stmt 1 view -0
 234              		.cfi_startproc
 235              		@ args = 0, pretend = 0, frame = 0
 236              		@ frame_needed = 0, uses_anonymous_args = 0
 237 0000 08B5     		push	{r3, lr}
 238              	.LCFI1:
 239              		.cfi_def_cfa_offset 8
 240              		.cfi_offset 3, -8
 241              		.cfi_offset 14, -4
 208:Src/stm32f1xx_it.c ****   /* USER CODE BEGIN DMA1_Channel4_IRQn 0 */
 209:Src/stm32f1xx_it.c **** 
 210:Src/stm32f1xx_it.c ****   /* USER CODE END DMA1_Channel4_IRQn 0 */
 211:Src/stm32f1xx_it.c ****   HAL_DMA_IRQHandler(&hdma_tim1_ch4_trig_com);
 242              		.loc 1 211 3 view .LVU29
 243 0002 0248     		ldr	r0, .L17
 244 0004 FFF7FEFF 		bl	HAL_DMA_IRQHandler
 245              	.LVL2:
 212:Src/stm32f1xx_it.c ****   /* USER CODE BEGIN DMA1_Channel4_IRQn 1 */
 213:Src/stm32f1xx_it.c **** 
 214:Src/stm32f1xx_it.c ****   /* USER CODE END DMA1_Channel4_IRQn 1 */
 215:Src/stm32f1xx_it.c **** }
 246              		.loc 1 215 1 is_stmt 0 view .LVU30
 247 0008 08BD     		pop	{r3, pc}
 248              	.L18:
 249 000a 00BF     		.align	2
 250              	.L17:
 251 000c 00000000 		.word	hdma_tim1_ch4_trig_com
 252              		.cfi_endproc
 253              	.LFE74:
 255              		.section	.text.DMA1_Channel5_IRQHandler,"ax",%progbits
 256              		.align	1
 257              		.global	DMA1_Channel5_IRQHandler
ARM GAS  C:\Users\ncer\AppData\Local\Temp\ccr1f3Ay.s 			page 9


 258              		.syntax unified
 259              		.thumb
 260              		.thumb_func
 261              		.fpu softvfp
 263              	DMA1_Channel5_IRQHandler:
 264              	.LFB75:
 216:Src/stm32f1xx_it.c **** 
 217:Src/stm32f1xx_it.c **** /**
 218:Src/stm32f1xx_it.c ****   * @brief This function handles DMA1 channel5 global interrupt.
 219:Src/stm32f1xx_it.c ****   */
 220:Src/stm32f1xx_it.c **** void DMA1_Channel5_IRQHandler(void)
 221:Src/stm32f1xx_it.c **** {
 265              		.loc 1 221 1 is_stmt 1 view -0
 266              		.cfi_startproc
 267              		@ args = 0, pretend = 0, frame = 0
 268              		@ frame_needed = 0, uses_anonymous_args = 0
 269 0000 08B5     		push	{r3, lr}
 270              	.LCFI2:
 271              		.cfi_def_cfa_offset 8
 272              		.cfi_offset 3, -8
 273              		.cfi_offset 14, -4
 222:Src/stm32f1xx_it.c ****   /* USER CODE BEGIN DMA1_Channel5_IRQn 0 */
 223:Src/stm32f1xx_it.c **** 
 224:Src/stm32f1xx_it.c ****   /* USER CODE END DMA1_Channel5_IRQn 0 */
 225:Src/stm32f1xx_it.c ****   HAL_DMA_IRQHandler(&hdma_usart1_rx);
 274              		.loc 1 225 3 view .LVU32
 275 0002 0248     		ldr	r0, .L21
 276 0004 FFF7FEFF 		bl	HAL_DMA_IRQHandler
 277              	.LVL3:
 226:Src/stm32f1xx_it.c ****   /* USER CODE BEGIN DMA1_Channel5_IRQn 1 */
 227:Src/stm32f1xx_it.c **** 
 228:Src/stm32f1xx_it.c ****   /* USER CODE END DMA1_Channel5_IRQn 1 */
 229:Src/stm32f1xx_it.c **** }
 278              		.loc 1 229 1 is_stmt 0 view .LVU33
 279 0008 08BD     		pop	{r3, pc}
 280              	.L22:
 281 000a 00BF     		.align	2
 282              	.L21:
 283 000c 00000000 		.word	hdma_usart1_rx
 284              		.cfi_endproc
 285              	.LFE75:
 287              		.section	.text.USART1_IRQHandler,"ax",%progbits
 288              		.align	1
 289              		.global	USART1_IRQHandler
 290              		.syntax unified
 291              		.thumb
 292              		.thumb_func
 293              		.fpu softvfp
 295              	USART1_IRQHandler:
 296              	.LFB76:
 230:Src/stm32f1xx_it.c **** 
 231:Src/stm32f1xx_it.c **** /**
 232:Src/stm32f1xx_it.c ****   * @brief This function handles USART1 global interrupt.
 233:Src/stm32f1xx_it.c ****   */
 234:Src/stm32f1xx_it.c **** void USART1_IRQHandler(void)
 235:Src/stm32f1xx_it.c **** {
 297              		.loc 1 235 1 is_stmt 1 view -0
ARM GAS  C:\Users\ncer\AppData\Local\Temp\ccr1f3Ay.s 			page 10


 298              		.cfi_startproc
 299              		@ args = 0, pretend = 0, frame = 0
 300              		@ frame_needed = 0, uses_anonymous_args = 0
 301 0000 10B5     		push	{r4, lr}
 302              	.LCFI3:
 303              		.cfi_def_cfa_offset 8
 304              		.cfi_offset 4, -8
 305              		.cfi_offset 14, -4
 236:Src/stm32f1xx_it.c ****   /* USER CODE BEGIN USART1_IRQn 0 */
 237:Src/stm32f1xx_it.c **** 
 238:Src/stm32f1xx_it.c ****   /* USER CODE END USART1_IRQn 0 */
 239:Src/stm32f1xx_it.c ****   HAL_UART_IRQHandler(&huart1);
 306              		.loc 1 239 3 view .LVU35
 307 0002 074C     		ldr	r4, .L27
 308 0004 2046     		mov	r0, r4
 309 0006 FFF7FEFF 		bl	HAL_UART_IRQHandler
 310              	.LVL4:
 240:Src/stm32f1xx_it.c ****   /* USER CODE BEGIN USART1_IRQn 1 */
 241:Src/stm32f1xx_it.c ****   void HAL_UART_IDLECallback(UART_HandleTypeDef *huart);
 311              		.loc 1 241 3 view .LVU36
 242:Src/stm32f1xx_it.c ****   if(__HAL_UART_GET_FLAG(&huart1, UART_FLAG_IDLE) != RESET){
 312              		.loc 1 242 3 view .LVU37
 313              		.loc 1 242 6 is_stmt 0 view .LVU38
 314 000a 2368     		ldr	r3, [r4]
 315 000c 1B68     		ldr	r3, [r3]
 316              		.loc 1 242 5 view .LVU39
 317 000e 13F0100F 		tst	r3, #16
 318 0012 00D1     		bne	.L26
 319              	.L23:
 243:Src/stm32f1xx_it.c ****     HAL_UART_IDLECallback(&huart1);
 244:Src/stm32f1xx_it.c ****     return ;
 245:Src/stm32f1xx_it.c ****   }  
 246:Src/stm32f1xx_it.c ****   /* USER CODE END USART1_IRQn 1 */
 247:Src/stm32f1xx_it.c **** }
 320              		.loc 1 247 1 view .LVU40
 321 0014 10BD     		pop	{r4, pc}
 322              	.L26:
 243:Src/stm32f1xx_it.c ****     HAL_UART_IDLECallback(&huart1);
 323              		.loc 1 243 5 is_stmt 1 view .LVU41
 324 0016 2046     		mov	r0, r4
 325 0018 FFF7FEFF 		bl	HAL_UART_IDLECallback
 326              	.LVL5:
 244:Src/stm32f1xx_it.c ****   }  
 327              		.loc 1 244 5 view .LVU42
 328 001c FAE7     		b	.L23
 329              	.L28:
 330 001e 00BF     		.align	2
 331              	.L27:
 332 0020 00000000 		.word	huart1
 333              		.cfi_endproc
 334              	.LFE76:
 336              		.section	.text.EXTI15_10_IRQHandler,"ax",%progbits
 337              		.align	1
 338              		.global	EXTI15_10_IRQHandler
 339              		.syntax unified
 340              		.thumb
 341              		.thumb_func
ARM GAS  C:\Users\ncer\AppData\Local\Temp\ccr1f3Ay.s 			page 11


 342              		.fpu softvfp
 344              	EXTI15_10_IRQHandler:
 345              	.LFB77:
 248:Src/stm32f1xx_it.c **** 
 249:Src/stm32f1xx_it.c **** /* USER CODE BEGIN 1 */
 250:Src/stm32f1xx_it.c **** #include "nrf24l01.h"
 251:Src/stm32f1xx_it.c **** void EXTI15_10_IRQHandler(void)
 252:Src/stm32f1xx_it.c **** {
 346              		.loc 1 252 1 view -0
 347              		.cfi_startproc
 348              		@ args = 0, pretend = 0, frame = 0
 349              		@ frame_needed = 0, uses_anonymous_args = 0
 350 0000 08B5     		push	{r3, lr}
 351              	.LCFI4:
 352              		.cfi_def_cfa_offset 8
 353              		.cfi_offset 3, -8
 354              		.cfi_offset 14, -4
 253:Src/stm32f1xx_it.c ****   /* USER CODE BEGIN EXTI9_5_IRQn 0 */
 254:Src/stm32f1xx_it.c **** 
 255:Src/stm32f1xx_it.c ****   /* USER CODE END EXTI9_5_IRQn 0 */
 256:Src/stm32f1xx_it.c ****   HAL_GPIO_EXTI_IRQHandler(GPIO_PIN_12);
 355              		.loc 1 256 3 view .LVU44
 356 0002 4FF48050 		mov	r0, #4096
 357 0006 FFF7FEFF 		bl	HAL_GPIO_EXTI_IRQHandler
 358              	.LVL6:
 257:Src/stm32f1xx_it.c ****   //NRF_RX_IRQ_Handler();
 258:Src/stm32f1xx_it.c ****   /* USER CODE BEGIN EXTI9_5_IRQn 1 */
 259:Src/stm32f1xx_it.c **** 
 260:Src/stm32f1xx_it.c ****   /* USER CODE END EXTI9_5_IRQn 1 */
 261:Src/stm32f1xx_it.c **** }
 359              		.loc 1 261 1 is_stmt 0 view .LVU45
 360 000a 08BD     		pop	{r3, pc}
 361              		.cfi_endproc
 362              	.LFE77:
 364              		.text
 365              	.Letext0:
 366              		.file 2 "c:\\arm_gcc\\arm-none-eabi\\include\\machine\\_default_types.h"
 367              		.file 3 "c:\\arm_gcc\\arm-none-eabi\\include\\sys\\_stdint.h"
 368              		.file 4 "Drivers/CMSIS/Include/core_cm3.h"
 369              		.file 5 "Drivers/CMSIS/Device/ST/STM32F1xx/Include/system_stm32f1xx.h"
 370              		.file 6 "Drivers/CMSIS/Device/ST/STM32F1xx/Include/stm32f103xb.h"
 371              		.file 7 "Drivers/CMSIS/Device/ST/STM32F1xx/Include/stm32f1xx.h"
 372              		.file 8 "Drivers/STM32F1xx_HAL_Driver/Inc/stm32f1xx_hal_def.h"
 373              		.file 9 "Drivers/STM32F1xx_HAL_Driver/Inc/stm32f1xx_hal_dma.h"
 374              		.file 10 "Drivers/STM32F1xx_HAL_Driver/Inc/stm32f1xx_hal_spi.h"
 375              		.file 11 "Drivers/STM32F1xx_HAL_Driver/Inc/stm32f1xx_hal_uart.h"
 376              		.file 12 "Drivers/STM32F1xx_HAL_Driver/Inc/stm32f1xx_hal.h"
 377              		.file 13 "Inc/spi.h"
 378              		.file 14 "Drivers/STM32F1xx_HAL_Driver/Inc/stm32f1xx_hal_gpio.h"
 379              		.file 15 "Inc/control.h"
ARM GAS  C:\Users\ncer\AppData\Local\Temp\ccr1f3Ay.s 			page 12


DEFINED SYMBOLS
                            *ABS*:00000000 stm32f1xx_it.c
C:\Users\ncer\AppData\Local\Temp\ccr1f3Ay.s:16     .text.NMI_Handler:00000000 $t
C:\Users\ncer\AppData\Local\Temp\ccr1f3Ay.s:24     .text.NMI_Handler:00000000 NMI_Handler
C:\Users\ncer\AppData\Local\Temp\ccr1f3Ay.s:38     .text.HardFault_Handler:00000000 $t
C:\Users\ncer\AppData\Local\Temp\ccr1f3Ay.s:45     .text.HardFault_Handler:00000000 HardFault_Handler
C:\Users\ncer\AppData\Local\Temp\ccr1f3Ay.s:62     .text.MemManage_Handler:00000000 $t
C:\Users\ncer\AppData\Local\Temp\ccr1f3Ay.s:69     .text.MemManage_Handler:00000000 MemManage_Handler
C:\Users\ncer\AppData\Local\Temp\ccr1f3Ay.s:86     .text.BusFault_Handler:00000000 $t
C:\Users\ncer\AppData\Local\Temp\ccr1f3Ay.s:93     .text.BusFault_Handler:00000000 BusFault_Handler
C:\Users\ncer\AppData\Local\Temp\ccr1f3Ay.s:110    .text.UsageFault_Handler:00000000 $t
C:\Users\ncer\AppData\Local\Temp\ccr1f3Ay.s:117    .text.UsageFault_Handler:00000000 UsageFault_Handler
C:\Users\ncer\AppData\Local\Temp\ccr1f3Ay.s:134    .text.SVC_Handler:00000000 $t
C:\Users\ncer\AppData\Local\Temp\ccr1f3Ay.s:141    .text.SVC_Handler:00000000 SVC_Handler
C:\Users\ncer\AppData\Local\Temp\ccr1f3Ay.s:154    .text.DebugMon_Handler:00000000 $t
C:\Users\ncer\AppData\Local\Temp\ccr1f3Ay.s:161    .text.DebugMon_Handler:00000000 DebugMon_Handler
C:\Users\ncer\AppData\Local\Temp\ccr1f3Ay.s:174    .text.PendSV_Handler:00000000 $t
C:\Users\ncer\AppData\Local\Temp\ccr1f3Ay.s:181    .text.PendSV_Handler:00000000 PendSV_Handler
C:\Users\ncer\AppData\Local\Temp\ccr1f3Ay.s:194    .text.SysTick_Handler:00000000 $t
C:\Users\ncer\AppData\Local\Temp\ccr1f3Ay.s:201    .text.SysTick_Handler:00000000 SysTick_Handler
C:\Users\ncer\AppData\Local\Temp\ccr1f3Ay.s:224    .text.DMA1_Channel4_IRQHandler:00000000 $t
C:\Users\ncer\AppData\Local\Temp\ccr1f3Ay.s:231    .text.DMA1_Channel4_IRQHandler:00000000 DMA1_Channel4_IRQHandler
C:\Users\ncer\AppData\Local\Temp\ccr1f3Ay.s:251    .text.DMA1_Channel4_IRQHandler:0000000c $d
C:\Users\ncer\AppData\Local\Temp\ccr1f3Ay.s:256    .text.DMA1_Channel5_IRQHandler:00000000 $t
C:\Users\ncer\AppData\Local\Temp\ccr1f3Ay.s:263    .text.DMA1_Channel5_IRQHandler:00000000 DMA1_Channel5_IRQHandler
C:\Users\ncer\AppData\Local\Temp\ccr1f3Ay.s:283    .text.DMA1_Channel5_IRQHandler:0000000c $d
C:\Users\ncer\AppData\Local\Temp\ccr1f3Ay.s:288    .text.USART1_IRQHandler:00000000 $t
C:\Users\ncer\AppData\Local\Temp\ccr1f3Ay.s:295    .text.USART1_IRQHandler:00000000 USART1_IRQHandler
C:\Users\ncer\AppData\Local\Temp\ccr1f3Ay.s:332    .text.USART1_IRQHandler:00000020 $d
C:\Users\ncer\AppData\Local\Temp\ccr1f3Ay.s:337    .text.EXTI15_10_IRQHandler:00000000 $t
C:\Users\ncer\AppData\Local\Temp\ccr1f3Ay.s:344    .text.EXTI15_10_IRQHandler:00000000 EXTI15_10_IRQHandler

UNDEFINED SYMBOLS
HAL_IncTick
Ms_IRQ_Handler
HAL_DMA_IRQHandler
hdma_tim1_ch4_trig_com
hdma_usart1_rx
HAL_UART_IRQHandler
HAL_UART_IDLECallback
huart1
HAL_GPIO_EXTI_IRQHandler
