ARM GAS  C:\Users\ncer\AppData\Local\Temp\ccvHbymz.s 			page 1


   1              		.cpu cortex-m3
   2              		.eabi_attribute 20, 1
   3              		.eabi_attribute 21, 1
   4              		.eabi_attribute 23, 3
   5              		.eabi_attribute 24, 1
   6              		.eabi_attribute 25, 1
   7              		.eabi_attribute 26, 1
   8              		.eabi_attribute 30, 1
   9              		.eabi_attribute 34, 1
  10              		.eabi_attribute 18, 4
  11              		.file	"uart_ext.c"
  12              		.text
  13              	.Ltext0:
  14              		.cfi_sections	.debug_frame
  15              		.section	.text.UART_Send,"ax",%progbits
  16              		.align	1
  17              		.arch armv7-m
  18              		.syntax unified
  19              		.thumb
  20              		.thumb_func
  21              		.fpu softvfp
  23              	UART_Send:
  24              	.LVL0:
  25              	.LFB70:
  26              		.file 1 "mylib/uart_ext.c"
   1:mylib/uart_ext.c **** #include "usart.h"
   2:mylib/uart_ext.c **** #include "uart_ext.h"
   3:mylib/uart_ext.c **** #include "command.h"
   4:mylib/uart_ext.c **** #include "cmd_fun.h"
   5:mylib/uart_ext.c **** 
   6:mylib/uart_ext.c **** 
   7:mylib/uart_ext.c **** //#define SPECIAL_LARGE_RECEIVE
   8:mylib/uart_ext.c **** 
   9:mylib/uart_ext.c **** static UART_TXRX_Mode Tx_Mode=BLOCK;
  10:mylib/uart_ext.c **** static UART_TXRX_Mode Rx_Mode=IT;
  11:mylib/uart_ext.c **** static UART_HandleTypeDef * debug_uart=0;
  12:mylib/uart_ext.c **** 
  13:mylib/uart_ext.c **** uint8_t uart_buffer[100+1];
  14:mylib/uart_ext.c **** 
  15:mylib/uart_ext.c **** uint8_t buffer_rx_temp;
  16:mylib/uart_ext.c **** #ifdef SPECIAL_LARGE_RECEIVE
  17:mylib/uart_ext.c ****   #define BUFFER_RX_SIZE  1001
  18:mylib/uart_ext.c **** #else
  19:mylib/uart_ext.c ****   #define BUFFER_RX_SIZE 30
  20:mylib/uart_ext.c **** #endif 
  21:mylib/uart_ext.c **** uint8_t buffer_rx[BUFFER_RX_SIZE];
  22:mylib/uart_ext.c **** int buffer_rx_count=0;
  23:mylib/uart_ext.c **** uint8_t buffer_rx_OK;
  24:mylib/uart_ext.c **** 
  25:mylib/uart_ext.c **** void UART_Start_Receive(){
  26:mylib/uart_ext.c ****     if(Rx_Mode==IT){
  27:mylib/uart_ext.c ****         HAL_UART_Receive_IT(debug_uart,&buffer_rx_temp,1);
  28:mylib/uart_ext.c ****     }else if(Rx_Mode==DMA){
  29:mylib/uart_ext.c ****       __HAL_UART_ENABLE_IT(debug_uart,UART_IT_IDLE);
  30:mylib/uart_ext.c ****       HAL_UART_Receive_DMA(debug_uart, (uint8_t *)buffer_rx, BUFFER_RX_SIZE-1);
  31:mylib/uart_ext.c ****     }
  32:mylib/uart_ext.c **** }
ARM GAS  C:\Users\ncer\AppData\Local\Temp\ccvHbymz.s 			page 2


  33:mylib/uart_ext.c **** 
  34:mylib/uart_ext.c **** 
  35:mylib/uart_ext.c **** 
  36:mylib/uart_ext.c **** void debug_uart_init(UART_HandleTypeDef *uart,UART_TXRX_Mode tx_mode,UART_TXRX_Mode rx_mode){
  37:mylib/uart_ext.c ****   // Êú¨Êñá‰ª∂‰ΩøÁî®ÊñπÂºè
  38:mylib/uart_ext.c ****   // Ë∞ÉÁî®Êú¨ÂáΩÊï∞
  39:mylib/uart_ext.c ****   // Â¶ÇÊûúÊé•Êî∂‰ΩøÁî®DMA ÊñπÂºè
  40:mylib/uart_ext.c ****   // ÂàôÈúÄË¶ÅÂú®stm32_XX_it.c‰∏≠ÔºåÂú®ÂØπÂ∫îÁöÑ‰∏≤Âè£‰∏≠Êñ≠ÊúçÂä°ÂáΩÊï∞‰∏≠ÔºåË∞ÉÁî®HAL_UART_IDLECa
  41:mylib/uart_ext.c ****   // Âõ†‰∏∫HALÂ∫ìÂà∞Áé∞Âú®Âú®‰∏≤Âè£‰∏≠Êñ≠Â§ÑÁêÜÂáΩÊï∞‰∏≠ÈÉΩÊ≤°Â¢ûÂä†ÂØπÁ©∫Èó≤‰∏≠Êñ≠ÁöÑÂ§ÑÁêÜÔºåÂè™Ë
  42:mylib/uart_ext.c ****   
  43:mylib/uart_ext.c ****     Tx_Mode=tx_mode;
  44:mylib/uart_ext.c ****     Rx_Mode=rx_mode;
  45:mylib/uart_ext.c ****     debug_uart=uart;
  46:mylib/uart_ext.c **** 
  47:mylib/uart_ext.c ****     command_init();
  48:mylib/uart_ext.c ****     UART_Start_Receive();
  49:mylib/uart_ext.c **** }
  50:mylib/uart_ext.c **** 
  51:mylib/uart_ext.c **** 
  52:mylib/uart_ext.c **** static void UART_Send(uint8_t * data,uint16_t size){
  27              		.loc 1 52 52 view -0
  28              		.cfi_startproc
  29              		@ args = 0, pretend = 0, frame = 0
  30              		@ frame_needed = 0, uses_anonymous_args = 0
  31              		.loc 1 52 52 is_stmt 0 view .LVU1
  32 0000 08B5     		push	{r3, lr}
  33              	.LCFI0:
  34              		.cfi_def_cfa_offset 8
  35              		.cfi_offset 3, -8
  36              		.cfi_offset 14, -4
  37 0002 0A46     		mov	r2, r1
  53:mylib/uart_ext.c ****     switch (Tx_Mode)
  38              		.loc 1 53 5 is_stmt 1 view .LVU2
  39 0004 0D4B     		ldr	r3, .L7
  40 0006 1B78     		ldrb	r3, [r3]	@ zero_extendqisi2
  41 0008 012B     		cmp	r3, #1
  42 000a 0BD0     		beq	.L2
  43 000c 022B     		cmp	r3, #2
  44 000e 0FD0     		beq	.L3
  45 0010 03B1     		cbz	r3, .L6
  46              	.LVL1:
  47              	.L1:
  54:mylib/uart_ext.c ****     {
  55:mylib/uart_ext.c ****     case BLOCK:
  56:mylib/uart_ext.c ****         HAL_UART_Transmit(debug_uart,data,size,1000);
  57:mylib/uart_ext.c ****         break;
  58:mylib/uart_ext.c ****     case IT:
  59:mylib/uart_ext.c ****         HAL_UART_Transmit_IT(debug_uart,data,size);
  60:mylib/uart_ext.c ****         break;
  61:mylib/uart_ext.c ****     case DMA:
  62:mylib/uart_ext.c ****         HAL_UART_Transmit_DMA(debug_uart,data,size);
  63:mylib/uart_ext.c ****         break;
  64:mylib/uart_ext.c ****     default:
  65:mylib/uart_ext.c ****         break;
  66:mylib/uart_ext.c ****     }
  67:mylib/uart_ext.c **** }
  48              		.loc 1 67 1 is_stmt 0 view .LVU3
ARM GAS  C:\Users\ncer\AppData\Local\Temp\ccvHbymz.s 			page 3


  49 0012 08BD     		pop	{r3, pc}
  50              	.LVL2:
  51              	.L6:
  56:mylib/uart_ext.c ****         break;
  52              		.loc 1 56 9 is_stmt 1 view .LVU4
  53 0014 4FF47A73 		mov	r3, #1000
  54 0018 0146     		mov	r1, r0
  55              	.LVL3:
  56:mylib/uart_ext.c ****         break;
  56              		.loc 1 56 9 is_stmt 0 view .LVU5
  57 001a 0948     		ldr	r0, .L7+4
  58              	.LVL4:
  56:mylib/uart_ext.c ****         break;
  59              		.loc 1 56 9 view .LVU6
  60 001c 0068     		ldr	r0, [r0]
  61 001e FFF7FEFF 		bl	HAL_UART_Transmit
  62              	.LVL5:
  57:mylib/uart_ext.c ****     case IT:
  63              		.loc 1 57 9 is_stmt 1 view .LVU7
  64 0022 F6E7     		b	.L1
  65              	.LVL6:
  66              	.L2:
  59:mylib/uart_ext.c ****         break;
  67              		.loc 1 59 9 view .LVU8
  68 0024 0146     		mov	r1, r0
  69              	.LVL7:
  59:mylib/uart_ext.c ****         break;
  70              		.loc 1 59 9 is_stmt 0 view .LVU9
  71 0026 064B     		ldr	r3, .L7+4
  72 0028 1868     		ldr	r0, [r3]
  73              	.LVL8:
  59:mylib/uart_ext.c ****         break;
  74              		.loc 1 59 9 view .LVU10
  75 002a FFF7FEFF 		bl	HAL_UART_Transmit_IT
  76              	.LVL9:
  60:mylib/uart_ext.c ****     case DMA:
  77              		.loc 1 60 9 is_stmt 1 view .LVU11
  78 002e F0E7     		b	.L1
  79              	.LVL10:
  80              	.L3:
  62:mylib/uart_ext.c ****         break;
  81              		.loc 1 62 9 view .LVU12
  82 0030 0146     		mov	r1, r0
  83              	.LVL11:
  62:mylib/uart_ext.c ****         break;
  84              		.loc 1 62 9 is_stmt 0 view .LVU13
  85 0032 034B     		ldr	r3, .L7+4
  86 0034 1868     		ldr	r0, [r3]
  87              	.LVL12:
  62:mylib/uart_ext.c ****         break;
  88              		.loc 1 62 9 view .LVU14
  89 0036 FFF7FEFF 		bl	HAL_UART_Transmit_DMA
  90              	.LVL13:
  63:mylib/uart_ext.c ****     default:
  91              		.loc 1 63 9 is_stmt 1 view .LVU15
  92              		.loc 1 67 1 is_stmt 0 view .LVU16
  93 003a EAE7     		b	.L1
ARM GAS  C:\Users\ncer\AppData\Local\Temp\ccvHbymz.s 			page 4


  94              	.L8:
  95              		.align	2
  96              	.L7:
  97 003c 00000000 		.word	.LANCHOR0
  98 0040 00000000 		.word	.LANCHOR1
  99              		.cfi_endproc
 100              	.LFE70:
 102              		.section	.text.UART_Start_Receive,"ax",%progbits
 103              		.align	1
 104              		.global	UART_Start_Receive
 105              		.syntax unified
 106              		.thumb
 107              		.thumb_func
 108              		.fpu softvfp
 110              	UART_Start_Receive:
 111              	.LFB68:
  25:mylib/uart_ext.c ****     if(Rx_Mode==IT){
 112              		.loc 1 25 26 is_stmt 1 view -0
 113              		.cfi_startproc
 114              		@ args = 0, pretend = 0, frame = 0
 115              		@ frame_needed = 0, uses_anonymous_args = 0
 116 0000 08B5     		push	{r3, lr}
 117              	.LCFI1:
 118              		.cfi_def_cfa_offset 8
 119              		.cfi_offset 3, -8
 120              		.cfi_offset 14, -4
  26:mylib/uart_ext.c ****         HAL_UART_Receive_IT(debug_uart,&buffer_rx_temp,1);
 121              		.loc 1 26 5 view .LVU18
  26:mylib/uart_ext.c ****         HAL_UART_Receive_IT(debug_uart,&buffer_rx_temp,1);
 122              		.loc 1 26 15 is_stmt 0 view .LVU19
 123 0002 0D4B     		ldr	r3, .L15
 124 0004 1B78     		ldrb	r3, [r3]	@ zero_extendqisi2
  26:mylib/uart_ext.c ****         HAL_UART_Receive_IT(debug_uart,&buffer_rx_temp,1);
 125              		.loc 1 26 7 view .LVU20
 126 0006 012B     		cmp	r3, #1
 127 0008 02D0     		beq	.L13
  28:mylib/uart_ext.c ****       __HAL_UART_ENABLE_IT(debug_uart,UART_IT_IDLE);
 128              		.loc 1 28 11 is_stmt 1 view .LVU21
  28:mylib/uart_ext.c ****       __HAL_UART_ENABLE_IT(debug_uart,UART_IT_IDLE);
 129              		.loc 1 28 13 is_stmt 0 view .LVU22
 130 000a 022B     		cmp	r3, #2
 131 000c 07D0     		beq	.L14
 132              	.L9:
  32:mylib/uart_ext.c **** 
 133              		.loc 1 32 1 view .LVU23
 134 000e 08BD     		pop	{r3, pc}
 135              	.L13:
  27:mylib/uart_ext.c ****     }else if(Rx_Mode==DMA){
 136              		.loc 1 27 9 is_stmt 1 view .LVU24
 137 0010 0122     		movs	r2, #1
 138 0012 0A49     		ldr	r1, .L15+4
 139 0014 0A4B     		ldr	r3, .L15+8
 140 0016 1868     		ldr	r0, [r3]
 141 0018 FFF7FEFF 		bl	HAL_UART_Receive_IT
 142              	.LVL14:
 143 001c F7E7     		b	.L9
 144              	.L14:
ARM GAS  C:\Users\ncer\AppData\Local\Temp\ccvHbymz.s 			page 5


  29:mylib/uart_ext.c ****       HAL_UART_Receive_DMA(debug_uart, (uint8_t *)buffer_rx, BUFFER_RX_SIZE-1);
 145              		.loc 1 29 7 view .LVU25
 146 001e 084B     		ldr	r3, .L15+8
 147 0020 1868     		ldr	r0, [r3]
 148 0022 0268     		ldr	r2, [r0]
 149 0024 D368     		ldr	r3, [r2, #12]
 150 0026 43F01003 		orr	r3, r3, #16
 151 002a D360     		str	r3, [r2, #12]
  30:mylib/uart_ext.c ****     }
 152              		.loc 1 30 7 view .LVU26
 153 002c 1D22     		movs	r2, #29
 154 002e 0549     		ldr	r1, .L15+12
 155 0030 FFF7FEFF 		bl	HAL_UART_Receive_DMA
 156              	.LVL15:
  32:mylib/uart_ext.c **** 
 157              		.loc 1 32 1 is_stmt 0 view .LVU27
 158 0034 EBE7     		b	.L9
 159              	.L16:
 160 0036 00BF     		.align	2
 161              	.L15:
 162 0038 00000000 		.word	.LANCHOR2
 163 003c 00000000 		.word	buffer_rx_temp
 164 0040 00000000 		.word	.LANCHOR1
 165 0044 00000000 		.word	buffer_rx
 166              		.cfi_endproc
 167              	.LFE68:
 169              		.section	.text.debug_uart_init,"ax",%progbits
 170              		.align	1
 171              		.global	debug_uart_init
 172              		.syntax unified
 173              		.thumb
 174              		.thumb_func
 175              		.fpu softvfp
 177              	debug_uart_init:
 178              	.LVL16:
 179              	.LFB69:
  36:mylib/uart_ext.c ****   // Êú¨Êñá‰ª∂‰ΩøÁî®ÊñπÂºè
 180              		.loc 1 36 93 is_stmt 1 view -0
 181              		.cfi_startproc
 182              		@ args = 0, pretend = 0, frame = 0
 183              		@ frame_needed = 0, uses_anonymous_args = 0
  36:mylib/uart_ext.c ****   // Êú¨Êñá‰ª∂‰ΩøÁî®ÊñπÂºè
 184              		.loc 1 36 93 is_stmt 0 view .LVU29
 185 0000 08B5     		push	{r3, lr}
 186              	.LCFI2:
 187              		.cfi_def_cfa_offset 8
 188              		.cfi_offset 3, -8
 189              		.cfi_offset 14, -4
  43:mylib/uart_ext.c ****     Rx_Mode=rx_mode;
 190              		.loc 1 43 5 is_stmt 1 view .LVU30
  43:mylib/uart_ext.c ****     Rx_Mode=rx_mode;
 191              		.loc 1 43 12 is_stmt 0 view .LVU31
 192 0002 054B     		ldr	r3, .L19
 193 0004 1970     		strb	r1, [r3]
  44:mylib/uart_ext.c ****     debug_uart=uart;
 194              		.loc 1 44 5 is_stmt 1 view .LVU32
  44:mylib/uart_ext.c ****     debug_uart=uart;
ARM GAS  C:\Users\ncer\AppData\Local\Temp\ccvHbymz.s 			page 6


 195              		.loc 1 44 12 is_stmt 0 view .LVU33
 196 0006 054B     		ldr	r3, .L19+4
 197 0008 1A70     		strb	r2, [r3]
  45:mylib/uart_ext.c **** 
 198              		.loc 1 45 5 is_stmt 1 view .LVU34
  45:mylib/uart_ext.c **** 
 199              		.loc 1 45 15 is_stmt 0 view .LVU35
 200 000a 054B     		ldr	r3, .L19+8
 201 000c 1860     		str	r0, [r3]
  47:mylib/uart_ext.c ****     UART_Start_Receive();
 202              		.loc 1 47 5 is_stmt 1 view .LVU36
 203 000e FFF7FEFF 		bl	command_init
 204              	.LVL17:
  48:mylib/uart_ext.c **** }
 205              		.loc 1 48 5 view .LVU37
 206 0012 FFF7FEFF 		bl	UART_Start_Receive
 207              	.LVL18:
  49:mylib/uart_ext.c **** 
 208              		.loc 1 49 1 is_stmt 0 view .LVU38
 209 0016 08BD     		pop	{r3, pc}
 210              	.L20:
 211              		.align	2
 212              	.L19:
 213 0018 00000000 		.word	.LANCHOR0
 214 001c 00000000 		.word	.LANCHOR2
 215 0020 00000000 		.word	.LANCHOR1
 216              		.cfi_endproc
 217              	.LFE69:
 219              		.section	.text.send_wave,"ax",%progbits
 220              		.align	1
 221              		.global	send_wave
 222              		.syntax unified
 223              		.thumb
 224              		.thumb_func
 225              		.fpu softvfp
 227              	send_wave:
 228              	.LVL19:
 229              	.LFB71:
  68:mylib/uart_ext.c **** 
  69:mylib/uart_ext.c **** char s[22]={'b','y',16,6};
  70:mylib/uart_ext.c **** void send_wave(float arg1,float arg2,float arg3,float arg4){
 230              		.loc 1 70 60 is_stmt 1 view -0
 231              		.cfi_startproc
 232              		@ args = 0, pretend = 0, frame = 0
 233              		@ frame_needed = 0, uses_anonymous_args = 0
 234              		.loc 1 70 60 is_stmt 0 view .LVU40
 235 0000 38B5     		push	{r3, r4, r5, lr}
 236              	.LCFI3:
 237              		.cfi_def_cfa_offset 16
 238              		.cfi_offset 3, -16
 239              		.cfi_offset 4, -12
 240              		.cfi_offset 5, -8
 241              		.cfi_offset 14, -4
  71:mylib/uart_ext.c **** 
  72:mylib/uart_ext.c ****   s[20]='\r';
 242              		.loc 1 72 3 is_stmt 1 view .LVU41
 243              		.loc 1 72 8 is_stmt 0 view .LVU42
ARM GAS  C:\Users\ncer\AppData\Local\Temp\ccvHbymz.s 			page 7


 244 0002 074C     		ldr	r4, .L23
 245 0004 0D25     		movs	r5, #13
 246 0006 2575     		strb	r5, [r4, #20]
  73:mylib/uart_ext.c ****   s[21]='\n';
 247              		.loc 1 73 3 is_stmt 1 view .LVU43
 248              		.loc 1 73 8 is_stmt 0 view .LVU44
 249 0008 0A25     		movs	r5, #10
 250 000a 6575     		strb	r5, [r4, #21]
  74:mylib/uart_ext.c ****   memcpy(s+4,&arg1,sizeof(arg1));
 251              		.loc 1 74 3 is_stmt 1 view .LVU45
 252 000c 6060     		str	r0, [r4, #4]
  75:mylib/uart_ext.c ****   memcpy(s+8,&arg2,sizeof(arg1));
 253              		.loc 1 75 3 view .LVU46
 254 000e A160     		str	r1, [r4, #8]
  76:mylib/uart_ext.c ****   memcpy(s+12,&arg3,sizeof(arg1));
 255              		.loc 1 76 3 view .LVU47
 256 0010 E260     		str	r2, [r4, #12]
  77:mylib/uart_ext.c ****   memcpy(s+16,&arg4,sizeof(arg1));
 257              		.loc 1 77 3 view .LVU48
 258 0012 2361     		str	r3, [r4, #16]
  78:mylib/uart_ext.c ****   UART_Send((uint8_t *)s,sizeof(s));
 259              		.loc 1 78 3 view .LVU49
 260 0014 1621     		movs	r1, #22
 261              	.LVL20:
 262              		.loc 1 78 3 is_stmt 0 view .LVU50
 263 0016 2046     		mov	r0, r4
 264              	.LVL21:
 265              		.loc 1 78 3 view .LVU51
 266 0018 FFF7FEFF 		bl	UART_Send
 267              	.LVL22:
  79:mylib/uart_ext.c **** }
 268              		.loc 1 79 1 view .LVU52
 269 001c 38BD     		pop	{r3, r4, r5, pc}
 270              	.L24:
 271 001e 00BF     		.align	2
 272              	.L23:
 273 0020 00000000 		.word	.LANCHOR3
 274              		.cfi_endproc
 275              	.LFE71:
 277              		.section	.text.uprintf_polling,"ax",%progbits
 278              		.align	1
 279              		.global	uprintf_polling
 280              		.syntax unified
 281              		.thumb
 282              		.thumb_func
 283              		.fpu softvfp
 285              	uprintf_polling:
 286              	.LVL23:
 287              	.LFB72:
  80:mylib/uart_ext.c **** 
  81:mylib/uart_ext.c **** void uprintf_polling(char *fmt,...){
 288              		.loc 1 81 36 is_stmt 1 view -0
 289              		.cfi_startproc
 290              		@ args = 4, pretend = 16, frame = 8
 291              		@ frame_needed = 0, uses_anonymous_args = 1
 292              		.loc 1 81 36 is_stmt 0 view .LVU54
 293 0000 0FB4     		push	{r0, r1, r2, r3}
ARM GAS  C:\Users\ncer\AppData\Local\Temp\ccvHbymz.s 			page 8


 294              	.LCFI4:
 295              		.cfi_def_cfa_offset 16
 296              		.cfi_offset 0, -16
 297              		.cfi_offset 1, -12
 298              		.cfi_offset 2, -8
 299              		.cfi_offset 3, -4
 300 0002 10B5     		push	{r4, lr}
 301              	.LCFI5:
 302              		.cfi_def_cfa_offset 24
 303              		.cfi_offset 4, -24
 304              		.cfi_offset 14, -20
 305 0004 82B0     		sub	sp, sp, #8
 306              	.LCFI6:
 307              		.cfi_def_cfa_offset 32
 308 0006 04AB     		add	r3, sp, #16
 309 0008 53F8042B 		ldr	r2, [r3], #4
  82:mylib/uart_ext.c ****   int size;
 310              		.loc 1 82 3 is_stmt 1 view .LVU55
  83:mylib/uart_ext.c ****   
  84:mylib/uart_ext.c ****   va_list arg_ptr;
 311              		.loc 1 84 3 view .LVU56
  85:mylib/uart_ext.c ****   
  86:mylib/uart_ext.c ****   va_start(arg_ptr, fmt);  
 312              		.loc 1 86 3 view .LVU57
 313 000c 0193     		str	r3, [sp, #4]
  87:mylib/uart_ext.c ****   
  88:mylib/uart_ext.c ****   size=vsnprintf((char*)uart_buffer, 100 + 1, fmt, arg_ptr);
 314              		.loc 1 88 3 view .LVU58
 315              		.loc 1 88 8 is_stmt 0 view .LVU59
 316 000e 094C     		ldr	r4, .L27
 317 0010 6521     		movs	r1, #101
 318 0012 2046     		mov	r0, r4
 319 0014 FFF7FEFF 		bl	vsnprintf
 320              	.LVL24:
  89:mylib/uart_ext.c ****   va_end(arg_ptr);
 321              		.loc 1 89 3 is_stmt 1 view .LVU60
  90:mylib/uart_ext.c ****   HAL_UART_Transmit(debug_uart,uart_buffer,size,1000);
 322              		.loc 1 90 3 view .LVU61
 323 0018 4FF47A73 		mov	r3, #1000
 324 001c 82B2     		uxth	r2, r0
 325 001e 2146     		mov	r1, r4
 326 0020 0548     		ldr	r0, .L27+4
 327              	.LVL25:
 328              		.loc 1 90 3 is_stmt 0 view .LVU62
 329 0022 0068     		ldr	r0, [r0]
 330 0024 FFF7FEFF 		bl	HAL_UART_Transmit
 331              	.LVL26:
  91:mylib/uart_ext.c **** }
 332              		.loc 1 91 1 view .LVU63
 333 0028 02B0     		add	sp, sp, #8
 334              	.LCFI7:
 335              		.cfi_def_cfa_offset 24
 336              		@ sp needed
 337 002a BDE81040 		pop	{r4, lr}
 338              	.LCFI8:
 339              		.cfi_restore 14
 340              		.cfi_restore 4
ARM GAS  C:\Users\ncer\AppData\Local\Temp\ccvHbymz.s 			page 9


 341              		.cfi_def_cfa_offset 16
 342 002e 04B0     		add	sp, sp, #16
 343              	.LCFI9:
 344              		.cfi_restore 3
 345              		.cfi_restore 2
 346              		.cfi_restore 1
 347              		.cfi_restore 0
 348              		.cfi_def_cfa_offset 0
 349 0030 7047     		bx	lr
 350              	.L28:
 351 0032 00BF     		.align	2
 352              	.L27:
 353 0034 00000000 		.word	uart_buffer
 354 0038 00000000 		.word	.LANCHOR1
 355              		.cfi_endproc
 356              	.LFE72:
 358              		.section	.text.uprintf,"ax",%progbits
 359              		.align	1
 360              		.global	uprintf
 361              		.syntax unified
 362              		.thumb
 363              		.thumb_func
 364              		.fpu softvfp
 366              	uprintf:
 367              	.LVL27:
 368              	.LFB73:
  92:mylib/uart_ext.c **** 
  93:mylib/uart_ext.c **** void uprintf(char *fmt, ...)
  94:mylib/uart_ext.c **** {
 369              		.loc 1 94 1 is_stmt 1 view -0
 370              		.cfi_startproc
 371              		@ args = 4, pretend = 16, frame = 8
 372              		@ frame_needed = 0, uses_anonymous_args = 1
 373              		.loc 1 94 1 is_stmt 0 view .LVU65
 374 0000 0FB4     		push	{r0, r1, r2, r3}
 375              	.LCFI10:
 376              		.cfi_def_cfa_offset 16
 377              		.cfi_offset 0, -16
 378              		.cfi_offset 1, -12
 379              		.cfi_offset 2, -8
 380              		.cfi_offset 3, -4
 381 0002 10B5     		push	{r4, lr}
 382              	.LCFI11:
 383              		.cfi_def_cfa_offset 24
 384              		.cfi_offset 4, -24
 385              		.cfi_offset 14, -20
 386 0004 82B0     		sub	sp, sp, #8
 387              	.LCFI12:
 388              		.cfi_def_cfa_offset 32
 389 0006 04AB     		add	r3, sp, #16
 390 0008 53F8042B 		ldr	r2, [r3], #4
  95:mylib/uart_ext.c ****   int size;
 391              		.loc 1 95 3 is_stmt 1 view .LVU66
  96:mylib/uart_ext.c ****   
  97:mylib/uart_ext.c ****   va_list arg_ptr;
 392              		.loc 1 97 3 view .LVU67
  98:mylib/uart_ext.c ****   
ARM GAS  C:\Users\ncer\AppData\Local\Temp\ccvHbymz.s 			page 10


  99:mylib/uart_ext.c ****   va_start(arg_ptr, fmt);  
 393              		.loc 1 99 3 view .LVU68
 394 000c 0193     		str	r3, [sp, #4]
 100:mylib/uart_ext.c ****   
 101:mylib/uart_ext.c ****   size=vsnprintf((char*)uart_buffer, 100 + 1, fmt, arg_ptr);
 395              		.loc 1 101 3 view .LVU69
 396              		.loc 1 101 8 is_stmt 0 view .LVU70
 397 000e 074C     		ldr	r4, .L31
 398 0010 6521     		movs	r1, #101
 399 0012 2046     		mov	r0, r4
 400 0014 FFF7FEFF 		bl	vsnprintf
 401              	.LVL28:
 102:mylib/uart_ext.c ****   va_end(arg_ptr);
 402              		.loc 1 102 3 is_stmt 1 view .LVU71
 103:mylib/uart_ext.c ****   UART_Send(uart_buffer,size);
 403              		.loc 1 103 3 view .LVU72
 404 0018 81B2     		uxth	r1, r0
 405 001a 2046     		mov	r0, r4
 406              	.LVL29:
 407              		.loc 1 103 3 is_stmt 0 view .LVU73
 408 001c FFF7FEFF 		bl	UART_Send
 409              	.LVL30:
 104:mylib/uart_ext.c **** }
 410              		.loc 1 104 1 view .LVU74
 411 0020 02B0     		add	sp, sp, #8
 412              	.LCFI13:
 413              		.cfi_def_cfa_offset 24
 414              		@ sp needed
 415 0022 BDE81040 		pop	{r4, lr}
 416              	.LCFI14:
 417              		.cfi_restore 14
 418              		.cfi_restore 4
 419              		.cfi_def_cfa_offset 16
 420 0026 04B0     		add	sp, sp, #16
 421              	.LCFI15:
 422              		.cfi_restore 3
 423              		.cfi_restore 2
 424              		.cfi_restore 1
 425              		.cfi_restore 0
 426              		.cfi_def_cfa_offset 0
 427 0028 7047     		bx	lr
 428              	.L32:
 429 002a 00BF     		.align	2
 430              	.L31:
 431 002c 00000000 		.word	uart_buffer
 432              		.cfi_endproc
 433              	.LFE73:
 435              		.section	.text.HAL_UART_RxCpltCallback,"ax",%progbits
 436              		.align	1
 437              		.global	HAL_UART_RxCpltCallback
 438              		.syntax unified
 439              		.thumb
 440              		.thumb_func
 441              		.fpu softvfp
 443              	HAL_UART_RxCpltCallback:
 444              	.LVL31:
 445              	.LFB74:
ARM GAS  C:\Users\ncer\AppData\Local\Temp\ccvHbymz.s 			page 11


 105:mylib/uart_ext.c **** 
 106:mylib/uart_ext.c **** #ifndef SPECIAL_LARGE_RECEIVE
 107:mylib/uart_ext.c **** void HAL_UART_RxCpltCallback(UART_HandleTypeDef *huart){
 446              		.loc 1 107 56 is_stmt 1 view -0
 447              		.cfi_startproc
 448              		@ args = 0, pretend = 0, frame = 0
 449              		@ frame_needed = 0, uses_anonymous_args = 0
 108:mylib/uart_ext.c ****   if(huart==debug_uart){
 450              		.loc 1 108 3 view .LVU76
 451              		.loc 1 108 11 is_stmt 0 view .LVU77
 452 0000 114B     		ldr	r3, .L42
 453 0002 1B68     		ldr	r3, [r3]
 454              		.loc 1 108 5 view .LVU78
 455 0004 8342     		cmp	r3, r0
 456 0006 00D0     		beq	.L40
 457 0008 7047     		bx	lr
 458              	.L40:
 107:mylib/uart_ext.c ****   if(huart==debug_uart){
 459              		.loc 1 107 56 view .LVU79
 460 000a 10B5     		push	{r4, lr}
 461              	.LCFI16:
 462              		.cfi_def_cfa_offset 8
 463              		.cfi_offset 4, -8
 464              		.cfi_offset 14, -4
 109:mylib/uart_ext.c ****     buffer_rx[buffer_rx_count]=buffer_rx_temp;
 465              		.loc 1 109 5 is_stmt 1 view .LVU80
 466              		.loc 1 109 14 is_stmt 0 view .LVU81
 467 000c 0F4B     		ldr	r3, .L42+4
 468 000e 1B68     		ldr	r3, [r3]
 469              		.loc 1 109 31 view .LVU82
 470 0010 0F4A     		ldr	r2, .L42+8
 471 0012 1178     		ldrb	r1, [r2]	@ zero_extendqisi2
 472 0014 0F4A     		ldr	r2, .L42+12
 473 0016 D154     		strb	r1, [r2, r3]
 110:mylib/uart_ext.c ****     if(buffer_rx[buffer_rx_count-1]=='\r'&&buffer_rx[buffer_rx_count]=='\n'){
 474              		.loc 1 110 5 is_stmt 1 view .LVU83
 475              		.loc 1 110 33 is_stmt 0 view .LVU84
 476 0018 5C1E     		subs	r4, r3, #1
 477              		.loc 1 110 17 view .LVU85
 478 001a 125D     		ldrb	r2, [r2, r4]	@ zero_extendqisi2
 479              		.loc 1 110 7 view .LVU86
 480 001c 0D2A     		cmp	r2, #13
 481 001e 01D1     		bne	.L35
 482              		.loc 1 110 42 discriminator 1 view .LVU87
 483 0020 0A29     		cmp	r1, #10
 484 0022 07D0     		beq	.L41
 485              	.L35:
 111:mylib/uart_ext.c ****       buffer_rx[buffer_rx_count-1]='\0';
 112:mylib/uart_ext.c ****       buffer_rx_OK=1;
 113:mylib/uart_ext.c ****       // call
 114:mylib/uart_ext.c ****       buffer_rx_count=0;
 115:mylib/uart_ext.c ****     }else{
 116:mylib/uart_ext.c ****       buffer_rx_count++;
 486              		.loc 1 116 7 is_stmt 1 view .LVU88
 487              		.loc 1 116 22 is_stmt 0 view .LVU89
 488 0024 0133     		adds	r3, r3, #1
 489 0026 094A     		ldr	r2, .L42+4
ARM GAS  C:\Users\ncer\AppData\Local\Temp\ccvHbymz.s 			page 12


 490 0028 1360     		str	r3, [r2]
 117:mylib/uart_ext.c ****       HAL_UART_Receive_IT(huart,&buffer_rx_temp,1);
 491              		.loc 1 117 7 is_stmt 1 view .LVU90
 492 002a 0122     		movs	r2, #1
 493 002c 0849     		ldr	r1, .L42+8
 494 002e FFF7FEFF 		bl	HAL_UART_Receive_IT
 495              	.LVL32:
 496              	.L33:
 118:mylib/uart_ext.c ****     }
 119:mylib/uart_ext.c ****   }
 120:mylib/uart_ext.c **** }
 497              		.loc 1 120 1 is_stmt 0 view .LVU91
 498 0032 10BD     		pop	{r4, pc}
 499              	.LVL33:
 500              	.L41:
 111:mylib/uart_ext.c ****       buffer_rx_OK=1;
 501              		.loc 1 111 7 is_stmt 1 view .LVU92
 111:mylib/uart_ext.c ****       buffer_rx_OK=1;
 502              		.loc 1 111 35 is_stmt 0 view .LVU93
 503 0034 0023     		movs	r3, #0
 504 0036 074A     		ldr	r2, .L42+12
 505 0038 1355     		strb	r3, [r2, r4]
 112:mylib/uart_ext.c ****       // call
 506              		.loc 1 112 7 is_stmt 1 view .LVU94
 112:mylib/uart_ext.c ****       // call
 507              		.loc 1 112 19 is_stmt 0 view .LVU95
 508 003a 074A     		ldr	r2, .L42+16
 509 003c 0121     		movs	r1, #1
 510 003e 1170     		strb	r1, [r2]
 114:mylib/uart_ext.c ****     }else{
 511              		.loc 1 114 7 is_stmt 1 view .LVU96
 114:mylib/uart_ext.c ****     }else{
 512              		.loc 1 114 22 is_stmt 0 view .LVU97
 513 0040 024A     		ldr	r2, .L42+4
 514 0042 1360     		str	r3, [r2]
 515 0044 F5E7     		b	.L33
 516              	.L43:
 517 0046 00BF     		.align	2
 518              	.L42:
 519 0048 00000000 		.word	.LANCHOR1
 520 004c 00000000 		.word	.LANCHOR4
 521 0050 00000000 		.word	buffer_rx_temp
 522 0054 00000000 		.word	buffer_rx
 523 0058 00000000 		.word	buffer_rx_OK
 524              		.cfi_endproc
 525              	.LFE74:
 527              		.section	.text.HAL_UART_IDLECallback,"ax",%progbits
 528              		.align	1
 529              		.global	HAL_UART_IDLECallback
 530              		.syntax unified
 531              		.thumb
 532              		.thumb_func
 533              		.fpu softvfp
 535              	HAL_UART_IDLECallback:
 536              	.LVL34:
 537              	.LFB75:
 121:mylib/uart_ext.c **** #endif
ARM GAS  C:\Users\ncer\AppData\Local\Temp\ccvHbymz.s 			page 13


 122:mylib/uart_ext.c **** 
 123:mylib/uart_ext.c **** void HAL_UART_IDLECallback(UART_HandleTypeDef *huart){
 538              		.loc 1 123 54 is_stmt 1 view -0
 539              		.cfi_startproc
 540              		@ args = 0, pretend = 0, frame = 8
 541              		@ frame_needed = 0, uses_anonymous_args = 0
 542              		.loc 1 123 54 is_stmt 0 view .LVU99
 543 0000 10B5     		push	{r4, lr}
 544              	.LCFI17:
 545              		.cfi_def_cfa_offset 8
 546              		.cfi_offset 4, -8
 547              		.cfi_offset 14, -4
 548 0002 82B0     		sub	sp, sp, #8
 549              	.LCFI18:
 550              		.cfi_def_cfa_offset 16
 551 0004 0446     		mov	r4, r0
 124:mylib/uart_ext.c ****    uint8_t temp=0;
 552              		.loc 1 124 4 is_stmt 1 view .LVU100
 553              	.LVL35:
 125:mylib/uart_ext.c ****   
 126:mylib/uart_ext.c ****   __HAL_UART_CLEAR_IDLEFLAG(huart);
 554              		.loc 1 126 3 view .LVU101
 555              	.LBB2:
 556              		.loc 1 126 3 view .LVU102
 557 0006 0023     		movs	r3, #0
 558 0008 0193     		str	r3, [sp, #4]
 559              		.loc 1 126 3 view .LVU103
 560 000a 0368     		ldr	r3, [r0]
 561 000c 1A68     		ldr	r2, [r3]
 562 000e 0192     		str	r2, [sp, #4]
 563              		.loc 1 126 3 view .LVU104
 564 0010 5B68     		ldr	r3, [r3, #4]
 565 0012 0193     		str	r3, [sp, #4]
 566              		.loc 1 126 3 view .LVU105
 567 0014 019B     		ldr	r3, [sp, #4]
 568              	.LBE2:
 569              		.loc 1 126 3 view .LVU106
 127:mylib/uart_ext.c ****   if(huart==debug_uart){
 570              		.loc 1 127 3 view .LVU107
 571              		.loc 1 127 11 is_stmt 0 view .LVU108
 572 0016 074B     		ldr	r3, .L48
 573 0018 1868     		ldr	r0, [r3]
 574              	.LVL36:
 575              		.loc 1 127 5 view .LVU109
 576 001a A042     		cmp	r0, r4
 577 001c 01D0     		beq	.L47
 578              	.LVL37:
 579              	.L44:
 128:mylib/uart_ext.c ****     HAL_UART_DMAStop(debug_uart);
 129:mylib/uart_ext.c ****     temp= huart->Instance->SR;
 130:mylib/uart_ext.c ****     temp= huart->Instance->DR;//ËØªÂá∫‰∏≤Âè£ÁöÑÊï∞ÊçÆÔºåÈò≤Ê≠¢Âú®ÂÖ≥Èó≠DMAÊúüÈó¥ÊúâÊï∞ÊçÆËøõÊù•ÔºåÈ
 131:mylib/uart_ext.c ****     temp++;  // Êó†Áî®ÔºåÂçïÁ∫Ø‰∏∫‰∫ÜÊ∂àÊéâwarning
 132:mylib/uart_ext.c ****     #ifdef SPECIAL_LARGE_RECEIVE
 133:mylib/uart_ext.c ****       UART_Large_Reveice();
 134:mylib/uart_ext.c ****       UART_Start_Receive();
 135:mylib/uart_ext.c ****     #else
 136:mylib/uart_ext.c ****       buffer_rx_OK=1;
ARM GAS  C:\Users\ncer\AppData\Local\Temp\ccvHbymz.s 			page 14


 137:mylib/uart_ext.c ****     #endif
 138:mylib/uart_ext.c ****   }
 139:mylib/uart_ext.c ****   
 140:mylib/uart_ext.c **** }
 580              		.loc 1 140 1 view .LVU110
 581 001e 02B0     		add	sp, sp, #8
 582              	.LCFI19:
 583              		.cfi_remember_state
 584              		.cfi_def_cfa_offset 8
 585              		@ sp needed
 586 0020 10BD     		pop	{r4, pc}
 587              	.LVL38:
 588              	.L47:
 589              	.LCFI20:
 590              		.cfi_restore_state
 128:mylib/uart_ext.c ****     HAL_UART_DMAStop(debug_uart);
 591              		.loc 1 128 5 is_stmt 1 view .LVU111
 592 0022 FFF7FEFF 		bl	HAL_UART_DMAStop
 593              	.LVL39:
 129:mylib/uart_ext.c ****     temp= huart->Instance->DR;//ËØªÂá∫‰∏≤Âè£ÁöÑÊï∞ÊçÆÔºåÈò≤Ê≠¢Âú®ÂÖ≥Èó≠DMAÊúüÈó¥ÊúâÊï∞ÊçÆËøõÊù•ÔºåÈ
 594              		.loc 1 129 5 view .LVU112
 129:mylib/uart_ext.c ****     temp= huart->Instance->DR;//ËØªÂá∫‰∏≤Âè£ÁöÑÊï∞ÊçÆÔºåÈò≤Ê≠¢Âú®ÂÖ≥Èó≠DMAÊúüÈó¥ÊúâÊï∞ÊçÆËøõÊù•ÔºåÈ
 595              		.loc 1 129 16 is_stmt 0 view .LVU113
 596 0026 2368     		ldr	r3, [r4]
 129:mylib/uart_ext.c ****     temp= huart->Instance->DR;//ËØªÂá∫‰∏≤Âè£ÁöÑÊï∞ÊçÆÔºåÈò≤Ê≠¢Âú®ÂÖ≥Èó≠DMAÊúüÈó¥ÊúâÊï∞ÊçÆËøõÊù•ÔºåÈ
 597              		.loc 1 129 26 view .LVU114
 598 0028 1A68     		ldr	r2, [r3]
 599              	.LVL40:
 130:mylib/uart_ext.c ****     temp++;  // Êó†Áî®ÔºåÂçïÁ∫Ø‰∏∫‰∫ÜÊ∂àÊéâwarning
 600              		.loc 1 130 5 is_stmt 1 view .LVU115
 130:mylib/uart_ext.c ****     temp++;  // Êó†Áî®ÔºåÂçïÁ∫Ø‰∏∫‰∫ÜÊ∂àÊéâwarning
 601              		.loc 1 130 26 is_stmt 0 view .LVU116
 602 002a 5B68     		ldr	r3, [r3, #4]
 131:mylib/uart_ext.c ****     #ifdef SPECIAL_LARGE_RECEIVE
 603              		.loc 1 131 5 is_stmt 1 view .LVU117
 136:mylib/uart_ext.c ****     #endif
 604              		.loc 1 136 7 view .LVU118
 136:mylib/uart_ext.c ****     #endif
 605              		.loc 1 136 19 is_stmt 0 view .LVU119
 606 002c 024B     		ldr	r3, .L48+4
 607 002e 0122     		movs	r2, #1
 608 0030 1A70     		strb	r2, [r3]
 609              		.loc 1 140 1 view .LVU120
 610 0032 F4E7     		b	.L44
 611              	.L49:
 612              		.align	2
 613              	.L48:
 614 0034 00000000 		.word	.LANCHOR1
 615 0038 00000000 		.word	buffer_rx_OK
 616              		.cfi_endproc
 617              	.LFE75:
 619              		.section	.text.UART_Command_Analize_And_Call,"ax",%progbits
 620              		.align	1
 621              		.global	UART_Command_Analize_And_Call
 622              		.syntax unified
 623              		.thumb
 624              		.thumb_func
ARM GAS  C:\Users\ncer\AppData\Local\Temp\ccvHbymz.s 			page 15


 625              		.fpu softvfp
 627              	UART_Command_Analize_And_Call:
 628              	.LFB76:
 141:mylib/uart_ext.c **** 
 142:mylib/uart_ext.c **** void UART_Command_Analize_And_Call(){
 629              		.loc 1 142 37 is_stmt 1 view -0
 630              		.cfi_startproc
 631              		@ args = 0, pretend = 0, frame = 0
 632              		@ frame_needed = 0, uses_anonymous_args = 0
 633 0000 08B5     		push	{r3, lr}
 634              	.LCFI21:
 635              		.cfi_def_cfa_offset 8
 636              		.cfi_offset 3, -8
 637              		.cfi_offset 14, -4
 143:mylib/uart_ext.c ****   analize(buffer_rx);
 638              		.loc 1 143 3 view .LVU122
 639 0002 0448     		ldr	r0, .L52
 640 0004 FFF7FEFF 		bl	analize
 641              	.LVL41:
 144:mylib/uart_ext.c ****   UART_Start_Receive();
 642              		.loc 1 144 3 view .LVU123
 643 0008 FFF7FEFF 		bl	UART_Start_Receive
 644              	.LVL42:
 145:mylib/uart_ext.c ****   buffer_rx_OK=0;
 645              		.loc 1 145 3 view .LVU124
 646              		.loc 1 145 15 is_stmt 0 view .LVU125
 647 000c 024B     		ldr	r3, .L52+4
 648 000e 0022     		movs	r2, #0
 649 0010 1A70     		strb	r2, [r3]
 146:mylib/uart_ext.c **** }
 650              		.loc 1 146 1 view .LVU126
 651 0012 08BD     		pop	{r3, pc}
 652              	.L53:
 653              		.align	2
 654              	.L52:
 655 0014 00000000 		.word	buffer_rx
 656 0018 00000000 		.word	buffer_rx_OK
 657              		.cfi_endproc
 658              	.LFE76:
 660              		.section	.text.UART_Large_Reveice,"ax",%progbits
 661              		.align	1
 662              		.weak	UART_Large_Reveice
 663              		.syntax unified
 664              		.thumb
 665              		.thumb_func
 666              		.fpu softvfp
 668              	UART_Large_Reveice:
 669              	.LFB77:
 147:mylib/uart_ext.c **** 
 148:mylib/uart_ext.c **** 
 149:mylib/uart_ext.c **** __weak void UART_Large_Reveice(){
 670              		.loc 1 149 33 is_stmt 1 view -0
 671              		.cfi_startproc
 672              		@ args = 0, pretend = 0, frame = 0
 673              		@ frame_needed = 0, uses_anonymous_args = 0
 674              		@ link register save eliminated.
 150:mylib/uart_ext.c **** 
ARM GAS  C:\Users\ncer\AppData\Local\Temp\ccvHbymz.s 			page 16


 151:mylib/uart_ext.c **** }...
 675              		.loc 1 151 1 view .LVU128
 676 0000 7047     		bx	lr
 677              		.cfi_endproc
 678              	.LFE77:
 680              		.global	s
 681              		.comm	buffer_rx_OK,1,1
 682              		.global	buffer_rx_count
 683              		.comm	buffer_rx,30,4
 684              		.comm	buffer_rx_temp,1,1
 685              		.comm	uart_buffer,101,4
 686              		.section	.bss.Tx_Mode,"aw",%nobits
 687              		.set	.LANCHOR0,. + 0
 690              	Tx_Mode:
 691 0000 00       		.space	1
 692              		.section	.bss.buffer_rx_count,"aw",%nobits
 693              		.align	2
 694              		.set	.LANCHOR4,. + 0
 697              	buffer_rx_count:
 698 0000 00000000 		.space	4
 699              		.section	.bss.debug_uart,"aw",%nobits
 700              		.align	2
 701              		.set	.LANCHOR1,. + 0
 704              	debug_uart:
 705 0000 00000000 		.space	4
 706              		.section	.data.Rx_Mode,"aw"
 707              		.set	.LANCHOR2,. + 0
 710              	Rx_Mode:
 711 0000 01       		.byte	1
 712              		.section	.data.s,"aw"
 713              		.align	2
 714              		.set	.LANCHOR3,. + 0
 717              	s:
 718 0000 62791006 		.ascii	"by\020\006\000"
 718      00
 719 0005 00000000 		.space	17
 719      00000000 
 719      00000000 
 719      00000000 
 719      00
 720              		.text
 721              	.Letext0:
 722              		.file 2 "c:\\arm_gcc\\arm-none-eabi\\include\\machine\\_default_types.h"
 723              		.file 3 "c:\\arm_gcc\\arm-none-eabi\\include\\sys\\_stdint.h"
 724              		.file 4 "Drivers/CMSIS/Include/core_cm3.h"
 725              		.file 5 "Drivers/CMSIS/Device/ST/STM32F1xx/Include/system_stm32f1xx.h"
 726              		.file 6 "Drivers/CMSIS/Device/ST/STM32F1xx/Include/stm32f103xb.h"
 727              		.file 7 "Drivers/STM32F1xx_HAL_Driver/Inc/stm32f1xx_hal_def.h"
 728              		.file 8 "Drivers/STM32F1xx_HAL_Driver/Inc/stm32f1xx_hal_dma.h"
 729              		.file 9 "Drivers/STM32F1xx_HAL_Driver/Inc/stm32f1xx_hal_uart.h"
 730              		.file 10 "Drivers/STM32F1xx_HAL_Driver/Inc/stm32f1xx_hal.h"
 731              		.file 11 "Inc/usart.h"
 732              		.file 12 "c:\\arm_gcc\\lib\\gcc\\arm-none-eabi\\9.2.1\\include\\stdarg.h"
 733              		.file 13 "c:\\arm_gcc\\arm-none-eabi\\include\\sys\\lock.h"
 734              		.file 14 "c:\\arm_gcc\\arm-none-eabi\\include\\sys\\_types.h"
 735              		.file 15 "c:\\arm_gcc\\lib\\gcc\\arm-none-eabi\\9.2.1\\include\\stddef.h"
 736              		.file 16 "c:\\arm_gcc\\arm-none-eabi\\include\\sys\\reent.h"
ARM GAS  C:\Users\ncer\AppData\Local\Temp\ccvHbymz.s 			page 17


 737              		.file 17 "c:\\arm_gcc\\arm-none-eabi\\include\\stdlib.h"
 738              		.file 18 "mylib/uart_ext.h"
 739              		.file 19 "mylib/command.h"
 740              		.file 20 "c:\\arm_gcc\\arm-none-eabi\\include\\stdio.h"
 741              		.file 21 "mylib/cmd_fun.h"
 742              		.file 22 "<built-in>"
ARM GAS  C:\Users\ncer\AppData\Local\Temp\ccvHbymz.s 			page 18


DEFINED SYMBOLS
                            *ABS*:00000000 uart_ext.c
C:\Users\ncer\AppData\Local\Temp\ccvHbymz.s:16     .text.UART_Send:00000000 $t
C:\Users\ncer\AppData\Local\Temp\ccvHbymz.s:23     .text.UART_Send:00000000 UART_Send
C:\Users\ncer\AppData\Local\Temp\ccvHbymz.s:97     .text.UART_Send:0000003c $d
C:\Users\ncer\AppData\Local\Temp\ccvHbymz.s:103    .text.UART_Start_Receive:00000000 $t
C:\Users\ncer\AppData\Local\Temp\ccvHbymz.s:110    .text.UART_Start_Receive:00000000 UART_Start_Receive
C:\Users\ncer\AppData\Local\Temp\ccvHbymz.s:162    .text.UART_Start_Receive:00000038 $d
                            *COM*:00000001 buffer_rx_temp
                            *COM*:0000001e buffer_rx
C:\Users\ncer\AppData\Local\Temp\ccvHbymz.s:170    .text.debug_uart_init:00000000 $t
C:\Users\ncer\AppData\Local\Temp\ccvHbymz.s:177    .text.debug_uart_init:00000000 debug_uart_init
C:\Users\ncer\AppData\Local\Temp\ccvHbymz.s:213    .text.debug_uart_init:00000018 $d
C:\Users\ncer\AppData\Local\Temp\ccvHbymz.s:220    .text.send_wave:00000000 $t
C:\Users\ncer\AppData\Local\Temp\ccvHbymz.s:227    .text.send_wave:00000000 send_wave
C:\Users\ncer\AppData\Local\Temp\ccvHbymz.s:273    .text.send_wave:00000020 $d
C:\Users\ncer\AppData\Local\Temp\ccvHbymz.s:278    .text.uprintf_polling:00000000 $t
C:\Users\ncer\AppData\Local\Temp\ccvHbymz.s:285    .text.uprintf_polling:00000000 uprintf_polling
C:\Users\ncer\AppData\Local\Temp\ccvHbymz.s:353    .text.uprintf_polling:00000034 $d
                            *COM*:00000065 uart_buffer
C:\Users\ncer\AppData\Local\Temp\ccvHbymz.s:359    .text.uprintf:00000000 $t
C:\Users\ncer\AppData\Local\Temp\ccvHbymz.s:366    .text.uprintf:00000000 uprintf
C:\Users\ncer\AppData\Local\Temp\ccvHbymz.s:431    .text.uprintf:0000002c $d
C:\Users\ncer\AppData\Local\Temp\ccvHbymz.s:436    .text.HAL_UART_RxCpltCallback:00000000 $t
C:\Users\ncer\AppData\Local\Temp\ccvHbymz.s:443    .text.HAL_UART_RxCpltCallback:00000000 HAL_UART_RxCpltCallback
C:\Users\ncer\AppData\Local\Temp\ccvHbymz.s:519    .text.HAL_UART_RxCpltCallback:00000048 $d
                            *COM*:00000001 buffer_rx_OK
C:\Users\ncer\AppData\Local\Temp\ccvHbymz.s:528    .text.HAL_UART_IDLECallback:00000000 $t
C:\Users\ncer\AppData\Local\Temp\ccvHbymz.s:535    .text.HAL_UART_IDLECallback:00000000 HAL_UART_IDLECallback
C:\Users\ncer\AppData\Local\Temp\ccvHbymz.s:614    .text.HAL_UART_IDLECallback:00000034 $d
C:\Users\ncer\AppData\Local\Temp\ccvHbymz.s:620    .text.UART_Command_Analize_And_Call:00000000 $t
C:\Users\ncer\AppData\Local\Temp\ccvHbymz.s:627    .text.UART_Command_Analize_And_Call:00000000 UART_Command_Analize_And_Call
C:\Users\ncer\AppData\Local\Temp\ccvHbymz.s:655    .text.UART_Command_Analize_And_Call:00000014 $d
C:\Users\ncer\AppData\Local\Temp\ccvHbymz.s:661    .text.UART_Large_Reveice:00000000 $t
C:\Users\ncer\AppData\Local\Temp\ccvHbymz.s:668    .text.UART_Large_Reveice:00000000 UART_Large_Reveice
C:\Users\ncer\AppData\Local\Temp\ccvHbymz.s:717    .data.s:00000000 s
C:\Users\ncer\AppData\Local\Temp\ccvHbymz.s:697    .bss.buffer_rx_count:00000000 buffer_rx_count
C:\Users\ncer\AppData\Local\Temp\ccvHbymz.s:690    .bss.Tx_Mode:00000000 Tx_Mode
C:\Users\ncer\AppData\Local\Temp\ccvHbymz.s:691    .bss.Tx_Mode:00000000 $d
C:\Users\ncer\AppData\Local\Temp\ccvHbymz.s:693    .bss.buffer_rx_count:00000000 $d
C:\Users\ncer\AppData\Local\Temp\ccvHbymz.s:700    .bss.debug_uart:00000000 $d
C:\Users\ncer\AppData\Local\Temp\ccvHbymz.s:704    .bss.debug_uart:00000000 debug_uart
C:\Users\ncer\AppData\Local\Temp\ccvHbymz.s:710    .data.Rx_Mode:00000000 Rx_Mode
C:\Users\ncer\AppData\Local\Temp\ccvHbymz.s:713    .data.s:00000000 $d

UNDEFINED SYMBOLS
HAL_UART_Transmit
HAL_UART_Transmit_IT
HAL_UART_Transmit_DMA
HAL_UART_Receive_IT
HAL_UART_Receive_DMA
command_init
vsnprintf
HAL_UART_DMAStop
analize
