ARM GAS  C:\Users\ncer\AppData\Local\Temp\ccSp1jnQ.s 			page 1


   1              		.cpu cortex-m3
   2              		.eabi_attribute 20, 1
   3              		.eabi_attribute 21, 1
   4              		.eabi_attribute 23, 3
   5              		.eabi_attribute 24, 1
   6              		.eabi_attribute 25, 1
   7              		.eabi_attribute 26, 1
   8              		.eabi_attribute 30, 1
   9              		.eabi_attribute 34, 1
  10              		.eabi_attribute 18, 4
  11              		.file	"usart.c"
  12              		.text
  13              	.Ltext0:
  14              		.cfi_sections	.debug_frame
  15              		.section	.text.MX_USART1_UART_Init,"ax",%progbits
  16              		.align	1
  17              		.global	MX_USART1_UART_Init
  18              		.arch armv7-m
  19              		.syntax unified
  20              		.thumb
  21              		.thumb_func
  22              		.fpu softvfp
  24              	MX_USART1_UART_Init:
  25              	.LFB65:
  26              		.file 1 "Src/usart.c"
   1:Src/usart.c   **** /**
   2:Src/usart.c   ****   ******************************************************************************
   3:Src/usart.c   ****   * File Name          : USART.c
   4:Src/usart.c   ****   * Description        : This file provides code for the configuration
   5:Src/usart.c   ****   *                      of the USART instances.
   6:Src/usart.c   ****   ******************************************************************************
   7:Src/usart.c   ****   * @attention
   8:Src/usart.c   ****   *
   9:Src/usart.c   ****   * <h2><center>&copy; Copyright (c) 2019 STMicroelectronics.
  10:Src/usart.c   ****   * All rights reserved.</center></h2>
  11:Src/usart.c   ****   *
  12:Src/usart.c   ****   * This software component is licensed by ST under BSD 3-Clause license,
  13:Src/usart.c   ****   * the "License"; You may not use this file except in compliance with the
  14:Src/usart.c   ****   * License. You may obtain a copy of the License at:
  15:Src/usart.c   ****   *                        opensource.org/licenses/BSD-3-Clause
  16:Src/usart.c   ****   *
  17:Src/usart.c   ****   ******************************************************************************
  18:Src/usart.c   ****   */
  19:Src/usart.c   **** 
  20:Src/usart.c   **** /* Includes ------------------------------------------------------------------*/
  21:Src/usart.c   **** #include "usart.h"
  22:Src/usart.c   **** 
  23:Src/usart.c   **** /* USER CODE BEGIN 0 */
  24:Src/usart.c   **** 
  25:Src/usart.c   **** /* USER CODE END 0 */
  26:Src/usart.c   **** 
  27:Src/usart.c   **** UART_HandleTypeDef huart1;
  28:Src/usart.c   **** DMA_HandleTypeDef hdma_usart1_rx;
  29:Src/usart.c   **** 
  30:Src/usart.c   **** /* USART1 init function */
  31:Src/usart.c   **** 
  32:Src/usart.c   **** void MX_USART1_UART_Init(void)
ARM GAS  C:\Users\ncer\AppData\Local\Temp\ccSp1jnQ.s 			page 2


  33:Src/usart.c   **** {
  27              		.loc 1 33 1 view -0
  28              		.cfi_startproc
  29              		@ args = 0, pretend = 0, frame = 0
  30              		@ frame_needed = 0, uses_anonymous_args = 0
  31 0000 08B5     		push	{r3, lr}
  32              	.LCFI0:
  33              		.cfi_def_cfa_offset 8
  34              		.cfi_offset 3, -8
  35              		.cfi_offset 14, -4
  34:Src/usart.c   **** 
  35:Src/usart.c   ****   huart1.Instance = USART1;
  36              		.loc 1 35 3 view .LVU1
  37              		.loc 1 35 19 is_stmt 0 view .LVU2
  38 0002 0A48     		ldr	r0, .L5
  39 0004 0A4B     		ldr	r3, .L5+4
  40 0006 0360     		str	r3, [r0]
  36:Src/usart.c   ****   huart1.Init.BaudRate = 115200;
  41              		.loc 1 36 3 is_stmt 1 view .LVU3
  42              		.loc 1 36 24 is_stmt 0 view .LVU4
  43 0008 4FF4E133 		mov	r3, #115200
  44 000c 4360     		str	r3, [r0, #4]
  37:Src/usart.c   ****   huart1.Init.WordLength = UART_WORDLENGTH_8B;
  45              		.loc 1 37 3 is_stmt 1 view .LVU5
  46              		.loc 1 37 26 is_stmt 0 view .LVU6
  47 000e 0023     		movs	r3, #0
  48 0010 8360     		str	r3, [r0, #8]
  38:Src/usart.c   ****   huart1.Init.StopBits = UART_STOPBITS_1;
  49              		.loc 1 38 3 is_stmt 1 view .LVU7
  50              		.loc 1 38 24 is_stmt 0 view .LVU8
  51 0012 C360     		str	r3, [r0, #12]
  39:Src/usart.c   ****   huart1.Init.Parity = UART_PARITY_NONE;
  52              		.loc 1 39 3 is_stmt 1 view .LVU9
  53              		.loc 1 39 22 is_stmt 0 view .LVU10
  54 0014 0361     		str	r3, [r0, #16]
  40:Src/usart.c   ****   huart1.Init.Mode = UART_MODE_TX_RX;
  55              		.loc 1 40 3 is_stmt 1 view .LVU11
  56              		.loc 1 40 20 is_stmt 0 view .LVU12
  57 0016 0C22     		movs	r2, #12
  58 0018 4261     		str	r2, [r0, #20]
  41:Src/usart.c   ****   huart1.Init.HwFlowCtl = UART_HWCONTROL_NONE;
  59              		.loc 1 41 3 is_stmt 1 view .LVU13
  60              		.loc 1 41 25 is_stmt 0 view .LVU14
  61 001a 8361     		str	r3, [r0, #24]
  42:Src/usart.c   ****   huart1.Init.OverSampling = UART_OVERSAMPLING_16;
  62              		.loc 1 42 3 is_stmt 1 view .LVU15
  63              		.loc 1 42 28 is_stmt 0 view .LVU16
  64 001c C361     		str	r3, [r0, #28]
  43:Src/usart.c   ****   if (HAL_UART_Init(&huart1) != HAL_OK)
  65              		.loc 1 43 3 is_stmt 1 view .LVU17
  66              		.loc 1 43 7 is_stmt 0 view .LVU18
  67 001e FFF7FEFF 		bl	HAL_UART_Init
  68              	.LVL0:
  69              		.loc 1 43 6 view .LVU19
  70 0022 00B9     		cbnz	r0, .L4
  71              	.L1:
  44:Src/usart.c   ****   {
ARM GAS  C:\Users\ncer\AppData\Local\Temp\ccSp1jnQ.s 			page 3


  45:Src/usart.c   ****     Error_Handler();
  46:Src/usart.c   ****   }
  47:Src/usart.c   **** 
  48:Src/usart.c   **** }
  72              		.loc 1 48 1 view .LVU20
  73 0024 08BD     		pop	{r3, pc}
  74              	.L4:
  45:Src/usart.c   ****   }
  75              		.loc 1 45 5 is_stmt 1 view .LVU21
  76 0026 FFF7FEFF 		bl	Error_Handler
  77              	.LVL1:
  78              		.loc 1 48 1 is_stmt 0 view .LVU22
  79 002a FBE7     		b	.L1
  80              	.L6:
  81              		.align	2
  82              	.L5:
  83 002c 00000000 		.word	huart1
  84 0030 00380140 		.word	1073821696
  85              		.cfi_endproc
  86              	.LFE65:
  88              		.section	.text.HAL_UART_MspInit,"ax",%progbits
  89              		.align	1
  90              		.global	HAL_UART_MspInit
  91              		.syntax unified
  92              		.thumb
  93              		.thumb_func
  94              		.fpu softvfp
  96              	HAL_UART_MspInit:
  97              	.LVL2:
  98              	.LFB66:
  49:Src/usart.c   **** 
  50:Src/usart.c   **** void HAL_UART_MspInit(UART_HandleTypeDef* uartHandle)
  51:Src/usart.c   **** {
  99              		.loc 1 51 1 is_stmt 1 view -0
 100              		.cfi_startproc
 101              		@ args = 0, pretend = 0, frame = 24
 102              		@ frame_needed = 0, uses_anonymous_args = 0
 103              		.loc 1 51 1 is_stmt 0 view .LVU24
 104 0000 70B5     		push	{r4, r5, r6, lr}
 105              	.LCFI1:
 106              		.cfi_def_cfa_offset 16
 107              		.cfi_offset 4, -16
 108              		.cfi_offset 5, -12
 109              		.cfi_offset 6, -8
 110              		.cfi_offset 14, -4
 111 0002 86B0     		sub	sp, sp, #24
 112              	.LCFI2:
 113              		.cfi_def_cfa_offset 40
  52:Src/usart.c   **** 
  53:Src/usart.c   ****   GPIO_InitTypeDef GPIO_InitStruct = {0};
 114              		.loc 1 53 3 is_stmt 1 view .LVU25
 115              		.loc 1 53 20 is_stmt 0 view .LVU26
 116 0004 0023     		movs	r3, #0
 117 0006 0293     		str	r3, [sp, #8]
 118 0008 0393     		str	r3, [sp, #12]
 119 000a 0493     		str	r3, [sp, #16]
 120 000c 0593     		str	r3, [sp, #20]
ARM GAS  C:\Users\ncer\AppData\Local\Temp\ccSp1jnQ.s 			page 4


  54:Src/usart.c   ****   if(uartHandle->Instance==USART1)
 121              		.loc 1 54 3 is_stmt 1 view .LVU27
 122              		.loc 1 54 16 is_stmt 0 view .LVU28
 123 000e 0268     		ldr	r2, [r0]
 124              		.loc 1 54 5 view .LVU29
 125 0010 264B     		ldr	r3, .L13
 126 0012 9A42     		cmp	r2, r3
 127 0014 01D0     		beq	.L11
 128              	.LVL3:
 129              	.L7:
  55:Src/usart.c   ****   {
  56:Src/usart.c   ****   /* USER CODE BEGIN USART1_MspInit 0 */
  57:Src/usart.c   **** 
  58:Src/usart.c   ****   /* USER CODE END USART1_MspInit 0 */
  59:Src/usart.c   ****     /* USART1 clock enable */
  60:Src/usart.c   ****     __HAL_RCC_USART1_CLK_ENABLE();
  61:Src/usart.c   ****   
  62:Src/usart.c   ****     __HAL_RCC_GPIOA_CLK_ENABLE();
  63:Src/usart.c   ****     /**USART1 GPIO Configuration    
  64:Src/usart.c   ****     PA9     ------> USART1_TX
  65:Src/usart.c   ****     PA10     ------> USART1_RX 
  66:Src/usart.c   ****     */
  67:Src/usart.c   ****     GPIO_InitStruct.Pin = GPIO_PIN_9;
  68:Src/usart.c   ****     GPIO_InitStruct.Mode = GPIO_MODE_AF_PP;
  69:Src/usart.c   ****     GPIO_InitStruct.Speed = GPIO_SPEED_FREQ_HIGH;
  70:Src/usart.c   ****     HAL_GPIO_Init(GPIOA, &GPIO_InitStruct);
  71:Src/usart.c   **** 
  72:Src/usart.c   ****     GPIO_InitStruct.Pin = GPIO_PIN_10;
  73:Src/usart.c   ****     GPIO_InitStruct.Mode = GPIO_MODE_INPUT;
  74:Src/usart.c   ****     GPIO_InitStruct.Pull = GPIO_NOPULL;
  75:Src/usart.c   ****     HAL_GPIO_Init(GPIOA, &GPIO_InitStruct);
  76:Src/usart.c   **** 
  77:Src/usart.c   ****     /* USART1 DMA Init */
  78:Src/usart.c   ****     /* USART1_RX Init */
  79:Src/usart.c   ****     hdma_usart1_rx.Instance = DMA1_Channel5;
  80:Src/usart.c   ****     hdma_usart1_rx.Init.Direction = DMA_PERIPH_TO_MEMORY;
  81:Src/usart.c   ****     hdma_usart1_rx.Init.PeriphInc = DMA_PINC_DISABLE;
  82:Src/usart.c   ****     hdma_usart1_rx.Init.MemInc = DMA_MINC_ENABLE;
  83:Src/usart.c   ****     hdma_usart1_rx.Init.PeriphDataAlignment = DMA_PDATAALIGN_BYTE;
  84:Src/usart.c   ****     hdma_usart1_rx.Init.MemDataAlignment = DMA_MDATAALIGN_BYTE;
  85:Src/usart.c   ****     hdma_usart1_rx.Init.Mode = DMA_NORMAL;
  86:Src/usart.c   ****     hdma_usart1_rx.Init.Priority = DMA_PRIORITY_LOW;
  87:Src/usart.c   ****     if (HAL_DMA_Init(&hdma_usart1_rx) != HAL_OK)
  88:Src/usart.c   ****     {
  89:Src/usart.c   ****       Error_Handler();
  90:Src/usart.c   ****     }
  91:Src/usart.c   **** 
  92:Src/usart.c   ****     __HAL_LINKDMA(uartHandle,hdmarx,hdma_usart1_rx);
  93:Src/usart.c   **** 
  94:Src/usart.c   ****     /* USART1 interrupt Init */
  95:Src/usart.c   ****     HAL_NVIC_SetPriority(USART1_IRQn, 0, 0);
  96:Src/usart.c   ****     HAL_NVIC_EnableIRQ(USART1_IRQn);
  97:Src/usart.c   ****   /* USER CODE BEGIN USART1_MspInit 1 */
  98:Src/usart.c   **** 
  99:Src/usart.c   ****   /* USER CODE END USART1_MspInit 1 */
 100:Src/usart.c   ****   }
 101:Src/usart.c   **** }
ARM GAS  C:\Users\ncer\AppData\Local\Temp\ccSp1jnQ.s 			page 5


 130              		.loc 1 101 1 view .LVU30
 131 0016 06B0     		add	sp, sp, #24
 132              	.LCFI3:
 133              		.cfi_remember_state
 134              		.cfi_def_cfa_offset 16
 135              		@ sp needed
 136 0018 70BD     		pop	{r4, r5, r6, pc}
 137              	.LVL4:
 138              	.L11:
 139              	.LCFI4:
 140              		.cfi_restore_state
 141              		.loc 1 101 1 view .LVU31
 142 001a 0446     		mov	r4, r0
  60:Src/usart.c   ****   
 143              		.loc 1 60 5 is_stmt 1 view .LVU32
 144              	.LBB2:
  60:Src/usart.c   ****   
 145              		.loc 1 60 5 view .LVU33
  60:Src/usart.c   ****   
 146              		.loc 1 60 5 view .LVU34
 147 001c 03F55843 		add	r3, r3, #55296
 148 0020 9A69     		ldr	r2, [r3, #24]
 149 0022 42F48042 		orr	r2, r2, #16384
 150 0026 9A61     		str	r2, [r3, #24]
  60:Src/usart.c   ****   
 151              		.loc 1 60 5 view .LVU35
 152 0028 9A69     		ldr	r2, [r3, #24]
 153 002a 02F48042 		and	r2, r2, #16384
 154 002e 0092     		str	r2, [sp]
  60:Src/usart.c   ****   
 155              		.loc 1 60 5 view .LVU36
 156 0030 009A     		ldr	r2, [sp]
 157              	.LBE2:
  60:Src/usart.c   ****   
 158              		.loc 1 60 5 view .LVU37
  62:Src/usart.c   ****     /**USART1 GPIO Configuration    
 159              		.loc 1 62 5 view .LVU38
 160              	.LBB3:
  62:Src/usart.c   ****     /**USART1 GPIO Configuration    
 161              		.loc 1 62 5 view .LVU39
  62:Src/usart.c   ****     /**USART1 GPIO Configuration    
 162              		.loc 1 62 5 view .LVU40
 163 0032 9A69     		ldr	r2, [r3, #24]
 164 0034 42F00402 		orr	r2, r2, #4
 165 0038 9A61     		str	r2, [r3, #24]
  62:Src/usart.c   ****     /**USART1 GPIO Configuration    
 166              		.loc 1 62 5 view .LVU41
 167 003a 9B69     		ldr	r3, [r3, #24]
 168 003c 03F00403 		and	r3, r3, #4
 169 0040 0193     		str	r3, [sp, #4]
  62:Src/usart.c   ****     /**USART1 GPIO Configuration    
 170              		.loc 1 62 5 view .LVU42
 171 0042 019B     		ldr	r3, [sp, #4]
 172              	.LBE3:
  62:Src/usart.c   ****     /**USART1 GPIO Configuration    
 173              		.loc 1 62 5 view .LVU43
  67:Src/usart.c   ****     GPIO_InitStruct.Mode = GPIO_MODE_AF_PP;
ARM GAS  C:\Users\ncer\AppData\Local\Temp\ccSp1jnQ.s 			page 6


 174              		.loc 1 67 5 view .LVU44
  67:Src/usart.c   ****     GPIO_InitStruct.Mode = GPIO_MODE_AF_PP;
 175              		.loc 1 67 25 is_stmt 0 view .LVU45
 176 0044 4FF40073 		mov	r3, #512
 177 0048 0293     		str	r3, [sp, #8]
  68:Src/usart.c   ****     GPIO_InitStruct.Speed = GPIO_SPEED_FREQ_HIGH;
 178              		.loc 1 68 5 is_stmt 1 view .LVU46
  68:Src/usart.c   ****     GPIO_InitStruct.Speed = GPIO_SPEED_FREQ_HIGH;
 179              		.loc 1 68 26 is_stmt 0 view .LVU47
 180 004a 0223     		movs	r3, #2
 181 004c 0393     		str	r3, [sp, #12]
  69:Src/usart.c   ****     HAL_GPIO_Init(GPIOA, &GPIO_InitStruct);
 182              		.loc 1 69 5 is_stmt 1 view .LVU48
  69:Src/usart.c   ****     HAL_GPIO_Init(GPIOA, &GPIO_InitStruct);
 183              		.loc 1 69 27 is_stmt 0 view .LVU49
 184 004e 0323     		movs	r3, #3
 185 0050 0593     		str	r3, [sp, #20]
  70:Src/usart.c   **** 
 186              		.loc 1 70 5 is_stmt 1 view .LVU50
 187 0052 174E     		ldr	r6, .L13+4
 188 0054 02A9     		add	r1, sp, #8
 189 0056 3046     		mov	r0, r6
 190              	.LVL5:
  70:Src/usart.c   **** 
 191              		.loc 1 70 5 is_stmt 0 view .LVU51
 192 0058 FFF7FEFF 		bl	HAL_GPIO_Init
 193              	.LVL6:
  72:Src/usart.c   ****     GPIO_InitStruct.Mode = GPIO_MODE_INPUT;
 194              		.loc 1 72 5 is_stmt 1 view .LVU52
  72:Src/usart.c   ****     GPIO_InitStruct.Mode = GPIO_MODE_INPUT;
 195              		.loc 1 72 25 is_stmt 0 view .LVU53
 196 005c 4FF48063 		mov	r3, #1024
 197 0060 0293     		str	r3, [sp, #8]
  73:Src/usart.c   ****     GPIO_InitStruct.Pull = GPIO_NOPULL;
 198              		.loc 1 73 5 is_stmt 1 view .LVU54
  73:Src/usart.c   ****     GPIO_InitStruct.Pull = GPIO_NOPULL;
 199              		.loc 1 73 26 is_stmt 0 view .LVU55
 200 0062 0025     		movs	r5, #0
 201 0064 0395     		str	r5, [sp, #12]
  74:Src/usart.c   ****     HAL_GPIO_Init(GPIOA, &GPIO_InitStruct);
 202              		.loc 1 74 5 is_stmt 1 view .LVU56
  74:Src/usart.c   ****     HAL_GPIO_Init(GPIOA, &GPIO_InitStruct);
 203              		.loc 1 74 26 is_stmt 0 view .LVU57
 204 0066 0495     		str	r5, [sp, #16]
  75:Src/usart.c   **** 
 205              		.loc 1 75 5 is_stmt 1 view .LVU58
 206 0068 02A9     		add	r1, sp, #8
 207 006a 3046     		mov	r0, r6
 208 006c FFF7FEFF 		bl	HAL_GPIO_Init
 209              	.LVL7:
  79:Src/usart.c   ****     hdma_usart1_rx.Init.Direction = DMA_PERIPH_TO_MEMORY;
 210              		.loc 1 79 5 view .LVU59
  79:Src/usart.c   ****     hdma_usart1_rx.Init.Direction = DMA_PERIPH_TO_MEMORY;
 211              		.loc 1 79 29 is_stmt 0 view .LVU60
 212 0070 1048     		ldr	r0, .L13+8
 213 0072 114B     		ldr	r3, .L13+12
 214 0074 0360     		str	r3, [r0]
ARM GAS  C:\Users\ncer\AppData\Local\Temp\ccSp1jnQ.s 			page 7


  80:Src/usart.c   ****     hdma_usart1_rx.Init.PeriphInc = DMA_PINC_DISABLE;
 215              		.loc 1 80 5 is_stmt 1 view .LVU61
  80:Src/usart.c   ****     hdma_usart1_rx.Init.PeriphInc = DMA_PINC_DISABLE;
 216              		.loc 1 80 35 is_stmt 0 view .LVU62
 217 0076 4560     		str	r5, [r0, #4]
  81:Src/usart.c   ****     hdma_usart1_rx.Init.MemInc = DMA_MINC_ENABLE;
 218              		.loc 1 81 5 is_stmt 1 view .LVU63
  81:Src/usart.c   ****     hdma_usart1_rx.Init.MemInc = DMA_MINC_ENABLE;
 219              		.loc 1 81 35 is_stmt 0 view .LVU64
 220 0078 8560     		str	r5, [r0, #8]
  82:Src/usart.c   ****     hdma_usart1_rx.Init.PeriphDataAlignment = DMA_PDATAALIGN_BYTE;
 221              		.loc 1 82 5 is_stmt 1 view .LVU65
  82:Src/usart.c   ****     hdma_usart1_rx.Init.PeriphDataAlignment = DMA_PDATAALIGN_BYTE;
 222              		.loc 1 82 32 is_stmt 0 view .LVU66
 223 007a 8023     		movs	r3, #128
 224 007c C360     		str	r3, [r0, #12]
  83:Src/usart.c   ****     hdma_usart1_rx.Init.MemDataAlignment = DMA_MDATAALIGN_BYTE;
 225              		.loc 1 83 5 is_stmt 1 view .LVU67
  83:Src/usart.c   ****     hdma_usart1_rx.Init.MemDataAlignment = DMA_MDATAALIGN_BYTE;
 226              		.loc 1 83 45 is_stmt 0 view .LVU68
 227 007e 0561     		str	r5, [r0, #16]
  84:Src/usart.c   ****     hdma_usart1_rx.Init.Mode = DMA_NORMAL;
 228              		.loc 1 84 5 is_stmt 1 view .LVU69
  84:Src/usart.c   ****     hdma_usart1_rx.Init.Mode = DMA_NORMAL;
 229              		.loc 1 84 42 is_stmt 0 view .LVU70
 230 0080 4561     		str	r5, [r0, #20]
  85:Src/usart.c   ****     hdma_usart1_rx.Init.Priority = DMA_PRIORITY_LOW;
 231              		.loc 1 85 5 is_stmt 1 view .LVU71
  85:Src/usart.c   ****     hdma_usart1_rx.Init.Priority = DMA_PRIORITY_LOW;
 232              		.loc 1 85 30 is_stmt 0 view .LVU72
 233 0082 8561     		str	r5, [r0, #24]
  86:Src/usart.c   ****     if (HAL_DMA_Init(&hdma_usart1_rx) != HAL_OK)
 234              		.loc 1 86 5 is_stmt 1 view .LVU73
  86:Src/usart.c   ****     if (HAL_DMA_Init(&hdma_usart1_rx) != HAL_OK)
 235              		.loc 1 86 34 is_stmt 0 view .LVU74
 236 0084 C561     		str	r5, [r0, #28]
  87:Src/usart.c   ****     {
 237              		.loc 1 87 5 is_stmt 1 view .LVU75
  87:Src/usart.c   ****     {
 238              		.loc 1 87 9 is_stmt 0 view .LVU76
 239 0086 FFF7FEFF 		bl	HAL_DMA_Init
 240              	.LVL8:
  87:Src/usart.c   ****     {
 241              		.loc 1 87 8 view .LVU77
 242 008a 58B9     		cbnz	r0, .L12
 243              	.L9:
  92:Src/usart.c   **** 
 244              		.loc 1 92 5 is_stmt 1 view .LVU78
  92:Src/usart.c   **** 
 245              		.loc 1 92 5 view .LVU79
 246 008c 094B     		ldr	r3, .L13+8
 247 008e 6363     		str	r3, [r4, #52]
  92:Src/usart.c   **** 
 248              		.loc 1 92 5 view .LVU80
 249 0090 5C62     		str	r4, [r3, #36]
  92:Src/usart.c   **** 
 250              		.loc 1 92 5 view .LVU81
ARM GAS  C:\Users\ncer\AppData\Local\Temp\ccSp1jnQ.s 			page 8


  95:Src/usart.c   ****     HAL_NVIC_EnableIRQ(USART1_IRQn);
 251              		.loc 1 95 5 view .LVU82
 252 0092 0022     		movs	r2, #0
 253 0094 1146     		mov	r1, r2
 254 0096 2520     		movs	r0, #37
 255 0098 FFF7FEFF 		bl	HAL_NVIC_SetPriority
 256              	.LVL9:
  96:Src/usart.c   ****   /* USER CODE BEGIN USART1_MspInit 1 */
 257              		.loc 1 96 5 view .LVU83
 258 009c 2520     		movs	r0, #37
 259 009e FFF7FEFF 		bl	HAL_NVIC_EnableIRQ
 260              	.LVL10:
 261              		.loc 1 101 1 is_stmt 0 view .LVU84
 262 00a2 B8E7     		b	.L7
 263              	.L12:
  89:Src/usart.c   ****     }
 264              		.loc 1 89 7 is_stmt 1 view .LVU85
 265 00a4 FFF7FEFF 		bl	Error_Handler
 266              	.LVL11:
 267 00a8 F0E7     		b	.L9
 268              	.L14:
 269 00aa 00BF     		.align	2
 270              	.L13:
 271 00ac 00380140 		.word	1073821696
 272 00b0 00080140 		.word	1073809408
 273 00b4 00000000 		.word	hdma_usart1_rx
 274 00b8 58000240 		.word	1073872984
 275              		.cfi_endproc
 276              	.LFE66:
 278              		.section	.text.HAL_UART_MspDeInit,"ax",%progbits
 279              		.align	1
 280              		.global	HAL_UART_MspDeInit
 281              		.syntax unified
 282              		.thumb
 283              		.thumb_func
 284              		.fpu softvfp
 286              	HAL_UART_MspDeInit:
 287              	.LVL12:
 288              	.LFB67:
 102:Src/usart.c   **** 
 103:Src/usart.c   **** void HAL_UART_MspDeInit(UART_HandleTypeDef* uartHandle)
 104:Src/usart.c   **** {
 289              		.loc 1 104 1 view -0
 290              		.cfi_startproc
 291              		@ args = 0, pretend = 0, frame = 0
 292              		@ frame_needed = 0, uses_anonymous_args = 0
 105:Src/usart.c   **** 
 106:Src/usart.c   ****   if(uartHandle->Instance==USART1)
 293              		.loc 1 106 3 view .LVU87
 294              		.loc 1 106 16 is_stmt 0 view .LVU88
 295 0000 0268     		ldr	r2, [r0]
 296              		.loc 1 106 5 view .LVU89
 297 0002 0B4B     		ldr	r3, .L22
 298 0004 9A42     		cmp	r2, r3
 299 0006 00D0     		beq	.L21
 300 0008 7047     		bx	lr
 301              	.L21:
ARM GAS  C:\Users\ncer\AppData\Local\Temp\ccSp1jnQ.s 			page 9


 104:Src/usart.c   **** 
 302              		.loc 1 104 1 view .LVU90
 303 000a 10B5     		push	{r4, lr}
 304              	.LCFI5:
 305              		.cfi_def_cfa_offset 8
 306              		.cfi_offset 4, -8
 307              		.cfi_offset 14, -4
 308 000c 0446     		mov	r4, r0
 107:Src/usart.c   ****   {
 108:Src/usart.c   ****   /* USER CODE BEGIN USART1_MspDeInit 0 */
 109:Src/usart.c   **** 
 110:Src/usart.c   ****   /* USER CODE END USART1_MspDeInit 0 */
 111:Src/usart.c   ****     /* Peripheral clock disable */
 112:Src/usart.c   ****     __HAL_RCC_USART1_CLK_DISABLE();
 309              		.loc 1 112 5 is_stmt 1 view .LVU91
 310 000e 094A     		ldr	r2, .L22+4
 311 0010 9369     		ldr	r3, [r2, #24]
 312 0012 23F48043 		bic	r3, r3, #16384
 313 0016 9361     		str	r3, [r2, #24]
 113:Src/usart.c   ****   
 114:Src/usart.c   ****     /**USART1 GPIO Configuration    
 115:Src/usart.c   ****     PA9     ------> USART1_TX
 116:Src/usart.c   ****     PA10     ------> USART1_RX 
 117:Src/usart.c   ****     */
 118:Src/usart.c   ****     HAL_GPIO_DeInit(GPIOA, GPIO_PIN_9|GPIO_PIN_10);
 314              		.loc 1 118 5 view .LVU92
 315 0018 4FF4C061 		mov	r1, #1536
 316 001c 0648     		ldr	r0, .L22+8
 317              	.LVL13:
 318              		.loc 1 118 5 is_stmt 0 view .LVU93
 319 001e FFF7FEFF 		bl	HAL_GPIO_DeInit
 320              	.LVL14:
 119:Src/usart.c   **** 
 120:Src/usart.c   ****     /* USART1 DMA DeInit */
 121:Src/usart.c   ****     HAL_DMA_DeInit(uartHandle->hdmarx);
 321              		.loc 1 121 5 is_stmt 1 view .LVU94
 322 0022 606B     		ldr	r0, [r4, #52]
 323 0024 FFF7FEFF 		bl	HAL_DMA_DeInit
 324              	.LVL15:
 122:Src/usart.c   **** 
 123:Src/usart.c   ****     /* USART1 interrupt Deinit */
 124:Src/usart.c   ****     HAL_NVIC_DisableIRQ(USART1_IRQn);
 325              		.loc 1 124 5 view .LVU95
 326 0028 2520     		movs	r0, #37
 327 002a FFF7FEFF 		bl	HAL_NVIC_DisableIRQ
 328              	.LVL16:
 125:Src/usart.c   ****   /* USER CODE BEGIN USART1_MspDeInit 1 */
 126:Src/usart.c   **** 
 127:Src/usart.c   ****   /* USER CODE END USART1_MspDeInit 1 */
 128:Src/usart.c   ****   }
 129:Src/usart.c   **** } 
 329              		.loc 1 129 1 is_stmt 0 view .LVU96
 330 002e 10BD     		pop	{r4, pc}
 331              	.LVL17:
 332              	.L23:
 333              		.loc 1 129 1 view .LVU97
 334              		.align	2
ARM GAS  C:\Users\ncer\AppData\Local\Temp\ccSp1jnQ.s 			page 10


 335              	.L22:
 336 0030 00380140 		.word	1073821696
 337 0034 00100240 		.word	1073876992
 338 0038 00080140 		.word	1073809408
 339              		.cfi_endproc
 340              	.LFE67:
 342              		.comm	hdma_usart1_rx,68,4
 343              		.comm	huart1,64,4
 344              		.text
 345              	.Letext0:
 346              		.file 2 "c:\\arm_gcc\\arm-none-eabi\\include\\machine\\_default_types.h"
 347              		.file 3 "c:\\arm_gcc\\arm-none-eabi\\include\\sys\\_stdint.h"
 348              		.file 4 "Drivers/CMSIS/Include/core_cm3.h"
 349              		.file 5 "Drivers/CMSIS/Device/ST/STM32F1xx/Include/system_stm32f1xx.h"
 350              		.file 6 "Drivers/CMSIS/Device/ST/STM32F1xx/Include/stm32f103xb.h"
 351              		.file 7 "Drivers/STM32F1xx_HAL_Driver/Inc/stm32f1xx_hal_def.h"
 352              		.file 8 "Drivers/STM32F1xx_HAL_Driver/Inc/stm32f1xx_hal_gpio.h"
 353              		.file 9 "Drivers/STM32F1xx_HAL_Driver/Inc/stm32f1xx_hal_dma.h"
 354              		.file 10 "Drivers/STM32F1xx_HAL_Driver/Inc/stm32f1xx_hal_uart.h"
 355              		.file 11 "Drivers/STM32F1xx_HAL_Driver/Inc/stm32f1xx_hal.h"
 356              		.file 12 "Inc/usart.h"
 357              		.file 13 "Drivers/STM32F1xx_HAL_Driver/Inc/stm32f1xx_hal_cortex.h"
 358              		.file 14 "Inc/main.h"
ARM GAS  C:\Users\ncer\AppData\Local\Temp\ccSp1jnQ.s 			page 11


DEFINED SYMBOLS
                            *ABS*:00000000 usart.c
C:\Users\ncer\AppData\Local\Temp\ccSp1jnQ.s:16     .text.MX_USART1_UART_Init:00000000 $t
C:\Users\ncer\AppData\Local\Temp\ccSp1jnQ.s:24     .text.MX_USART1_UART_Init:00000000 MX_USART1_UART_Init
C:\Users\ncer\AppData\Local\Temp\ccSp1jnQ.s:83     .text.MX_USART1_UART_Init:0000002c $d
                            *COM*:00000040 huart1
C:\Users\ncer\AppData\Local\Temp\ccSp1jnQ.s:89     .text.HAL_UART_MspInit:00000000 $t
C:\Users\ncer\AppData\Local\Temp\ccSp1jnQ.s:96     .text.HAL_UART_MspInit:00000000 HAL_UART_MspInit
C:\Users\ncer\AppData\Local\Temp\ccSp1jnQ.s:271    .text.HAL_UART_MspInit:000000ac $d
                            *COM*:00000044 hdma_usart1_rx
C:\Users\ncer\AppData\Local\Temp\ccSp1jnQ.s:279    .text.HAL_UART_MspDeInit:00000000 $t
C:\Users\ncer\AppData\Local\Temp\ccSp1jnQ.s:286    .text.HAL_UART_MspDeInit:00000000 HAL_UART_MspDeInit
C:\Users\ncer\AppData\Local\Temp\ccSp1jnQ.s:336    .text.HAL_UART_MspDeInit:00000030 $d

UNDEFINED SYMBOLS
HAL_UART_Init
Error_Handler
HAL_GPIO_Init
HAL_DMA_Init
HAL_NVIC_SetPriority
HAL_NVIC_EnableIRQ
HAL_GPIO_DeInit
HAL_DMA_DeInit
HAL_NVIC_DisableIRQ
